Using pre-set license
Built from '2022.3/staging' branch; Version is '2022.3.13f1 (5f90a5ebde0f) revision 6262949'; Using compiler version '192829333'; Build Type 'Release'
OS: 'Windows 11  (10.0.22631) 64bit Core' Language: 'hu' Physical Memory: 3454 MB
BatchMode: 1, IsHumanControllingUs: 0, StartBugReporterOnCrash: 0, Is64bit: 1, IsPro: 1

COMMAND LINE ARGUMENTS:
C:\Program Files\Unity\Hub\Editor\2022.3.13f1\Editor\Unity.exe
-adb2
-batchMode
-noUpm
-name
AssetImportWorker1
-projectPath
C:/Users/szojk/Documents/BME 6.félév (erasmus)/oulu/Product development/unity/test_game
-logFile
Logs/AssetImportWorker1.log
-srvPort
51290
Successfully changed project path to: C:/Users/szojk/Documents/BME 6.félév (erasmus)/oulu/Product development/unity/test_game
C:/Users/szojk/Documents/BME 6.félév (erasmus)/oulu/Product development/unity/test_game
[UnityMemory] Configuration Parameters - Can be set up in boot.config
    "memorysetup-bucket-allocator-granularity=16"
    "memorysetup-bucket-allocator-bucket-count=8"
    "memorysetup-bucket-allocator-block-size=33554432"
    "memorysetup-bucket-allocator-block-count=8"
    "memorysetup-main-allocator-block-size=16777216"
    "memorysetup-thread-allocator-block-size=16777216"
    "memorysetup-gfx-main-allocator-block-size=16777216"
    "memorysetup-gfx-thread-allocator-block-size=16777216"
    "memorysetup-cache-allocator-block-size=4194304"
    "memorysetup-typetree-allocator-block-size=2097152"
    "memorysetup-profiler-bucket-allocator-granularity=16"
    "memorysetup-profiler-bucket-allocator-bucket-count=8"
    "memorysetup-profiler-bucket-allocator-block-size=33554432"
    "memorysetup-profiler-bucket-allocator-block-count=8"
    "memorysetup-profiler-allocator-block-size=16777216"
    "memorysetup-profiler-editor-allocator-block-size=1048576"
    "memorysetup-temp-allocator-size-main=16777216"
    "memorysetup-job-temp-allocator-block-size=2097152"
    "memorysetup-job-temp-allocator-block-size-background=1048576"
    "memorysetup-job-temp-allocator-reduction-small-platforms=262144"
    "memorysetup-allocator-temp-initial-block-size-main=262144"
    "memorysetup-allocator-temp-initial-block-size-worker=262144"
    "memorysetup-temp-allocator-size-background-worker=32768"
    "memorysetup-temp-allocator-size-job-worker=262144"
    "memorysetup-temp-allocator-size-preload-manager=33554432"
    "memorysetup-temp-allocator-size-nav-mesh-worker=65536"
    "memorysetup-temp-allocator-size-audio-worker=65536"
    "memorysetup-temp-allocator-size-cloud-worker=32768"
    "memorysetup-temp-allocator-size-gi-baking-worker=262144"
    "memorysetup-temp-allocator-size-gfx=262144"
Unable to join player connection multicast group (err: 0).
Unable to join player connection alternative multicast group (err: 0).
[Physics::Module] Initialized MultithreadedJobDispatcher with 3 workers.
Refreshing native plugins compatible for Editor in 50.10 ms, found 3 plugins.
Preloading 0 native plugins for Editor in 0.00 ms.
Initialize engine version: 2022.3.13f1 (5f90a5ebde0f)
[Subsystems] Discovering subsystems at path C:/Program Files/Unity/Hub/Editor/2022.3.13f1/Editor/Data/Resources/UnitySubsystems
[Subsystems] Discovering subsystems at path C:/Users/szojk/Documents/BME 6.félév (erasmus)/oulu/Product development/unity/test_game/Assets
GfxDevice: creating device client; threaded=0; jobified=0
Direct3D:
    Version:  Direct3D 11.0 [level 11.1]
    Renderer: AMD Radeon(TM) Graphics (ID=0x1636)
    Vendor:   ATI
    VRAM:     1727 MB
    Driver:   31.0.12044.24003
Initialize mono
Mono path[0] = 'C:/Program Files/Unity/Hub/Editor/2022.3.13f1/Editor/Data/Managed'
Mono path[1] = 'C:/Program Files/Unity/Hub/Editor/2022.3.13f1/Editor/Data/MonoBleedingEdge/lib/mono/unityjit-win32'
Mono config path = 'C:/Program Files/Unity/Hub/Editor/2022.3.13f1/Editor/Data/MonoBleedingEdge/etc'
Using monoOptions --debugger-agent=transport=dt_socket,embedding=1,server=y,suspend=n,address=127.0.0.1:56456
Begin MonoManager ReloadAssembly
Registering precompiled unity dll's ...
Register platform support module: C:/Program Files/Unity/Hub/Editor/2022.3.13f1/Editor/Data/PlaybackEngines/WindowsStandaloneSupport/UnityEditor.WindowsStandalone.Extensions.dll
Registered in 0.013740 seconds.
- Loaded All Assemblies, in  1.657 seconds
Native extension for WindowsStandalone target not found
Mono: successfully reloaded assembly
- Finished resetting the current domain, in  0.731 seconds
Domain Reload Profiling: 2380ms
	BeginReloadAssembly (724ms)
		ExecutionOrderSort (1ms)
		DisableScriptedObjects (0ms)
		BackupInstance (0ms)
		ReleaseScriptingObjects (0ms)
		CreateAndSetChildDomain (6ms)
	RebuildCommonClasses (109ms)
	RebuildNativeTypeToScriptingClass (24ms)
	initialDomainReloadingComplete (363ms)
	LoadAllAssembliesAndSetupDomain (427ms)
		LoadAssemblies (701ms)
		RebuildTransferFunctionScriptingTraits (0ms)
		AnalyzeDomain (423ms)
			TypeCache.Refresh (416ms)
				TypeCache.ScanAssembly (374ms)
			ScanForSourceGeneratedMonoScriptInfo (1ms)
			ResolveRequiredComponents (4ms)
	FinalizeReload (732ms)
		ReleaseScriptCaches (0ms)
		RebuildScriptCaches (0ms)
		SetupLoadedEditorAssemblies (574ms)
			LogAssemblyErrors (0ms)
			InitializePlatformSupportModulesInManaged (26ms)
			SetLoadedEditorAssemblies (23ms)
			RefreshPlugins (0ms)
			BeforeProcessingInitializeOnLoad (9ms)
			ProcessInitializeOnLoadAttributes (402ms)
			ProcessInitializeOnLoadMethodAttributes (114ms)
			AfterProcessingInitializeOnLoad (0ms)
			EditorAssembliesLoaded (1ms)
		ExecutionOrderSort2 (0ms)
		AwakeInstancesAfterBackupRestoration (0ms)
========================================================================
Worker process is ready to serve import requests
Begin MonoManager ReloadAssembly
- Loaded All Assemblies, in  4.284 seconds
Refreshing native plugins compatible for Editor in 17.38 ms, found 3 plugins.
Native extension for WindowsStandalone target not found
Package Manager log level set to [2]
[Package Manager] Server::EnsureServerProcessIsRunning -- launch failed, reason: Unity was launched with the -noUpm command-line argument
[Package Manager] UpmClient::Send -- Unable to send message (not connected to UPM process).
[Package Manager] Cannot connect to Unity Package Manager local server
Mono: successfully reloaded assembly
- Finished resetting the current domain, in  1.927 seconds
Domain Reload Profiling: 6299ms
	BeginReloadAssembly (524ms)
		ExecutionOrderSort (0ms)
		DisableScriptedObjects (16ms)
		BackupInstance (0ms)
		ReleaseScriptingObjects (1ms)
		CreateAndSetChildDomain (65ms)
	RebuildCommonClasses (81ms)
	RebuildNativeTypeToScriptingClass (22ms)
	initialDomainReloadingComplete (103ms)
	LoadAllAssembliesAndSetupDomain (3618ms)
		LoadAssemblies (2567ms)
		RebuildTransferFunctionScriptingTraits (0ms)
		AnalyzeDomain (1252ms)
			TypeCache.Refresh (988ms)
				TypeCache.ScanAssembly (776ms)
			ScanForSourceGeneratedMonoScriptInfo (225ms)
			ResolveRequiredComponents (35ms)
	FinalizeReload (1952ms)
		ReleaseScriptCaches (0ms)
		RebuildScriptCaches (0ms)
		SetupLoadedEditorAssemblies (1430ms)
			LogAssemblyErrors (0ms)
			InitializePlatformSupportModulesInManaged (19ms)
			SetLoadedEditorAssemblies (8ms)
			RefreshPlugins (0ms)
			BeforeProcessingInitializeOnLoad (130ms)
			ProcessInitializeOnLoadAttributes (1201ms)
			ProcessInitializeOnLoadMethodAttributes (59ms)
			AfterProcessingInitializeOnLoad (11ms)
			EditorAssembliesLoaded (1ms)
		ExecutionOrderSort2 (0ms)
		AwakeInstancesAfterBackupRestoration (16ms)
Launched and connected shader compiler UnityShaderCompiler.exe after 0.20 seconds
Refreshing native plugins compatible for Editor in 16.90 ms, found 3 plugins.
Preloading 0 native plugins for Editor in 0.00 ms.
Unloading 3645 Unused Serialized files (Serialized files now loaded: 0)
Unloading 74 unused Assets / (23.1 MB). Loaded Objects now: 4087.
Memory consumption went from 186.5 MB to 163.5 MB.
Total: 42.859800 ms (FindLiveObjects: 3.064400 ms CreateObjectMapping: 2.690200 ms MarkObjects: 26.696900 ms  DeleteObjects: 10.398000 ms)

AssetImportParameters requested are different than current active one (requested -> active):
  custom:container-demuxer-ogg: 62fdf1f143b41e24485cea50d1cbac27 -> 
  custom:video-codec-MediaFoundation-h265: 746d11721c4dcdbdad8f713fa42b33f4 -> 
  custom:video-decoder-ogg-theora: a1e56fd34408186e4bbccfd4996cb3dc -> 
  custom:framework-win-MediaFoundation: 216162199b28c13a410421893ffa2e32 -> 
  custom:CustomObjectIndexerAttribute: 756ad292c208cfabdd7b50bc23989ffe -> 
  custom:container-demuxer-webm: 4f35f7cbe854078d1ac9338744f61a02 -> 
  custom:container-muxer-webm: aa71ff27fc2769a1b78a27578f13a17b -> 
  custom:video-decoder-webm-vp8: 9c59270c3fd7afecdb556c50c9e8de78 -> 
  custom:SearchIndexIgnoredProperties: e643bd26f0fe6173181afceb89e7c659 -> 
  custom:AudioImporter_EditorPlatform: d09bf68614088b80899f8185d706f6e7 -> 
  custom:video-encoder-webm-vp8: eb34c28f22e8b96e1ab97ce403110664 -> 
  custom:audio-decoder-ogg-vorbis: bf7c407c2cedff20999df2af8eb42d56 -> 
  custom:audio-encoder-webm-vorbis: bf7c407c2cedff20999df2af8eb42d56 -> 
========================================================================
Received Import Request.
  Time since last request: 9626.276853 seconds.
  path: Assets/Blinktool
  artifactKey: Guid(4d0f56fb24cdc3242aa9195edb6184bf) Importer(815301076,1909f56bfc062723c751e8b465ee728b)
Start importing Assets/Blinktool using Guid(4d0f56fb24cdc3242aa9195edb6184bf) Importer(815301076,1909f56bfc062723c751e8b465ee728b)  -> (artifact id: 'feba97f02ba38bb02283ad380bb26b92') in 0.061824 seconds
Number of updated asset objects reloaded before import = 0
Number of asset objects unloaded after import = 0
========================================================================
Received Import Request.
  Time since last request: 18.556739 seconds.
  path: Assets/Blinktool/Low poly rocks/Prefabs/Granite/Rocks_Granite_2.prefab
  artifactKey: Guid(53818b5021a209949aa2034e59edbacd) Importer(815301076,1909f56bfc062723c751e8b465ee728b)
Start importing Assets/Blinktool/Low poly rocks/Prefabs/Granite/Rocks_Granite_2.prefab using Guid(53818b5021a209949aa2034e59edbacd) Importer(815301076,1909f56bfc062723c751e8b465ee728b)  -> (artifact id: 'ed2e4be9d48bd0235f8347aa2ed9c409') in 2.437265 seconds
Number of updated asset objects reloaded before import = 0
Number of asset objects unloaded after import = 9
========================================================================
Received Import Request.
  Time since last request: 0.000096 seconds.
  path: Assets/Blinktool/Low poly rocks/Prefabs/Granite/Rocks_Granite_10.prefab
  artifactKey: Guid(3d9bdf9d4eb887840bae2dcf19d1d5b1) Importer(815301076,1909f56bfc062723c751e8b465ee728b)
Start importing Assets/Blinktool/Low poly rocks/Prefabs/Granite/Rocks_Granite_10.prefab using Guid(3d9bdf9d4eb887840bae2dcf19d1d5b1) Importer(815301076,1909f56bfc062723c751e8b465ee728b)  -> (artifact id: 'a0e5b849a5d2338fd294ee5304831d78') in 0.257111 seconds
Number of updated asset objects reloaded before import = 0
Number of asset objects unloaded after import = 9
========================================================================
Received Import Request.
  Time since last request: 0.000155 seconds.
  path: Assets/Blinktool/Low poly rocks/Prefabs/Granite/Rocks_Granite_11.prefab
  artifactKey: Guid(95e20eac8ab8cff47bf0ffa7b5fda338) Importer(815301076,1909f56bfc062723c751e8b465ee728b)
Start importing Assets/Blinktool/Low poly rocks/Prefabs/Granite/Rocks_Granite_11.prefab using Guid(95e20eac8ab8cff47bf0ffa7b5fda338) Importer(815301076,1909f56bfc062723c751e8b465ee728b)  -> (artifact id: '53b2eb3db102401b0bb0376a89d971f5') in 0.142924 seconds
Number of updated asset objects reloaded before import = 0
Number of asset objects unloaded after import = 9
========================================================================
Received Import Request.
  Time since last request: 0.000490 seconds.
  path: Assets/Blinktool/Low poly rocks/Prefabs/Granite/Rocks_Granite_7.prefab
  artifactKey: Guid(07260be989805604685670a86148a91b) Importer(815301076,1909f56bfc062723c751e8b465ee728b)
Start importing Assets/Blinktool/Low poly rocks/Prefabs/Granite/Rocks_Granite_7.prefab using Guid(07260be989805604685670a86148a91b) Importer(815301076,1909f56bfc062723c751e8b465ee728b)  -> (artifact id: '0286d7f32d66949bf7acb7e025e0c700') in 11.100894 seconds
Number of updated asset objects reloaded before import = 0
Number of asset objects unloaded after import = 9
========================================================================
Received Import Request.
  Time since last request: 0.005399 seconds.
  path: Assets/Blinktool/Low poly rocks/Prefabs/Granite/Rocks_Granite_36.prefab
  artifactKey: Guid(1b29b84f00925f340826d01e68ff9ecf) Importer(815301076,1909f56bfc062723c751e8b465ee728b)
Start importing Assets/Blinktool/Low poly rocks/Prefabs/Granite/Rocks_Granite_36.prefab using Guid(1b29b84f00925f340826d01e68ff9ecf) Importer(815301076,1909f56bfc062723c751e8b465ee728b)  -> (artifact id: 'e788d4856bf9129f25526efe9758d56f') in 0.140918 seconds
Number of updated asset objects reloaded before import = 0
Number of asset objects unloaded after import = 9
========================================================================
Received Import Request.
  Time since last request: 0.000040 seconds.
  path: Assets/Blinktool/Low poly rocks/Prefabs/Granite/Rocks_Granite_19.prefab
  artifactKey: Guid(b451e1d0588c91b4f9db08a2264077cb) Importer(815301076,1909f56bfc062723c751e8b465ee728b)
Start importing Assets/Blinktool/Low poly rocks/Prefabs/Granite/Rocks_Granite_19.prefab using Guid(b451e1d0588c91b4f9db08a2264077cb) Importer(815301076,1909f56bfc062723c751e8b465ee728b)  -> (artifact id: '65c8c731e66266c40883f5de173c8760') in 0.039867 seconds
Number of updated asset objects reloaded before import = 0
Number of asset objects unloaded after import = 9
========================================================================
Received Import Request.
  Time since last request: 0.000029 seconds.
  path: Assets/Blinktool/Low poly rocks/Prefabs/Granite/Rocks_Granite_26.prefab
  artifactKey: Guid(f27e7496f1c0e324fbdf39d31d919818) Importer(815301076,1909f56bfc062723c751e8b465ee728b)
Start importing Assets/Blinktool/Low poly rocks/Prefabs/Granite/Rocks_Granite_26.prefab using Guid(f27e7496f1c0e324fbdf39d31d919818) Importer(815301076,1909f56bfc062723c751e8b465ee728b)  -> (artifact id: 'b668a4b7bdd77ba90b319a848894298e') in 0.095548 seconds
Number of updated asset objects reloaded before import = 0
Number of asset objects unloaded after import = 9
========================================================================
Received Import Request.
  Time since last request: 0.000549 seconds.
  path: Assets/Blinktool/Low poly rocks/Prefabs/Granite/Rocks_Granite_43.prefab
  artifactKey: Guid(c1b8dc5b5ac067e40a150ca6eae6fec2) Importer(815301076,1909f56bfc062723c751e8b465ee728b)
Start importing Assets/Blinktool/Low poly rocks/Prefabs/Granite/Rocks_Granite_43.prefab using Guid(c1b8dc5b5ac067e40a150ca6eae6fec2) Importer(815301076,1909f56bfc062723c751e8b465ee728b)  -> (artifact id: '31cc87591dd8969970a4bfa735e8153c') in 0.030624 seconds
Number of updated asset objects reloaded before import = 0
Number of asset objects unloaded after import = 9
========================================================================
Received Import Request.
  Time since last request: 0.005280 seconds.
  path: Assets/Blinktool/Low poly rocks/Prefabs/Granite/Rocks_Granite_53.prefab
  artifactKey: Guid(5f575a055c5dc554d9583007afada297) Importer(815301076,1909f56bfc062723c751e8b465ee728b)
Start importing Assets/Blinktool/Low poly rocks/Prefabs/Granite/Rocks_Granite_53.prefab using Guid(5f575a055c5dc554d9583007afada297) Importer(815301076,1909f56bfc062723c751e8b465ee728b)  -> (artifact id: 'fe344ad4dcfb9018cc797bd3bc9221ce') in 0.082978 seconds
Number of updated asset objects reloaded before import = 0
Number of asset objects unloaded after import = 9
========================================================================
Received Import Request.
  Time since last request: 0.000027 seconds.
  path: Assets/Blinktool/Low poly rocks/Prefabs/Granite/Rocks_Granite_17.prefab
  artifactKey: Guid(43d54a8b594745d4ba886d78c07b2360) Importer(815301076,1909f56bfc062723c751e8b465ee728b)
Start importing Assets/Blinktool/Low poly rocks/Prefabs/Granite/Rocks_Granite_17.prefab using Guid(43d54a8b594745d4ba886d78c07b2360) Importer(815301076,1909f56bfc062723c751e8b465ee728b)  -> (artifact id: 'eab014ac8467a104b7fc298ae6fd54bc') in 0.038132 seconds
Number of updated asset objects reloaded before import = 0
Number of asset objects unloaded after import = 9
========================================================================
Received Import Request.
  Time since last request: 0.001122 seconds.
  path: Assets/Blinktool/Low poly rocks/Prefabs/Granite/Rocks_Granite_23.prefab
  artifactKey: Guid(4b1d432426367204cac0d6f68de9f7ee) Importer(815301076,1909f56bfc062723c751e8b465ee728b)
Start importing Assets/Blinktool/Low poly rocks/Prefabs/Granite/Rocks_Granite_23.prefab using Guid(4b1d432426367204cac0d6f68de9f7ee) Importer(815301076,1909f56bfc062723c751e8b465ee728b)  -> (artifact id: '4f89b1df0f590a27f49ca256e6ff2c9e') in 0.047940 seconds
Number of updated asset objects reloaded before import = 0
Number of asset objects unloaded after import = 9
========================================================================
Received Import Request.
  Time since last request: 0.000196 seconds.
  path: Assets/Blinktool/Low poly rocks/Prefabs/Granite/Rocks_Granite_20.prefab
  artifactKey: Guid(261a4fe83966a4d4c9d0ab2ce7c05b59) Importer(815301076,1909f56bfc062723c751e8b465ee728b)
Start importing Assets/Blinktool/Low poly rocks/Prefabs/Granite/Rocks_Granite_20.prefab using Guid(261a4fe83966a4d4c9d0ab2ce7c05b59) Importer(815301076,1909f56bfc062723c751e8b465ee728b)  -> (artifact id: 'e9d591569a55c09194be56057f34c289') in 0.065117 seconds
Number of updated asset objects reloaded before import = 0
Number of asset objects unloaded after import = 9
========================================================================
Received Import Request.
  Time since last request: 0.000067 seconds.
  path: Assets/Blinktool/Low poly rocks/Prefabs/Granite/Rocks_Granite_46.prefab
  artifactKey: Guid(0e8a46871d7a33c4582593e595d00866) Importer(815301076,1909f56bfc062723c751e8b465ee728b)
Start importing Assets/Blinktool/Low poly rocks/Prefabs/Granite/Rocks_Granite_46.prefab using Guid(0e8a46871d7a33c4582593e595d00866) Importer(815301076,1909f56bfc062723c751e8b465ee728b)  -> (artifact id: 'c344b854045e33f9d77ecdf0dbdfb5ad') in 0.032437 seconds
Number of updated asset objects reloaded before import = 0
Number of asset objects unloaded after import = 9
========================================================================
Received Import Request.
  Time since last request: 0.000103 seconds.
  path: Assets/Blinktool/Low poly rocks/Prefabs/Granite/Rocks_Granite_51.prefab
  artifactKey: Guid(e42b8e7eee95f8341b219d3747a965fa) Importer(815301076,1909f56bfc062723c751e8b465ee728b)
Start importing Assets/Blinktool/Low poly rocks/Prefabs/Granite/Rocks_Granite_51.prefab using Guid(e42b8e7eee95f8341b219d3747a965fa) Importer(815301076,1909f56bfc062723c751e8b465ee728b)  -> (artifact id: 'd6700b3ef40c45cb13aa8a18263bfb21') in 0.038739 seconds
Number of updated asset objects reloaded before import = 0
Number of asset objects unloaded after import = 9
========================================================================
Received Import Request.
  Time since last request: 0.078437 seconds.
  path: Assets/Blinktool/Low poly rocks/Prefabs/Granite/Rocks_Granite_49.prefab
  artifactKey: Guid(e780fe1a41d0e6846b1db48da940ae7b) Importer(815301076,1909f56bfc062723c751e8b465ee728b)
Start importing Assets/Blinktool/Low poly rocks/Prefabs/Granite/Rocks_Granite_49.prefab using Guid(e780fe1a41d0e6846b1db48da940ae7b) Importer(815301076,1909f56bfc062723c751e8b465ee728b)  -> (artifact id: '89d0f70cd1e3efe481b78d75895c87dd') in 0.085303 seconds
Number of updated asset objects reloaded before import = 0
Number of asset objects unloaded after import = 9
========================================================================
Received Import Request.
  Time since last request: 0.104938 seconds.
  path: Assets/Blinktool/Low poly rocks/Prefabs/Granite/Rocks_Granite_24.prefab
  artifactKey: Guid(ebef822e0210efc4d902482ed8e30abd) Importer(815301076,1909f56bfc062723c751e8b465ee728b)
Start importing Assets/Blinktool/Low poly rocks/Prefabs/Granite/Rocks_Granite_24.prefab using Guid(ebef822e0210efc4d902482ed8e30abd) Importer(815301076,1909f56bfc062723c751e8b465ee728b)  -> (artifact id: 'fd284a9a09255cc603dfd5ede54dcf0b') in 0.587188 seconds
Number of updated asset objects reloaded before import = 0
Number of asset objects unloaded after import = 9
========================================================================
Received Import Request.
  Time since last request: 0.013308 seconds.
  path: Assets/Blinktool/Low poly rocks/Prefabs/Granite/Rocks_Granite_55.prefab
  artifactKey: Guid(45983d80c5d150b458e7d738c0f96602) Importer(815301076,1909f56bfc062723c751e8b465ee728b)
Start importing Assets/Blinktool/Low poly rocks/Prefabs/Granite/Rocks_Granite_55.prefab using Guid(45983d80c5d150b458e7d738c0f96602) Importer(815301076,1909f56bfc062723c751e8b465ee728b)  -> (artifact id: '05a12fc3423a7e26ef12bca5654eeb1b') in 0.042128 seconds
Number of updated asset objects reloaded before import = 0
Number of asset objects unloaded after import = 9
========================================================================
Received Import Request.
  Time since last request: 0.026351 seconds.
  path: Assets/Blinktool/Low poly rocks/Prefabs/Granite/Rocks_Granite_32.prefab
  artifactKey: Guid(b473957203929f0479b7a4d95da53f3a) Importer(815301076,1909f56bfc062723c751e8b465ee728b)
Start importing Assets/Blinktool/Low poly rocks/Prefabs/Granite/Rocks_Granite_32.prefab using Guid(b473957203929f0479b7a4d95da53f3a) Importer(815301076,1909f56bfc062723c751e8b465ee728b)  -> (artifact id: '5c9047e0e56c0649bfe8fd994b536cf9') in 0.036931 seconds
Number of updated asset objects reloaded before import = 0
Number of asset objects unloaded after import = 9
========================================================================
Received Import Request.
  Time since last request: 0.000509 seconds.
  path: Assets/Blinktool/Low poly rocks/Prefabs/Granite/Rocks_Granite_5.prefab
  artifactKey: Guid(ef50a0315a37a5e4dba95c37ec10d8d7) Importer(815301076,1909f56bfc062723c751e8b465ee728b)
Start importing Assets/Blinktool/Low poly rocks/Prefabs/Granite/Rocks_Granite_5.prefab using Guid(ef50a0315a37a5e4dba95c37ec10d8d7) Importer(815301076,1909f56bfc062723c751e8b465ee728b)  -> (artifact id: '5a36c69106a67477117dc195ffd87ea2') in 0.034632 seconds
Number of updated asset objects reloaded before import = 0
Number of asset objects unloaded after import = 9
========================================================================
Received Import Request.
  Time since last request: 0.039594 seconds.
  path: Assets/Blinktool/Low poly rocks/Prefabs/Granite/Rocks_Granite_48.prefab
  artifactKey: Guid(ac7fdf91d3831d7499359f18606cb859) Importer(815301076,1909f56bfc062723c751e8b465ee728b)
Start importing Assets/Blinktool/Low poly rocks/Prefabs/Granite/Rocks_Granite_48.prefab using Guid(ac7fdf91d3831d7499359f18606cb859) Importer(815301076,1909f56bfc062723c751e8b465ee728b)  -> (artifact id: '65925e9cb82562b300ac2b0b7253521c') in 0.046347 seconds
Number of updated asset objects reloaded before import = 0
Number of asset objects unloaded after import = 9
========================================================================
Received Import Request.
  Time since last request: 0.067655 seconds.
  path: Assets/Blinktool/Low poly rocks/Prefabs/Granite/Rocks_Granite_15.prefab
  artifactKey: Guid(a33967a2ac92ec74f8d9305a272a7e34) Importer(815301076,1909f56bfc062723c751e8b465ee728b)
Start importing Assets/Blinktool/Low poly rocks/Prefabs/Granite/Rocks_Granite_15.prefab using Guid(a33967a2ac92ec74f8d9305a272a7e34) Importer(815301076,1909f56bfc062723c751e8b465ee728b)  -> (artifact id: '605df581c13a0136fc584969ed6fe6c8') in 0.045063 seconds
Number of updated asset objects reloaded before import = 0
Number of asset objects unloaded after import = 9
========================================================================
Received Import Request.
  Time since last request: 0.013735 seconds.
  path: Assets/Blinktool/Low poly rocks/Prefabs/Granite/Rocks_Granite_47.prefab
  artifactKey: Guid(f79cabdfa1970064dae46d91fceab4f6) Importer(815301076,1909f56bfc062723c751e8b465ee728b)
Start importing Assets/Blinktool/Low poly rocks/Prefabs/Granite/Rocks_Granite_47.prefab using Guid(f79cabdfa1970064dae46d91fceab4f6) Importer(815301076,1909f56bfc062723c751e8b465ee728b)  -> (artifact id: 'b92124022c971a67ca64575f1cf00512') in 0.046068 seconds
Number of updated asset objects reloaded before import = 0
Number of asset objects unloaded after import = 9
========================================================================
Received Import Request.
  Time since last request: 0.000030 seconds.
  path: Assets/Blinktool/Low poly rocks/Prefabs/Granite/Rocks_Granite_37.prefab
  artifactKey: Guid(0307789f9e5ccbb4a94afe1911cb2fd5) Importer(815301076,1909f56bfc062723c751e8b465ee728b)
Start importing Assets/Blinktool/Low poly rocks/Prefabs/Granite/Rocks_Granite_37.prefab using Guid(0307789f9e5ccbb4a94afe1911cb2fd5) Importer(815301076,1909f56bfc062723c751e8b465ee728b)  -> (artifact id: '2c00e2ee2a9d7d5195e0d30562e9e6f1') in 0.054475 seconds
Number of updated asset objects reloaded before import = 0
Number of asset objects unloaded after import = 9
========================================================================
Received Import Request.
  Time since last request: 0.000076 seconds.
  path: Assets/Blinktool/Low poly rocks/Prefabs/Granite/Rocks_Granite_31.prefab
  artifactKey: Guid(74d01d709bb2d6840a125ccbf7f5488b) Importer(815301076,1909f56bfc062723c751e8b465ee728b)
Start importing Assets/Blinktool/Low poly rocks/Prefabs/Granite/Rocks_Granite_31.prefab using Guid(74d01d709bb2d6840a125ccbf7f5488b) Importer(815301076,1909f56bfc062723c751e8b465ee728b)  -> (artifact id: 'd0c7e88551e58a4a7ae821c346bc81e9') in 0.075475 seconds
Number of updated asset objects reloaded before import = 0
Number of asset objects unloaded after import = 9
========================================================================
Received Import Request.
  Time since last request: 0.000076 seconds.
  path: Assets/Blinktool/Low poly rocks/Prefabs/Granite/Rocks_Granite_33.prefab
  artifactKey: Guid(a494a571cfea8da4cba03323cf0b3caf) Importer(815301076,1909f56bfc062723c751e8b465ee728b)
Start importing Assets/Blinktool/Low poly rocks/Prefabs/Granite/Rocks_Granite_33.prefab using Guid(a494a571cfea8da4cba03323cf0b3caf) Importer(815301076,1909f56bfc062723c751e8b465ee728b)  -> (artifact id: 'be7209df41ba3734a05bd26b5d96a290') in 0.068732 seconds
Number of updated asset objects reloaded before import = 0
Number of asset objects unloaded after import = 9
========================================================================
Received Import Request.
  Time since last request: 0.000035 seconds.
  path: Assets/Blinktool/Low poly rocks/Prefabs/Granite/Rocks_Granite_30.prefab
  artifactKey: Guid(5672a0a83f2ae0542bc1f83f50f5ac45) Importer(815301076,1909f56bfc062723c751e8b465ee728b)
Start importing Assets/Blinktool/Low poly rocks/Prefabs/Granite/Rocks_Granite_30.prefab using Guid(5672a0a83f2ae0542bc1f83f50f5ac45) Importer(815301076,1909f56bfc062723c751e8b465ee728b)  -> (artifact id: 'bfcd37810fc2ded9ce2242f8be376387') in 0.034014 seconds
Number of updated asset objects reloaded before import = 0
Number of asset objects unloaded after import = 9
========================================================================
Received Import Request.
  Time since last request: 0.000039 seconds.
  path: Assets/Blinktool/Low poly rocks/Prefabs/Granite/Rocks_Granite_39.prefab
  artifactKey: Guid(4fc7b0ff9cb7ff544a5c5508a761d9e9) Importer(815301076,1909f56bfc062723c751e8b465ee728b)
Start importing Assets/Blinktool/Low poly rocks/Prefabs/Granite/Rocks_Granite_39.prefab using Guid(4fc7b0ff9cb7ff544a5c5508a761d9e9) Importer(815301076,1909f56bfc062723c751e8b465ee728b)  -> (artifact id: 'c17522c2d93c170b91e898d04dbad54d') in 0.042510 seconds
Number of updated asset objects reloaded before import = 0
Number of asset objects unloaded after import = 9
========================================================================
Received Import Request.
  Time since last request: 0.000032 seconds.
  path: Assets/Blinktool/Low poly rocks/Prefabs/Granite/Rocks_Granite_28.prefab
  artifactKey: Guid(2931e7d74b0bcc94a802f3ddf109a209) Importer(815301076,1909f56bfc062723c751e8b465ee728b)
Start importing Assets/Blinktool/Low poly rocks/Prefabs/Granite/Rocks_Granite_28.prefab using Guid(2931e7d74b0bcc94a802f3ddf109a209) Importer(815301076,1909f56bfc062723c751e8b465ee728b)  -> (artifact id: 'bf79f5fe56b375ae5649173a28779356') in 0.027897 seconds
Number of updated asset objects reloaded before import = 0
Number of asset objects unloaded after import = 9
========================================================================
Received Import Request.
  Time since last request: 0.000071 seconds.
  path: Assets/Blinktool/Low poly rocks/Prefabs/Granite/Rocks_Granite_25.prefab
  artifactKey: Guid(5189f516d1acaf1458e1a1959a21973b) Importer(815301076,1909f56bfc062723c751e8b465ee728b)
Start importing Assets/Blinktool/Low poly rocks/Prefabs/Granite/Rocks_Granite_25.prefab using Guid(5189f516d1acaf1458e1a1959a21973b) Importer(815301076,1909f56bfc062723c751e8b465ee728b)  -> (artifact id: 'b9cd7ae9f8248e9f27db971c46c1ea43') in 0.045686 seconds
Number of updated asset objects reloaded before import = 0
Number of asset objects unloaded after import = 9
========================================================================
Received Import Request.
  Time since last request: 0.000041 seconds.
  path: Assets/Blinktool/Low poly rocks/Prefabs/Granite/Rocks_Granite_38.prefab
  artifactKey: Guid(eb1437426b6db16408414abc5c8acc19) Importer(815301076,1909f56bfc062723c751e8b465ee728b)
Start importing Assets/Blinktool/Low poly rocks/Prefabs/Granite/Rocks_Granite_38.prefab using Guid(eb1437426b6db16408414abc5c8acc19) Importer(815301076,1909f56bfc062723c751e8b465ee728b)  -> (artifact id: 'c4f080d43f4b4a5f11a89a24f1734b7e') in 0.035824 seconds
Number of updated asset objects reloaded before import = 0
Number of asset objects unloaded after import = 9
========================================================================
Received Import Request.
  Time since last request: 0.000051 seconds.
  path: Assets/Blinktool/Low poly rocks/Prefabs/Granite/Rocks_Granite_14.prefab
  artifactKey: Guid(ef2c9c17b257e9d4199f72e423e105d4) Importer(815301076,1909f56bfc062723c751e8b465ee728b)
Start importing Assets/Blinktool/Low poly rocks/Prefabs/Granite/Rocks_Granite_14.prefab using Guid(ef2c9c17b257e9d4199f72e423e105d4) Importer(815301076,1909f56bfc062723c751e8b465ee728b)  -> (artifact id: 'e5d184589bb998078086be4a16b84623') in 0.029865 seconds
Number of updated asset objects reloaded before import = 0
Number of asset objects unloaded after import = 9
========================================================================
Received Import Request.
  Time since last request: 0.019438 seconds.
  path: Assets/Blinktool/Low poly rocks/Prefabs/Granite/Rocks_Granite_45.prefab
  artifactKey: Guid(4f5a98fe878d26b4aa3bf61e1ee6fe3d) Importer(815301076,1909f56bfc062723c751e8b465ee728b)
Start importing Assets/Blinktool/Low poly rocks/Prefabs/Granite/Rocks_Granite_45.prefab using Guid(4f5a98fe878d26b4aa3bf61e1ee6fe3d) Importer(815301076,1909f56bfc062723c751e8b465ee728b)  -> (artifact id: '4548974d9c8ac6a8968ab65787b03117') in 0.028077 seconds
Number of updated asset objects reloaded before import = 0
Number of asset objects unloaded after import = 9
========================================================================
Received Import Request.
  Time since last request: 0.001422 seconds.
  path: Assets/Blinktool/Low poly rocks/Prefabs/Granite/Rocks_Granite_34.prefab
  artifactKey: Guid(975eb6c3b1797fa4a9505f58497c4544) Importer(815301076,1909f56bfc062723c751e8b465ee728b)
Start importing Assets/Blinktool/Low poly rocks/Prefabs/Granite/Rocks_Granite_34.prefab using Guid(975eb6c3b1797fa4a9505f58497c4544) Importer(815301076,1909f56bfc062723c751e8b465ee728b)  -> (artifact id: '4433254630fb8091ae9f19998b97e005') in 0.066765 seconds
Number of updated asset objects reloaded before import = 0
Number of asset objects unloaded after import = 9
========================================================================
Received Import Request.
  Time since last request: 0.000078 seconds.
  path: Assets/Blinktool/Low poly rocks/Prefabs/Granite/Rocks_Granite_13.prefab
  artifactKey: Guid(c81e963947b3f1b49a6c899aae6f4e14) Importer(815301076,1909f56bfc062723c751e8b465ee728b)
Start importing Assets/Blinktool/Low poly rocks/Prefabs/Granite/Rocks_Granite_13.prefab using Guid(c81e963947b3f1b49a6c899aae6f4e14) Importer(815301076,1909f56bfc062723c751e8b465ee728b)  -> (artifact id: 'ca7d4500bd5a97c01fb85e029d003465') in 0.046546 seconds
Number of updated asset objects reloaded before import = 0
Number of asset objects unloaded after import = 9
========================================================================
Received Import Request.
  Time since last request: 0.043171 seconds.
  path: Assets/Blinktool/Low poly rocks/Prefabs/Granite/Rocks_Granite_41.prefab
  artifactKey: Guid(5704d0b8b0a8b934d9cf940a7f7376f7) Importer(815301076,1909f56bfc062723c751e8b465ee728b)
Start importing Assets/Blinktool/Low poly rocks/Prefabs/Granite/Rocks_Granite_41.prefab using Guid(5704d0b8b0a8b934d9cf940a7f7376f7) Importer(815301076,1909f56bfc062723c751e8b465ee728b)  -> (artifact id: '689f150e613e77cdc12d6290db5c2c5c') in 0.052017 seconds
Number of updated asset objects reloaded before import = 0
Number of asset objects unloaded after import = 9
========================================================================
Received Import Request.
  Time since last request: 0.142568 seconds.
  path: Assets/Blinktool/Low poly rocks/Prefabs/Granite/Rocks_Granite_22.prefab
  artifactKey: Guid(a501eedfc520e31458f1b399a2c236be) Importer(815301076,1909f56bfc062723c751e8b465ee728b)
Start importing Assets/Blinktool/Low poly rocks/Prefabs/Granite/Rocks_Granite_22.prefab using Guid(a501eedfc520e31458f1b399a2c236be) Importer(815301076,1909f56bfc062723c751e8b465ee728b)  -> (artifact id: '5ca27bf9236afc7a71c8797ea2ff446d') in 0.044094 seconds
Number of updated asset objects reloaded before import = 0
Number of asset objects unloaded after import = 9
========================================================================
Received Import Request.
  Time since last request: 0.059053 seconds.
  path: Assets/Blinktool/Low poly rocks/Prefabs/Granite/Rocks_Granite_44.prefab
  artifactKey: Guid(f18005cca81f5fe449b6142bdd7846f1) Importer(815301076,1909f56bfc062723c751e8b465ee728b)
Start importing Assets/Blinktool/Low poly rocks/Prefabs/Granite/Rocks_Granite_44.prefab using Guid(f18005cca81f5fe449b6142bdd7846f1) Importer(815301076,1909f56bfc062723c751e8b465ee728b)  -> (artifact id: 'b1515ecb83c554d7db2126cb194b51ae') in 0.935013 seconds
Number of updated asset objects reloaded before import = 0
Number of asset objects unloaded after import = 9
========================================================================
Received Import Request.
  Time since last request: 0.000898 seconds.
  path: Assets/Blinktool/Low poly rocks/Prefabs/Granite/Rocks_Granite_4.prefab
  artifactKey: Guid(6d91b89f617f2e74cac41d70ffd39cdb) Importer(815301076,1909f56bfc062723c751e8b465ee728b)
Start importing Assets/Blinktool/Low poly rocks/Prefabs/Granite/Rocks_Granite_4.prefab using Guid(6d91b89f617f2e74cac41d70ffd39cdb) Importer(815301076,1909f56bfc062723c751e8b465ee728b)  -> (artifact id: '021f7f4f58697a53c315b73fafe0a93d') in 1.325656 seconds
Number of updated asset objects reloaded before import = 0
Number of asset objects unloaded after import = 9
========================================================================
Received Import Request.
  Time since last request: 0.019110 seconds.
  path: Assets/Blinktool/Low poly rocks/Prefabs/Granite/Rocks_Granite_27.prefab
  artifactKey: Guid(c30e3b06301f3de4eae29b5348e9a5b6) Importer(815301076,1909f56bfc062723c751e8b465ee728b)
Start importing Assets/Blinktool/Low poly rocks/Prefabs/Granite/Rocks_Granite_27.prefab using Guid(c30e3b06301f3de4eae29b5348e9a5b6) Importer(815301076,1909f56bfc062723c751e8b465ee728b)  -> (artifact id: 'b44db717322b255473c12d7af0338316') in 0.066351 seconds
Number of updated asset objects reloaded before import = 0
Number of asset objects unloaded after import = 9
========================================================================
Received Import Request.
  Time since last request: 0.000031 seconds.
  path: Assets/Blinktool/Low poly rocks/Prefabs/Granite/Rocks_Granite_50.prefab
  artifactKey: Guid(315af399243080a4ea1bb0b85ea14f39) Importer(815301076,1909f56bfc062723c751e8b465ee728b)
Start importing Assets/Blinktool/Low poly rocks/Prefabs/Granite/Rocks_Granite_50.prefab using Guid(315af399243080a4ea1bb0b85ea14f39) Importer(815301076,1909f56bfc062723c751e8b465ee728b)  -> (artifact id: '60f28e45ee0d1ee811f96394ce876729') in 0.130771 seconds
Number of updated asset objects reloaded before import = 0
Number of asset objects unloaded after import = 9
========================================================================
Received Import Request.
  Time since last request: 0.000028 seconds.
  path: Assets/Blinktool/Low poly rocks/Prefabs/Granite/Rocks_Granite_8.prefab
  artifactKey: Guid(e103dc20a5fdfb5458627e25384d5338) Importer(815301076,1909f56bfc062723c751e8b465ee728b)
Start importing Assets/Blinktool/Low poly rocks/Prefabs/Granite/Rocks_Granite_8.prefab using Guid(e103dc20a5fdfb5458627e25384d5338) Importer(815301076,1909f56bfc062723c751e8b465ee728b)  -> (artifact id: '8a277c9d3928510b5bbb5552f0ab5b0b') in 0.039832 seconds
Number of updated asset objects reloaded before import = 0
Number of asset objects unloaded after import = 9
========================================================================
Received Import Request.
  Time since last request: 0.000088 seconds.
  path: Assets/Blinktool/Low poly rocks/Prefabs/Granite/Rocks_Granite_40.prefab
  artifactKey: Guid(4561e215fa48c0047bfb7936fbc7b38a) Importer(815301076,1909f56bfc062723c751e8b465ee728b)
Start importing Assets/Blinktool/Low poly rocks/Prefabs/Granite/Rocks_Granite_40.prefab using Guid(4561e215fa48c0047bfb7936fbc7b38a) Importer(815301076,1909f56bfc062723c751e8b465ee728b)  -> (artifact id: '3a8a09a2ce1a55aa7db4a02e2ac2151c') in 0.224883 seconds
Number of updated asset objects reloaded before import = 0
Number of asset objects unloaded after import = 9
========================================================================
Received Import Request.
  Time since last request: 0.154641 seconds.
  path: Assets/Blinktool/Low poly rocks/Prefabs/Granite/Rocks_Granite_52.prefab
  artifactKey: Guid(7e4eb787f43b8604da21a68c276b0ce7) Importer(815301076,1909f56bfc062723c751e8b465ee728b)
Start importing Assets/Blinktool/Low poly rocks/Prefabs/Granite/Rocks_Granite_52.prefab using Guid(7e4eb787f43b8604da21a68c276b0ce7) Importer(815301076,1909f56bfc062723c751e8b465ee728b)  -> (artifact id: 'ffba686fa0c890e226a1b0921193b69e') in 0.488521 seconds
Number of updated asset objects reloaded before import = 0
Number of asset objects unloaded after import = 9
========================================================================
Received Import Request.
  Time since last request: 0.000038 seconds.
  path: Assets/Blinktool/Low poly rocks/Prefabs/Granite/Rocks_Granite_3.prefab
  artifactKey: Guid(d47b68ed7e4d97449b78e7a6fd07c95f) Importer(815301076,1909f56bfc062723c751e8b465ee728b)
Start importing Assets/Blinktool/Low poly rocks/Prefabs/Granite/Rocks_Granite_3.prefab using Guid(d47b68ed7e4d97449b78e7a6fd07c95f) Importer(815301076,1909f56bfc062723c751e8b465ee728b)  -> (artifact id: '24b1a8104bf7ef3c668c8574e0746828') in 0.038079 seconds
Number of updated asset objects reloaded before import = 0
Number of asset objects unloaded after import = 9
========================================================================
Received Import Request.
  Time since last request: 0.000380 seconds.
  path: Assets/Blinktool/Low poly rocks/Prefabs/Granite/Rocks_Granite_58.prefab
  artifactKey: Guid(6bf086d42c5c5d645b5ba0ea1df7f189) Importer(815301076,1909f56bfc062723c751e8b465ee728b)
Start importing Assets/Blinktool/Low poly rocks/Prefabs/Granite/Rocks_Granite_58.prefab using Guid(6bf086d42c5c5d645b5ba0ea1df7f189) Importer(815301076,1909f56bfc062723c751e8b465ee728b)  -> (artifact id: 'b2c508f5d582ef1970f174b4c85275fb') in 0.042831 seconds
Number of updated asset objects reloaded before import = 0
Number of asset objects unloaded after import = 9
========================================================================
Received Import Request.
  Time since last request: 0.000029 seconds.
  path: Assets/Blinktool/Low poly rocks/Prefabs/Granite/Rocks_Granite_9.prefab
  artifactKey: Guid(93748c99b4f1d3b4390ab5497c87943a) Importer(815301076,1909f56bfc062723c751e8b465ee728b)
Start importing Assets/Blinktool/Low poly rocks/Prefabs/Granite/Rocks_Granite_9.prefab using Guid(93748c99b4f1d3b4390ab5497c87943a) Importer(815301076,1909f56bfc062723c751e8b465ee728b)  -> (artifact id: '4e9752fd34279b78d0dc6742058ffe88') in 0.079791 seconds
Number of updated asset objects reloaded before import = 0
Number of asset objects unloaded after import = 9
========================================================================
Received Import Request.
  Time since last request: 0.027679 seconds.
  path: Assets/Blinktool/Low poly rocks/Prefabs/Granite/Rocks_Granite_29.prefab
  artifactKey: Guid(62fb07a9d4954c04bbdcb0ecae26f2c0) Importer(815301076,1909f56bfc062723c751e8b465ee728b)
Start importing Assets/Blinktool/Low poly rocks/Prefabs/Granite/Rocks_Granite_29.prefab using Guid(62fb07a9d4954c04bbdcb0ecae26f2c0) Importer(815301076,1909f56bfc062723c751e8b465ee728b)  -> (artifact id: 'a8f0c592053aa6149035512515224a3a') in 0.123093 seconds
Number of updated asset objects reloaded before import = 0
Number of asset objects unloaded after import = 9
========================================================================
Received Import Request.
  Time since last request: 0.000034 seconds.
  path: Assets/Blinktool/Low poly rocks/Prefabs/Granite/Rocks_Granite_42.prefab
  artifactKey: Guid(fb266600759f1ce4a8bab7d9ebdef5fb) Importer(815301076,1909f56bfc062723c751e8b465ee728b)
Start importing Assets/Blinktool/Low poly rocks/Prefabs/Granite/Rocks_Granite_42.prefab using Guid(fb266600759f1ce4a8bab7d9ebdef5fb) Importer(815301076,1909f56bfc062723c751e8b465ee728b)  -> (artifact id: 'bcd7b9868f20455909f463185a23eb33') in 0.067895 seconds
Number of updated asset objects reloaded before import = 0
Number of asset objects unloaded after import = 9
========================================================================
Received Import Request.
  Time since last request: 162.199434 seconds.
  path: Assets/Blinktool/Low poly rocks/Prefabs/Sandstone/Rocks_Sandstone_2.prefab
  artifactKey: Guid(57bd3e8357d932f43a8fbdf3ee788ff3) Importer(815301076,1909f56bfc062723c751e8b465ee728b)
Start importing Assets/Blinktool/Low poly rocks/Prefabs/Sandstone/Rocks_Sandstone_2.prefab using Guid(57bd3e8357d932f43a8fbdf3ee788ff3) Importer(815301076,1909f56bfc062723c751e8b465ee728b)  -> (artifact id: '4cb340bb1e25b14b904d153adaaa0d9d') in 37.627859 seconds
Number of updated asset objects reloaded before import = 0
Number of asset objects unloaded after import = 9
========================================================================
Received Import Request.
  Time since last request: 0.000936 seconds.
  path: Assets/Blinktool/Low poly rocks/Prefabs/Sandstone/Rocks_Sandstone_29.prefab
  artifactKey: Guid(cea3586475fe004448c6667b48e1183d) Importer(815301076,1909f56bfc062723c751e8b465ee728b)
Start importing Assets/Blinktool/Low poly rocks/Prefabs/Sandstone/Rocks_Sandstone_29.prefab using Guid(cea3586475fe004448c6667b48e1183d) Importer(815301076,1909f56bfc062723c751e8b465ee728b)  -> (artifact id: '43e2116d5b8fd81047d88c66a04f950a') in 0.651681 seconds
Number of updated asset objects reloaded before import = 0
Number of asset objects unloaded after import = 9
========================================================================
Received Import Request.
  Time since last request: 0.000319 seconds.
  path: Assets/Blinktool/Low poly rocks/Prefabs/Sandstone/Rocks_Sandstone_8.prefab
  artifactKey: Guid(7bf8103be8129dc44a8b68b722814658) Importer(815301076,1909f56bfc062723c751e8b465ee728b)
Start importing Assets/Blinktool/Low poly rocks/Prefabs/Sandstone/Rocks_Sandstone_8.prefab using Guid(7bf8103be8129dc44a8b68b722814658) Importer(815301076,1909f56bfc062723c751e8b465ee728b)  -> (artifact id: '788bd10a2160879976cdfda02b087fe7') in 0.082148 seconds
Number of updated asset objects reloaded before import = 0
Number of asset objects unloaded after import = 9
========================================================================
Received Import Request.
  Time since last request: 0.000040 seconds.
  path: Assets/Blinktool/Low poly rocks/Prefabs/Sandstone/Rocks_Sandstone_26.prefab
  artifactKey: Guid(b4b7fcb227f6aa344a0ffc74f69f48f0) Importer(815301076,1909f56bfc062723c751e8b465ee728b)
Start importing Assets/Blinktool/Low poly rocks/Prefabs/Sandstone/Rocks_Sandstone_26.prefab using Guid(b4b7fcb227f6aa344a0ffc74f69f48f0) Importer(815301076,1909f56bfc062723c751e8b465ee728b)  -> (artifact id: '2b209ee03fc35a3daedaafba7b3316dd') in 0.054871 seconds
Number of updated asset objects reloaded before import = 0
Number of asset objects unloaded after import = 9
========================================================================
Received Import Request.
  Time since last request: 0.000048 seconds.
  path: Assets/Blinktool/Low poly rocks/Prefabs/Sandstone/Rocks_Sandstone_12.prefab
  artifactKey: Guid(48dd39dc7918e2b4eac187b9e4f83a87) Importer(815301076,1909f56bfc062723c751e8b465ee728b)
Start importing Assets/Blinktool/Low poly rocks/Prefabs/Sandstone/Rocks_Sandstone_12.prefab using Guid(48dd39dc7918e2b4eac187b9e4f83a87) Importer(815301076,1909f56bfc062723c751e8b465ee728b)  -> (artifact id: '091df7038dac024c8e342690aad03bf7') in 0.057254 seconds
Number of updated asset objects reloaded before import = 0
Number of asset objects unloaded after import = 9
========================================================================
Received Import Request.
  Time since last request: 0.000038 seconds.
  path: Assets/Blinktool/Low poly rocks/Prefabs/Sandstone/Rocks_Sandstone_38.prefab
  artifactKey: Guid(17d922ee0f60744449d7bb9ace47b4aa) Importer(815301076,1909f56bfc062723c751e8b465ee728b)
Start importing Assets/Blinktool/Low poly rocks/Prefabs/Sandstone/Rocks_Sandstone_38.prefab using Guid(17d922ee0f60744449d7bb9ace47b4aa) Importer(815301076,1909f56bfc062723c751e8b465ee728b)  -> (artifact id: 'b2c5dacdab2bfb26647dd0fa04fffaef') in 0.057370 seconds
Number of updated asset objects reloaded before import = 0
Number of asset objects unloaded after import = 9
========================================================================
Received Import Request.
  Time since last request: 0.000062 seconds.
  path: Assets/Blinktool/Low poly rocks/Prefabs/Sandstone/Rocks_Sandstone_47.prefab
  artifactKey: Guid(5a63a339fb61537408062bacb2e846fa) Importer(815301076,1909f56bfc062723c751e8b465ee728b)
Start importing Assets/Blinktool/Low poly rocks/Prefabs/Sandstone/Rocks_Sandstone_47.prefab using Guid(5a63a339fb61537408062bacb2e846fa) Importer(815301076,1909f56bfc062723c751e8b465ee728b)  -> (artifact id: 'b9968397c1f2c6a3ec3890fcf05898c9') in 0.053515 seconds
Number of updated asset objects reloaded before import = 0
Number of asset objects unloaded after import = 9
========================================================================
Received Import Request.
  Time since last request: 0.000923 seconds.
  path: Assets/Blinktool/Low poly rocks/Prefabs/Sandstone/Rocks_Sandstone_9.prefab
  artifactKey: Guid(8d940031bf7f4fb409a350ef8a598a3e) Importer(815301076,1909f56bfc062723c751e8b465ee728b)
Start importing Assets/Blinktool/Low poly rocks/Prefabs/Sandstone/Rocks_Sandstone_9.prefab using Guid(8d940031bf7f4fb409a350ef8a598a3e) Importer(815301076,1909f56bfc062723c751e8b465ee728b)  -> (artifact id: 'b423ca37d7aaf1a6225d98464475bcb2') in 0.032656 seconds
Number of updated asset objects reloaded before import = 0
Number of asset objects unloaded after import = 9
========================================================================
Received Import Request.
  Time since last request: 0.000348 seconds.
  path: Assets/Blinktool/Low poly rocks/Prefabs/Sandstone/Rocks_Sandstone_58.prefab
  artifactKey: Guid(5d0a2db909ff28e47a9c19fd360dd712) Importer(815301076,1909f56bfc062723c751e8b465ee728b)
Start importing Assets/Blinktool/Low poly rocks/Prefabs/Sandstone/Rocks_Sandstone_58.prefab using Guid(5d0a2db909ff28e47a9c19fd360dd712) Importer(815301076,1909f56bfc062723c751e8b465ee728b)  -> (artifact id: '4e217bc36f1f2c86f3221838553a26a8') in 0.040107 seconds
Number of updated asset objects reloaded before import = 0
Number of asset objects unloaded after import = 9
========================================================================
Received Import Request.
  Time since last request: 0.000042 seconds.
  path: Assets/Blinktool/Low poly rocks/Prefabs/Sandstone/Rocks_Sandstone_24.prefab
  artifactKey: Guid(2ba9ba52e1a5c9b4a815e517b92dbd68) Importer(815301076,1909f56bfc062723c751e8b465ee728b)
Start importing Assets/Blinktool/Low poly rocks/Prefabs/Sandstone/Rocks_Sandstone_24.prefab using Guid(2ba9ba52e1a5c9b4a815e517b92dbd68) Importer(815301076,1909f56bfc062723c751e8b465ee728b)  -> (artifact id: '29ae1198fe243e8d9f751e0c93590536') in 0.049144 seconds
Number of updated asset objects reloaded before import = 0
Number of asset objects unloaded after import = 9
========================================================================
Received Import Request.
  Time since last request: 0.000093 seconds.
  path: Assets/Blinktool/Low poly rocks/Prefabs/Sandstone/Rocks_Sandstone_4.prefab
  artifactKey: Guid(ebe5d6e192f9c4a4f9565f826cf6aec4) Importer(815301076,1909f56bfc062723c751e8b465ee728b)
Start importing Assets/Blinktool/Low poly rocks/Prefabs/Sandstone/Rocks_Sandstone_4.prefab using Guid(ebe5d6e192f9c4a4f9565f826cf6aec4) Importer(815301076,1909f56bfc062723c751e8b465ee728b)  -> (artifact id: '5fa4984f87eb3a72edd1b6ca20c041d3') in 0.048744 seconds
Number of updated asset objects reloaded before import = 0
Number of asset objects unloaded after import = 9
========================================================================
Received Import Request.
  Time since last request: 0.000768 seconds.
  path: Assets/Blinktool/Low poly rocks/Prefabs/Sandstone/Rocks_Sandstone_37.prefab
  artifactKey: Guid(6746b028891904f43b0cd32ce38c8857) Importer(815301076,1909f56bfc062723c751e8b465ee728b)
Start importing Assets/Blinktool/Low poly rocks/Prefabs/Sandstone/Rocks_Sandstone_37.prefab using Guid(6746b028891904f43b0cd32ce38c8857) Importer(815301076,1909f56bfc062723c751e8b465ee728b)  -> (artifact id: 'e21709f76b4b07a73288cd2c81e09f7c') in 0.041783 seconds
Number of updated asset objects reloaded before import = 0
Number of asset objects unloaded after import = 9
========================================================================
Received Import Request.
  Time since last request: 0.001305 seconds.
  path: Assets/Blinktool/Low poly rocks/Prefabs/Sandstone/Rocks_Sandstone_21.prefab
  artifactKey: Guid(eddffeb164a4ef749bcc0b60fd1b8325) Importer(815301076,1909f56bfc062723c751e8b465ee728b)
Start importing Assets/Blinktool/Low poly rocks/Prefabs/Sandstone/Rocks_Sandstone_21.prefab using Guid(eddffeb164a4ef749bcc0b60fd1b8325) Importer(815301076,1909f56bfc062723c751e8b465ee728b)  -> (artifact id: 'ed9c69531966f039e4ae3699e01ec9d4') in 0.055083 seconds
Number of updated asset objects reloaded before import = 0
Number of asset objects unloaded after import = 9
========================================================================
Received Import Request.
  Time since last request: 0.000062 seconds.
  path: Assets/Blinktool/Low poly rocks/Prefabs/Sandstone/Rocks_Sandstone_15.prefab
  artifactKey: Guid(b8310e7e243728749aed50499859e592) Importer(815301076,1909f56bfc062723c751e8b465ee728b)
Start importing Assets/Blinktool/Low poly rocks/Prefabs/Sandstone/Rocks_Sandstone_15.prefab using Guid(b8310e7e243728749aed50499859e592) Importer(815301076,1909f56bfc062723c751e8b465ee728b)  -> (artifact id: '54baf45f0ba6b8c160ab7403b2eddb3b') in 0.046294 seconds
Number of updated asset objects reloaded before import = 0
Number of asset objects unloaded after import = 9
========================================================================
Received Import Request.
  Time since last request: 0.000093 seconds.
  path: Assets/Blinktool/Low poly rocks/Prefabs/Sandstone/Rocks_Sandstone_43.prefab
  artifactKey: Guid(085b1127458d14c4bb3101831e10ed0f) Importer(815301076,1909f56bfc062723c751e8b465ee728b)
Start importing Assets/Blinktool/Low poly rocks/Prefabs/Sandstone/Rocks_Sandstone_43.prefab using Guid(085b1127458d14c4bb3101831e10ed0f) Importer(815301076,1909f56bfc062723c751e8b465ee728b)  -> (artifact id: 'd4b71ea6bf28d478fa79ce2ab75d7b88') in 0.033708 seconds
Number of updated asset objects reloaded before import = 0
Number of asset objects unloaded after import = 9
========================================================================
Received Import Request.
  Time since last request: 0.000178 seconds.
  path: Assets/Blinktool/Low poly rocks/Prefabs/Sandstone/Rocks_Sandstone_56.prefab
  artifactKey: Guid(5c83135dc9385a34ab2ecfbd6f4a254b) Importer(815301076,1909f56bfc062723c751e8b465ee728b)
Start importing Assets/Blinktool/Low poly rocks/Prefabs/Sandstone/Rocks_Sandstone_56.prefab using Guid(5c83135dc9385a34ab2ecfbd6f4a254b) Importer(815301076,1909f56bfc062723c751e8b465ee728b)  -> (artifact id: '73c734d1ca3f8426b0c6029d729ee1c8') in 0.038107 seconds
Number of updated asset objects reloaded before import = 0
Number of asset objects unloaded after import = 9
========================================================================
Received Import Request.
  Time since last request: 0.000628 seconds.
  path: Assets/Blinktool/Low poly rocks/Prefabs/Sandstone/Rocks_Sandstone_34.prefab
  artifactKey: Guid(789f1e9ac96b23c43bfb3849bde065b7) Importer(815301076,1909f56bfc062723c751e8b465ee728b)
Start importing Assets/Blinktool/Low poly rocks/Prefabs/Sandstone/Rocks_Sandstone_34.prefab using Guid(789f1e9ac96b23c43bfb3849bde065b7) Importer(815301076,1909f56bfc062723c751e8b465ee728b)  -> (artifact id: '14d9d4e550d66e30e2ac74906f81f7b7') in 0.041075 seconds
Number of updated asset objects reloaded before import = 0
Number of asset objects unloaded after import = 9
========================================================================
Received Import Request.
  Time since last request: 0.000047 seconds.
  path: Assets/Blinktool/Low poly rocks/Prefabs/Sandstone/Rocks_Sandstone_7.prefab
  artifactKey: Guid(a7f9f32ca6c83f64797e4cf8ca102c0c) Importer(815301076,1909f56bfc062723c751e8b465ee728b)
Start importing Assets/Blinktool/Low poly rocks/Prefabs/Sandstone/Rocks_Sandstone_7.prefab using Guid(a7f9f32ca6c83f64797e4cf8ca102c0c) Importer(815301076,1909f56bfc062723c751e8b465ee728b)  -> (artifact id: '3d82671c6c450fd6ce63f1f479ef6511') in 0.041855 seconds
Number of updated asset objects reloaded before import = 0
Number of asset objects unloaded after import = 9
========================================================================
Received Import Request.
  Time since last request: 0.000029 seconds.
  path: Assets/Blinktool/Low poly rocks/Prefabs/Sandstone/Rocks_Sandstone_6.prefab
  artifactKey: Guid(7fe6b2af8daddcf43b06ea2fb87678db) Importer(815301076,1909f56bfc062723c751e8b465ee728b)
Start importing Assets/Blinktool/Low poly rocks/Prefabs/Sandstone/Rocks_Sandstone_6.prefab using Guid(7fe6b2af8daddcf43b06ea2fb87678db) Importer(815301076,1909f56bfc062723c751e8b465ee728b)  -> (artifact id: 'c43d43fdcb4ae18316bc5fccf3f41e8f') in 0.041443 seconds
Number of updated asset objects reloaded before import = 0
Number of asset objects unloaded after import = 9
========================================================================
Received Import Request.
  Time since last request: 0.000225 seconds.
  path: Assets/Blinktool/Low poly rocks/Prefabs/Sandstone/Rocks_Sandstone_44.prefab
  artifactKey: Guid(8cab599855be93849836e83402da0672) Importer(815301076,1909f56bfc062723c751e8b465ee728b)
Start importing Assets/Blinktool/Low poly rocks/Prefabs/Sandstone/Rocks_Sandstone_44.prefab using Guid(8cab599855be93849836e83402da0672) Importer(815301076,1909f56bfc062723c751e8b465ee728b)  -> (artifact id: '11ed9be0ac060ef760b26df9392dcee9') in 0.045196 seconds
Number of updated asset objects reloaded before import = 0
Number of asset objects unloaded after import = 9
========================================================================
Received Import Request.
  Time since last request: 0.000022 seconds.
  path: Assets/Blinktool/Low poly rocks/Prefabs/Sandstone/Rocks_Sandstone_27.prefab
  artifactKey: Guid(dcda190baa7087a4e96f21f12b160db7) Importer(815301076,1909f56bfc062723c751e8b465ee728b)
Start importing Assets/Blinktool/Low poly rocks/Prefabs/Sandstone/Rocks_Sandstone_27.prefab using Guid(dcda190baa7087a4e96f21f12b160db7) Importer(815301076,1909f56bfc062723c751e8b465ee728b)  -> (artifact id: '8079765f170efc233f2c0b019a060ae4') in 0.080986 seconds
Number of updated asset objects reloaded before import = 0
Number of asset objects unloaded after import = 9
========================================================================
Received Import Request.
  Time since last request: 0.000065 seconds.
  path: Assets/Blinktool/Low poly rocks/Prefabs/Sandstone/Rocks_Sandstone_53.prefab
  artifactKey: Guid(4a661a9b83693b248a4bcd0188c4cbec) Importer(815301076,1909f56bfc062723c751e8b465ee728b)
Start importing Assets/Blinktool/Low poly rocks/Prefabs/Sandstone/Rocks_Sandstone_53.prefab using Guid(4a661a9b83693b248a4bcd0188c4cbec) Importer(815301076,1909f56bfc062723c751e8b465ee728b)  -> (artifact id: '890ab55c4eadb67aae79c9e085f47b7e') in 0.027032 seconds
Number of updated asset objects reloaded before import = 0
Number of asset objects unloaded after import = 9
========================================================================
Received Import Request.
  Time since last request: 0.000023 seconds.
  path: Assets/Blinktool/Low poly rocks/Prefabs/Sandstone/Rocks_Sandstone_55.prefab
  artifactKey: Guid(03edf7bed6ca132499bcc22a5fc9fc61) Importer(815301076,1909f56bfc062723c751e8b465ee728b)
Start importing Assets/Blinktool/Low poly rocks/Prefabs/Sandstone/Rocks_Sandstone_55.prefab using Guid(03edf7bed6ca132499bcc22a5fc9fc61) Importer(815301076,1909f56bfc062723c751e8b465ee728b)  -> (artifact id: '3314bcb0ca539b8bef00f2264a4fe96d') in 0.023810 seconds
Number of updated asset objects reloaded before import = 0
Number of asset objects unloaded after import = 9
========================================================================
Received Import Request.
  Time since last request: 0.000481 seconds.
  path: Assets/Blinktool/Low poly rocks/Prefabs/Sandstone/Rocks_Sandstone_46.prefab
  artifactKey: Guid(eabb46d49724a4f4cae7708428ad585f) Importer(815301076,1909f56bfc062723c751e8b465ee728b)
Start importing Assets/Blinktool/Low poly rocks/Prefabs/Sandstone/Rocks_Sandstone_46.prefab using Guid(eabb46d49724a4f4cae7708428ad585f) Importer(815301076,1909f56bfc062723c751e8b465ee728b)  -> (artifact id: '895d2ddc5c7080c07563eaff34ec769e') in 0.022170 seconds
Number of updated asset objects reloaded before import = 0
Number of asset objects unloaded after import = 9
========================================================================
Received Import Request.
  Time since last request: 0.000023 seconds.
  path: Assets/Blinktool/Low poly rocks/Prefabs/Sandstone/Rocks_Sandstone_31.prefab
  artifactKey: Guid(84f4cce282363e24d8c94d3c8859a295) Importer(815301076,1909f56bfc062723c751e8b465ee728b)
Start importing Assets/Blinktool/Low poly rocks/Prefabs/Sandstone/Rocks_Sandstone_31.prefab using Guid(84f4cce282363e24d8c94d3c8859a295) Importer(815301076,1909f56bfc062723c751e8b465ee728b)  -> (artifact id: 'e6f76fe177bbda7c3fc5a6394eba3876') in 0.019562 seconds
Number of updated asset objects reloaded before import = 0
Number of asset objects unloaded after import = 9
========================================================================
Received Import Request.
  Time since last request: 0.000027 seconds.
  path: Assets/Blinktool/Low poly rocks/Prefabs/Sandstone/Rocks_Sandstone_48.prefab
  artifactKey: Guid(eb5ddf13c0e8fef4d8ccbe0d295a461c) Importer(815301076,1909f56bfc062723c751e8b465ee728b)
Start importing Assets/Blinktool/Low poly rocks/Prefabs/Sandstone/Rocks_Sandstone_48.prefab using Guid(eb5ddf13c0e8fef4d8ccbe0d295a461c) Importer(815301076,1909f56bfc062723c751e8b465ee728b)  -> (artifact id: 'bd1bbbd0206bb4811c984eddf939f9b6') in 0.020849 seconds
Number of updated asset objects reloaded before import = 0
Number of asset objects unloaded after import = 9
========================================================================
Received Import Request.
  Time since last request: 0.000047 seconds.
  path: Assets/Blinktool/Low poly rocks/Prefabs/Sandstone/Rocks_Sandstone_33.prefab
  artifactKey: Guid(fc737a7ebb793d546b1785aa87d7619d) Importer(815301076,1909f56bfc062723c751e8b465ee728b)
Start importing Assets/Blinktool/Low poly rocks/Prefabs/Sandstone/Rocks_Sandstone_33.prefab using Guid(fc737a7ebb793d546b1785aa87d7619d) Importer(815301076,1909f56bfc062723c751e8b465ee728b)  -> (artifact id: '6fc356efc256c67adac005bd38d21e2e') in 0.021478 seconds
Number of updated asset objects reloaded before import = 0
Number of asset objects unloaded after import = 9
========================================================================
Received Import Request.
  Time since last request: 0.000031 seconds.
  path: Assets/Blinktool/Low poly rocks/Prefabs/Sandstone/Rocks_Sandstone_57.prefab
  artifactKey: Guid(6ccc6b511256b934d888b058b1e1f5a8) Importer(815301076,1909f56bfc062723c751e8b465ee728b)
Start importing Assets/Blinktool/Low poly rocks/Prefabs/Sandstone/Rocks_Sandstone_57.prefab using Guid(6ccc6b511256b934d888b058b1e1f5a8) Importer(815301076,1909f56bfc062723c751e8b465ee728b)  -> (artifact id: '10869fdb3c15d966f301fcf47655c13c') in 0.023052 seconds
Number of updated asset objects reloaded before import = 0
Number of asset objects unloaded after import = 9
Editor requested this worker to shutdown with reason: Scaling down because of idle timeout
TcpMessagingSession - receive error
AssetImportWorkerClient::OnTransportError - code=2 error=End of file
AssetImportWorker is now disconnected from the server
Process exiting
Exiting without the bug reporter. Application will terminate with return code 0