Using pre-set license
Built from '2022.3/staging' branch; Version is '2022.3.13f1 (5f90a5ebde0f) revision 6262949'; Using compiler version '192829333'; Build Type 'Release'
OS: 'Windows 11  (10.0.22631) 64bit Core' Language: 'hu' Physical Memory: 3454 MB
BatchMode: 1, IsHumanControllingUs: 0, StartBugReporterOnCrash: 0, Is64bit: 1, IsPro: 1

COMMAND LINE ARGUMENTS:
C:\Program Files\Unity\Hub\Editor\2022.3.13f1\Editor\Unity.exe
-adb2
-batchMode
-noUpm
-name
AssetImportWorker8
-projectPath
C:/Users/szojk/Documents/BME 6.f√©l√©v (erasmus)/oulu/Product development/unity/test_game
-logFile
Logs/AssetImportWorker8.log
-srvPort
51290
Successfully changed project path to: C:/Users/szojk/Documents/BME 6.f√©l√©v (erasmus)/oulu/Product development/unity/test_game
C:/Users/szojk/Documents/BME 6.f√©l√©v (erasmus)/oulu/Product development/unity/test_game
[UnityMemory] Configuration Parameters - Can be set up in boot.config
    "memorysetup-bucket-allocator-granularity=16"
    "memorysetup-bucket-allocator-bucket-count=8"
    "memorysetup-bucket-allocator-block-size=33554432"
    "memorysetup-bucket-allocator-block-count=8"
    "memorysetup-main-allocator-block-size=16777216"
    "memorysetup-thread-allocator-block-size=16777216"
    "memorysetup-gfx-main-allocator-block-size=16777216"
    "memorysetup-gfx-thread-allocator-block-size=16777216"
    "memorysetup-cache-allocator-block-size=4194304"
    "memorysetup-typetree-allocator-block-size=2097152"
    "memorysetup-profiler-bucket-allocator-granularity=16"
    "memorysetup-profiler-bucket-allocator-bucket-count=8"
    "memorysetup-profiler-bucket-allocator-block-size=33554432"
    "memorysetup-profiler-bucket-allocator-block-count=8"
    "memorysetup-profiler-allocator-block-size=16777216"
    "memorysetup-profiler-editor-allocator-block-size=1048576"
    "memorysetup-temp-allocator-size-main=16777216"
    "memorysetup-job-temp-allocator-block-size=2097152"
    "memorysetup-job-temp-allocator-block-size-background=1048576"
    "memorysetup-job-temp-allocator-reduction-small-platforms=262144"
    "memorysetup-allocator-temp-initial-block-size-main=262144"
    "memorysetup-allocator-temp-initial-block-size-worker=262144"
    "memorysetup-temp-allocator-size-background-worker=32768"
    "memorysetup-temp-allocator-size-job-worker=262144"
    "memorysetup-temp-allocator-size-preload-manager=33554432"
    "memorysetup-temp-allocator-size-nav-mesh-worker=65536"
    "memorysetup-temp-allocator-size-audio-worker=65536"
    "memorysetup-temp-allocator-size-cloud-worker=32768"
    "memorysetup-temp-allocator-size-gi-baking-worker=262144"
    "memorysetup-temp-allocator-size-gfx=262144"
Unable to join player connection multicast group (err: 0).
Unable to join player connection alternative multicast group (err: 0).
[Physics::Module] Initialized MultithreadedJobDispatcher with 3 workers.
Refreshing native plugins compatible for Editor in 78.02 ms, found 3 plugins.
Preloading 0 native plugins for Editor in 0.00 ms.
Initialize engine version: 2022.3.13f1 (5f90a5ebde0f)
[Subsystems] Discovering subsystems at path C:/Program Files/Unity/Hub/Editor/2022.3.13f1/Editor/Data/Resources/UnitySubsystems
[Subsystems] Discovering subsystems at path C:/Users/szojk/Documents/BME 6.f√©l√©v (erasmus)/oulu/Product development/unity/test_game/Assets
GfxDevice: creating device client; threaded=0; jobified=0
Direct3D:
    Version:  Direct3D 11.0 [level 11.1]
    Renderer: AMD Radeon(TM) Graphics (ID=0x1636)
    Vendor:   ATI
    VRAM:     1727 MB
    Driver:   31.0.12044.24003
Initialize mono
Mono path[0] = 'C:/Program Files/Unity/Hub/Editor/2022.3.13f1/Editor/Data/Managed'
Mono path[1] = 'C:/Program Files/Unity/Hub/Editor/2022.3.13f1/Editor/Data/MonoBleedingEdge/lib/mono/unityjit-win32'
Mono config path = 'C:/Program Files/Unity/Hub/Editor/2022.3.13f1/Editor/Data/MonoBleedingEdge/etc'
Using monoOptions --debugger-agent=transport=dt_socket,embedding=1,server=y,suspend=n,address=127.0.0.1:56000
Begin MonoManager ReloadAssembly
Registering precompiled unity dll's ...
Register platform support module: C:/Program Files/Unity/Hub/Editor/2022.3.13f1/Editor/Data/PlaybackEngines/WindowsStandaloneSupport/UnityEditor.WindowsStandalone.Extensions.dll
Registered in 0.015811 seconds.
- Loaded All Assemblies, in  4.094 seconds
Native extension for WindowsStandalone target not found
Mono: successfully reloaded assembly
- Finished resetting the current domain, in  2.075 seconds
Domain Reload Profiling: 6141ms
	BeginReloadAssembly (1904ms)
		ExecutionOrderSort (0ms)
		DisableScriptedObjects (0ms)
		BackupInstance (0ms)
		ReleaseScriptingObjects (0ms)
		CreateAndSetChildDomain (2ms)
	RebuildCommonClasses (224ms)
	RebuildNativeTypeToScriptingClass (68ms)
	initialDomainReloadingComplete (901ms)
	LoadAllAssembliesAndSetupDomain (969ms)
		LoadAssemblies (2001ms)
		RebuildTransferFunctionScriptingTraits (0ms)
		AnalyzeDomain (862ms)
			TypeCache.Refresh (857ms)
				TypeCache.ScanAssembly (812ms)
			ScanForSourceGeneratedMonoScriptInfo (1ms)
			ResolveRequiredComponents (1ms)
	FinalizeReload (2076ms)
		ReleaseScriptCaches (0ms)
		RebuildScriptCaches (0ms)
		SetupLoadedEditorAssemblies (1653ms)
			LogAssemblyErrors (0ms)
			InitializePlatformSupportModulesInManaged (240ms)
			SetLoadedEditorAssemblies (165ms)
			RefreshPlugins (0ms)
			BeforeProcessingInitializeOnLoad (157ms)
			ProcessInitializeOnLoadAttributes (830ms)
			ProcessInitializeOnLoadMethodAttributes (261ms)
			AfterProcessingInitializeOnLoad (0ms)
			EditorAssembliesLoaded (0ms)
		ExecutionOrderSort2 (0ms)
		AwakeInstancesAfterBackupRestoration (0ms)
========================================================================
Worker process is ready to serve import requests
Begin MonoManager ReloadAssembly
- Loaded All Assemblies, in  9.323 seconds
Refreshing native plugins compatible for Editor in 8.54 ms, found 3 plugins.
Native extension for WindowsStandalone target not found
Could not allocate 16424 bytes
Crash!!!
  ERROR: SymInitialize, GetLastError: 'Nincs elegend≈ë mem√≥ria-er≈ëforr√°s a parancs feldolgoz√°s√°hoz.' (Address: 0000000000000000)
  ERROR: SymGetSearchPath, GetLastError: 'A le√≠r√≥ √©rv√©nytelen.' (Address: 0000000000000000)
SymInit: Symbol-SearchPath: '', symOptions: 534, UserName: 'szojk'
OS-Version: 10.0.0
C:\Program Files\Unity\Hub\Editor\2022.3.13f1\Editor\Unity.exe:Unity.exe (00007FF74C000000), size: 82337792 (result: 6), SymType: '-unknown-', PDB: '', fileVersion: 2022.3.13.37029
  ERROR: LoadModule, GetLastError: 'A le√≠r√≥ √©rv√©nytelen.' (Address: 0000000000000000)
C:\WINDOWS\SYSTEM32\ntdll.dll:ntdll.dll (00007FF8CCB70000), size: 2187264 (result: 6), SymType: '-unknown-', PDB: '', fileVersion: 10.0.22621.3374
  ERROR: LoadModule, GetLastError: 'A le√≠r√≥ √©rv√©nytelen.' (Address: 0000000000000000)
C:\WINDOWS\System32\KERNEL32.DLL:KERNEL32.DLL (00007FF8CB880000), size: 802816 (result: 6), SymType: '-unknown-', PDB: '', fileVersion: 10.0.22621.3374
  ERROR: LoadModule, GetLastError: 'A le√≠r√≥ √©rv√©nytelen.' (Address: 0000000000000000)
C:\WINDOWS\System32\KERNELBASE.dll:KERNELBASE.dll (00007FF8C9FB0000), size: 3829760 (result: 6), SymType: '-unknown-', PDB: '', fileVersion: 10.0.22621.3447
  ERROR: LoadModule, GetLastError: 'A le√≠r√≥ √©rv√©nytelen.' (Address: 0000000000000000)
C:\WINDOWS\System32\CRYPT32.dll:CRYPT32.dll (00007FF8CA480000), size: 1470464 (result: 6), SymType: '-unknown-', PDB: '', fileVersion: 10.0.22621.3447
  ERROR: LoadModule, GetLastError: 'A le√≠r√≥ √©rv√©nytelen.' (Address: 0000000000000000)
C:\WINDOWS\System32\ucrtbase.dll:ucrtbase.dll (00007FF8C9E90000), size: 1118208 (result: 6), SymType: '-unknown-', PDB: '', fileVersion: 10.0.22621.3374
  ERROR: LoadModule, GetLastError: 'A le√≠r√≥ √©rv√©nytelen.' (Address: 0000000000000000)
C:\WINDOWS\System32\USER32.dll:USER32.dll (00007FF8CBF80000), size: 1761280 (result: 6), SymType: '-unknown-', PDB: '', fileVersion: 10.0.22621.3374
  ERROR: LoadModule, GetLastError: 'A le√≠r√≥ √©rv√©nytelen.' (Address: 0000000000000000)
C:\WINDOWS\System32\win32u.dll:win32u.dll (00007FF8CA700000), size: 155648 (result: 6), SymType: '-unknown-', PDB: '', fileVersion: 10.0.22621.3447
  ERROR: LoadModule, GetLastError: 'A le√≠r√≥ √©rv√©nytelen.' (Address: 0000000000000000)
C:\WINDOWS\System32\GDI32.dll:GDI32.dll (00007FF8CB710000), size: 167936 (result: 6), SymType: '-unknown-', PDB: '', fileVersion: 10.0.22621.3085
  ERROR: LoadModule, GetLastError: 'A le√≠r√≥ √©rv√©nytelen.' (Address: 0000000000000000)
C:\WINDOWS\System32\gdi32full.dll:gdi32full.dll (00007FF8CA360000), size: 1150976 (result: 6), SymType: '-unknown-', PDB: '', fileVersion: 10.0.22621.3374
  ERROR: LoadModule, GetLastError: 'A le√≠r√≥ √©rv√©nytelen.' (Address: 0000000000000000)
C:\WINDOWS\System32\msvcp_win.dll:msvcp_win.dll (00007FF8CA660000), size: 630784 (result: 6), SymType: '-unknown-', PDB: '', fileVersion: 10.0.22621.3374
  ERROR: LoadModule, GetLastError: 'A le√≠r√≥ √©rv√©nytelen.' (Address: 0000000000000000)
C:\WINDOWS\System32\ADVAPI32.dll:ADVAPI32.dll (00007FF8CBEA0000), size: 729088 (result: 6), SymType: '-unknown-', PDB: '', fileVersion: 10.0.22621.3296
  ERROR: LoadModule, GetLastError: 'A le√≠r√≥ √©rv√©nytelen.' (Address: 0000000000000000)
C:\WINDOWS\System32\msvcrt.dll:msvcrt.dll (00007FF8CABE0000), size: 684032 (result: 6), SymType: '-unknown-', PDB: '', fileVersion: 7.0.22621.2506
  ERROR: LoadModule, GetLastError: 'A le√≠r√≥ √©rv√©nytelen.' (Address: 0000000000000000)
C:\WINDOWS\System32\sechost.dll:sechost.dll (00007FF8CCA30000), size: 688128 (result: 6), SymType: '-unknown-', PDB: '', fileVersion: 10.0.22621.3296
  ERROR: LoadModule, GetLastError: 'A le√≠r√≥ √©rv√©nytelen.' (Address: 0000000000000000)
C:\WINDOWS\System32\bcrypt.dll:bcrypt.dll (00007FF8CA870000), size: 163840 (result: 6), SymType: '-unknown-', PDB: '', fileVersion: 10.0.22621.2506
  ERROR: LoadModule, GetLastError: 'A le√≠r√≥ √©rv√©nytelen.' (Address: 0000000000000000)
C:\WINDOWS\System32\RPCRT4.dll:RPCRT4.dll (00007FF8CC220000), size: 1134592 (result: 6), SymType: '-unknown-', PDB: '', fileVersion: 10.0.22621.3447
  ERROR: LoadModule, GetLastError: 'A le√≠r√≥ √©rv√©nytelen.' (Address: 0000000000000000)
C:\WINDOWS\System32\SHELL32.dll:SHELL32.dll (00007FF8CAC90000), size: 8765440 (result: 6), SymType: '-unknown-', PDB: '', fileVersion: 10.0.22621.3374
  ERROR: LoadModule, GetLastError: 'A le√≠r√≥ √©rv√©nytelen.' (Address: 0000000000000000)
C:\WINDOWS\System32\SHLWAPI.dll:SHLWAPI.dll (00007FF8CC140000), size: 385024 (result: 6), SymType: '-unknown-', PDB: '', fileVersion: 10.0.22621.2506
  ERROR: LoadModule, GetLastError: 'A le√≠r√≥ √©rv√©nytelen.' (Address: 0000000000000000)
C:\WINDOWS\System32\ole32.dll:ole32.dll (00007FF8CC340000), size: 1724416 (result: 6), SymType: '-unknown-', PDB: '', fileVersion: 10.0.22621.3374
  ERROR: LoadModule, GetLastError: 'A le√≠r√≥ √©rv√©nytelen.' (Address: 0000000000000000)
C:\WINDOWS\System32\combase.dll:combase.dll (00007FF8CBAE0000), size: 3702784 (result: 6), SymType: '-unknown-', PDB: '', fileVersion: 10.0.22621.3235
  ERROR: LoadModule, GetLastError: 'A le√≠r√≥ √©rv√©nytelen.' (Address: 0000000000000000)
C:\WINDOWS\System32\IMM32.dll:IMM32.dll (00007FF8CC4F0000), size: 200704 (result: 6), SymType: '-unknown-', PDB: '', fileVersion: 10.0.22621.3374
  ERROR: LoadModule, GetLastError: 'A le√≠r√≥ √©rv√©nytelen.' (Address: 0000000000000000)
C:\WINDOWS\System32\SETUPAPI.dll:SETUPAPI.dll (00007FF8CC530000), size: 4669440 (result: 6), SymType: '-unknown-', PDB: '', fileVersion: 10.0.22621.2506
  ERROR: LoadModule, GetLastError: 'A le√≠r√≥ √©rv√©nytelen.' (Address: 0000000000000000)
C:\WINDOWS\System32\WS2_32.dll:WS2_32.dll (00007FF8CC1A0000), size: 462848 (result: 6), SymType: '-unknown-', PDB: '', fileVersion: 10.0.22621.1
  ERROR: LoadModule, GetLastError: 'A le√≠r√≥ √©rv√©nytelen.' (Address: 0000000000000000)
C:\WINDOWS\System32\OLEAUT32.dll:OLEAUT32.dll (00007FF8CB7A0000), size: 880640 (result: 6), SymType: '-unknown-', PDB: '', fileVersion: 10.0.22621.2506
  ERROR: LoadModule, GetLastError: 'A le√≠r√≥ √©rv√©nytelen.' (Address: 0000000000000000)
C:\WINDOWS\System32\WINTRUST.dll:WINTRUST.dll (00007FF8CA5F0000), size: 438272 (result: 6), SymType: '-unknown-', PDB: '', fileVersion: 10.0.22621.3447
  ERROR: LoadModule, GetLastError: 'A le√≠r√≥ √©rv√©nytelen.' (Address: 0000000000000000)
C:\Program Files\Unity\Hub\Editor\2022.3.13f1\Editor\libfbxsdk.dll:libfbxsdk.dll (00007FF885060000), size: 10067968 (result: 6), SymType: '-unknown-', PDB: '', fileVersion: 2020.3.3.0
  ERROR: LoadModule, GetLastError: 'A le√≠r√≥ √©rv√©nytelen.' (Address: 0000000000000000)
C:\Program Files\Unity\Hub\Editor\2022.3.13f1\Editor\s3tcompress.dll:s3tcompress.dll (00007FF8BF7A0000), size: 180224 (result: 6), SymType: '-unknown-', PDB: ''
  ERROR: LoadModule, GetLastError: 'A le√≠r√≥ √©rv√©nytelen.' (Address: 0000000000000000)
C:\Program Files\Unity\Hub\Editor\2022.3.13f1\Editor\etccompress.dll:etccompress.dll (00007FF884B80000), size: 5066752 (result: 6), SymType: '-unknown-', PDB: ''
  ERROR: LoadModule, GetLastError: 'A le√≠r√≥ √©rv√©nytelen.' (Address: 0000000000000000)
C:\Program Files\Unity\Hub\Editor\2022.3.13f1\Editor\ispc_texcomp.dll:ispc_texcomp.dll (00007FF884860000), size: 1826816 (result: 6), SymType: '-unknown-', PDB: ''
  ERROR: LoadModule, GetLastError: 'A le√≠r√≥ √©rv√©nytelen.' (Address: 0000000000000000)
C:\Program Files\Unity\Hub\Editor\2022.3.13f1\Editor\compress_bc7e.dll:compress_bc7e.dll (00007FF884A20000), size: 1433600 (result: 6), SymType: '-unknown-', PDB: ''
  ERROR: LoadModule, GetLastError: 'A le√≠r√≥ √©rv√©nytelen.' (Address: 0000000000000000)
C:\Program Files\Unity\Hub\Editor\2022.3.13f1\Editor\FreeImage.dll:FreeImage.dll (0000000180000000), size: 6582272 (result: 6), SymType: '-unknown-', PDB: '', fileVersion: 3.18.0.0
  ERROR: LoadModule, GetLastError: 'A le√≠r√≥ √©rv√©nytelen.' (Address: 0000000000000000)
C:\Program Files\Unity\Hub\Editor\2022.3.13f1\Editor\WinPixEventRuntime.dll:WinPixEventRuntime.dll (00007FF8C68E0000), size: 45056 (result: 6), SymType: '-unknown-', PDB: '', fileVersion: 1.0.1812.6001
  ERROR: LoadModule, GetLastError: 'A le√≠r√≥ √©rv√©nytelen.' (Address: 0000000000000000)
C:\Program Files\Unity\Hub\Editor\2022.3.13f1\Editor\umbraoptimizer64.dll:umbraoptimizer64.dll (00007FF885C90000), size: 1187840 (result: 6), SymType: '-unknown-', PDB: ''
  ERROR: LoadModule, GetLastError: 'A le√≠r√≥ √©rv√©nytelen.' (Address: 0000000000000000)
C:\WINDOWS\SYSTEM32\OPENGL32.dll:OPENGL32.dll (00007FF849B70000), size: 1048576 (result: 6), SymType: '-unknown-', PDB: '', fileVersion: 10.0.22621.2506
  ERROR: LoadModule, GetLastError: 'A le√≠r√≥ √©rv√©nytelen.' (Address: 0000000000000000)
C:\WINDOWS\SYSTEM32\GLU32.dll:GLU32.dll (00007FF849630000), size: 184320 (result: 6), SymType: '-unknown-', PDB: '', fileVersion: 10.0.22621.2506
  ERROR: LoadModule, GetLastError: 'A le√≠r√≥ √©rv√©nytelen.' (Address: 0000000000000000)
C:\WINDOWS\SYSTEM32\IPHLPAPI.DLL:IPHLPAPI.DLL (00007FF8C8990000), size: 184320 (result: 6), SymType: '-unknown-', PDB: '', fileVersion: 10.0.22621.1
  ERROR: LoadModule, GetLastError: 'A le√≠r√≥ √©rv√©nytelen.' (Address: 0000000000000000)
C:\WINDOWS\SYSTEM32\WINHTTP.dll:WINHTTP.dll (00007FF8C2500000), size: 1269760 (result: 6), SymType: '-unknown-', PDB: '', fileVersion: 10.0.22621.3374
  ERROR: LoadModule, GetLastError: 'A le√≠r√≥ √©rv√©nytelen.' (Address: 0000000000000000)
C:\WINDOWS\SYSTEM32\WINMM.dll:WINMM.dll (00007FF8C10D0000), size: 212992 (result: 6), SymType: '-unknown-', PDB: '', fileVersion: 10.0.22621.2506
  ERROR: LoadModule, GetLastError: 'A le√≠r√≥ √©rv√©nytelen.' (Address: 0000000000000000)
C:\WINDOWS\SYSTEM32\HID.DLL:HID.DLL (00007FF8C86F0000), size: 57344 (result: 6), SymType: '-unknown-', PDB: '', fileVersion: 10.0.22621.1
  ERROR: LoadModule, GetLastError: 'A le√≠r√≥ √©rv√©nytelen.' (Address: 0000000000000000)
C:\WINDOWS\SYSTEM32\dwmapi.dll:dwmapi.dll (00007FF8C7380000), size: 176128 (result: 6), SymType: '-unknown-', PDB: '', fileVersion: 10.0.22621.3085
  ERROR: LoadModule, GetLastError: 'A le√≠r√≥ √©rv√©nytelen.' (Address: 0000000000000000)
C:\Program Files\Unity\Hub\Editor\2022.3.13f1\Editor\SketchUpAPI.dll:SketchUpAPI.dll (00007FF883AF0000), size: 8990720 (result: 6), SymType: '-unknown-', PDB: '', fileVersion: 23.0.0.0
  ERROR: LoadModule, GetLastError: 'A le√≠r√≥ √©rv√©nytelen.' (Address: 0000000000000000)
C:\WINDOWS\SYSTEM32\VERSION.dll:VERSION.dll (00007FF8C2890000), size: 40960 (result: 6), SymType: '-unknown-', PDB: '', fileVersion: 10.0.22621.1
  ERROR: LoadModule, GetLastError: 'A le√≠r√≥ √©rv√©nytelen.' (Address: 0000000000000000)
C:\WINDOWS\SYSTEM32\WSOCK32.dll:WSOCK32.dll (00007FF8C1120000), size: 36864 (result: 6), SymType: '-unknown-', PDB: '', fileVersion: 10.0.22621.1
  ERROR: LoadModule, GetLastError: 'A le√≠r√≥ √©rv√©nytelen.' (Address: 0000000000000000)
C:\WINDOWS\SYSTEM32\MSVCP140.dll:MSVCP140.dll (00007FF898C30000), size: 577536 (result: 6), SymType: '-unknown-', PDB: '', fileVersion: 14.38.33135.0
  ERROR: LoadModule, GetLastError: 'A le√≠r√≥ √©rv√©nytelen.' (Address: 0000000000000000)
C:\WINDOWS\SYSTEM32\VCRUNTIME140.dll:VCRUNTIME140.dll (00007FF898C00000), size: 118784 (result: 6), SymType: '-unknown-', PDB: '', fileVersion: 14.38.33135.0
  ERROR: LoadModule, GetLastError: 'A le√≠r√≥ √©rv√©nytelen.' (Address: 0000000000000000)
C:\Program Files\Unity\Hub\Editor\2022.3.13f1\Editor\SketchUpCommonPreferences.dll:SketchUpCommonPreferences.dll (00007FF88EF20000), size: 499712 (result: 6), SymType: '-unknown-', PDB: '', fileVersion: 23.0.0.0
  ERROR: LoadModule, GetLastError: 'A le√≠r√≥ √©rv√©nytelen.' (Address: 0000000000000000)
C:\WINDOWS\SYSTEM32\VCRUNTIME140_1.dll:VCRUNTIME140_1.dll (00007FF898C20000), size: 49152 (result: 6), SymType: '-unknown-', PDB: '', fileVersion: 14.38.33135.0
  ERROR: LoadModule, GetLastError: 'A le√≠r√≥ √©rv√©nytelen.' (Address: 0000000000000000)
C:\WINDOWS\SYSTEM32\Secur32.dll:Secur32.dll (00007FF8C8CB0000), size: 49152 (result: 6), SymType: '-unknown-', PDB: '', fileVersion: 10.0.22621.1
  ERROR: LoadModule, GetLastError: 'A le√≠r√≥ √©rv√©nytelen.' (Address: 0000000000000000)
C:\WINDOWS\SYSTEM32\dxcore.dll:dxcore.dll (00007FF8C7050000), size: 233472 (result: 6), SymType: '-unknown-', PDB: '', fileVersion: 10.0.22621.3374
  ERROR: LoadModule, GetLastError: 'A le√≠r√≥ √©rv√©nytelen.' (Address: 0000000000000000)
C:\WINDOWS\SYSTEM32\SSPICLI.DLL:SSPICLI.DLL (00007FF8C9130000), size: 311296 (result: 6), SymType: '-unknown-', PDB: '', fileVersion: 10.0.22621.3235
  ERROR: LoadModule, GetLastError: 'A le√≠r√≥ √©rv√©nytelen.' (Address: 0000000000000000)
C:\Program Files\Unity\Hub\Editor\2022.3.13f1\Editor\OpenRL.dll:OpenRL.dll (0000024221780000), size: 12779520 (result: 6), SymType: '-unknown-', PDB: '', fileVersion: 1.5.0.2907
  ERROR: LoadModule, GetLastError: 'A le√≠r√≥ √©rv√©nytelen.' (Address: 0000000000000000)
C:\WINDOWS\SYSTEM32\MSVCP100.dll:MSVCP100.dll (0000000075280000), size: 622592 (result: 6), SymType: '-unknown-', PDB: '', fileVersion: 10.0.40219.473
  ERROR: LoadModule, GetLastError: 'A le√≠r√≥ √©rv√©nytelen.' (Address: 0000000000000000)
C:\WINDOWS\SYSTEM32\MSVCR100.dll:MSVCR100.dll (0000000075320000), size: 860160 (result: 6), SymType: '-unknown-', PDB: '', fileVersion: 10.0.40219.473
  ERROR: LoadModule, GetLastError: 'A le√≠r√≥ √©rv√©nytelen.' (Address: 0000000000000000)
C:\Program Files\Unity\Hub\Editor\2022.3.13f1\Editor\embree.dll:embree.dll (00007FF833610000), size: 16711680 (result: 6), SymType: '-unknown-', PDB: '', fileVersion: 2.14.0.0
  ERROR: LoadModule, GetLastError: 'A le√≠r√≥ √©rv√©nytelen.' (Address: 0000000000000000)
C:\WINDOWS\SYSTEM32\cfgmgr32.DLL:cfgmgr32.DLL (00007FF8C9B00000), size: 319488 (result: 6), SymType: '-unknown-', PDB: '', fileVersion: 10.0.22621.2506
  ERROR: LoadModule, GetLastError: 'A le√≠r√≥ √©rv√©nytelen.' (Address: 0000000000000000)
C:\Program Files\Unity\Hub\Editor\2022.3.13f1\Editor\tbb.dll:tbb.dll (00007FF88EEB0000), size: 413696 (result: 6), SymType: '-unknown-', PDB: '', fileVersion: 2017.0.2016.1004
  ERROR: LoadModule, GetLastError: 'A le√≠r√≥ √©rv√©nytelen.' (Address: 0000000000000000)
C:\WINDOWS\SYSTEM32\MSVCP120.dll:MSVCP120.dll (00007FF8847B0000), size: 679936 (result: 6), SymType: '-unknown-', PDB: '', fileVersion: 12.0.40664.0
  ERROR: LoadModule, GetLastError: 'A le√≠r√≥ √©rv√©nytelen.' (Address: 0000000000000000)
C:\WINDOWS\SYSTEM32\MSVCR120.dll:MSVCR120.dll (00007FF8846C0000), size: 978944 (result: 6), SymType: '-unknown-', PDB: '', fileVersion: 12.0.40664.0
  ERROR: LoadModule, GetLastError: 'A le√≠r√≥ √©rv√©nytelen.' (Address: 0000000000000000)
C:\WINDOWS\SYSTEM32\MSWSOCK.DLL:MSWSOCK.DLL (00007FF8C9340000), size: 430080 (result: 6), SymType: '-unknown-', PDB: '', fileVersion: 10.0.22621.2506
  ERROR: LoadModule, GetLastError: 'A le√≠r√≥ √©rv√©nytelen.' (Address: 0000000000000000)
C:\Program Files\Unity\Hub\Editor\2022.3.13f1\Editor\OpenRL_pthread.dll:OpenRL_pthread.dll (00000242223D0000), size: 61440 (result: 6), SymType: '-unknown-', PDB: '', fileVersion: 2.9.0.0
  ERROR: LoadModule, GetLastError: 'A le√≠r√≥ √©rv√©nytelen.' (Address: 0000000000000000)
C:\WINDOWS\SYSTEM32\MSASN1.dll:MSASN1.dll (00007FF8C9600000), size: 73728 (result: 6), SymType: '-unknown-', PDB: '', fileVersion: 10.0.22621.2506
  ERROR: LoadModule, GetLastError: 'A le√≠r√≥ √©rv√©nytelen.' (Address: 0000000000000000)
C:\WINDOWS\System32\bcryptprimitives.dll:bcryptprimitives.dll (00007FF8CA7F0000), size: 495616 (result: 6), SymType: '-unknown-', PDB: '', fileVersion: 10.0.22621.3374
  ERROR: LoadModule, GetLastError: 'A le√≠r√≥ √©rv√©nytelen.' (Address: 0000000000000000)
C:\WINDOWS\SYSTEM32\kernel.appcore.dll:kernel.appcore.dll (00007FF8C8ED0000), size: 98304 (result: 6), SymType: '-unknown-', PDB: '', fileVersion: 10.0.22621.2715
  ERROR: LoadModule, GetLastError: 'A le√≠r√≥ √©rv√©nytelen.' (Address: 0000000000000000)
C:\WINDOWS\system32\uxtheme.dll:uxtheme.dll (00007FF8C6F40000), size: 700416 (result: 6), SymType: '-unknown-', PDB: '', fileVersion: 10.0.22621.3447
  ERROR: LoadModule, GetLastError: 'A le√≠r√≥ √©rv√©nytelen.' (Address: 0000000000000000)
C:\WINDOWS\SYSTEM32\windows.storage.dll:windows.storage.dll (00007FF8C7DF0000), size: 9408512 (result: 6), SymType: '-unknown-', PDB: '', fileVersion: 10.0.22621.3447
  ERROR: LoadModule, GetLastError: 'A le√≠r√≥ √©rv√©nytelen.' (Address: 0000000000000000)
C:\WINDOWS\SYSTEM32\wintypes.dll:wintypes.dll (00007FF8C7CB0000), size: 1302528 (result: 6), SymType: '-unknown-', PDB: '', fileVersion: 10.0.22621.3235
  ERROR: LoadModule, GetLastError: 'A le√≠r√≥ √©rv√©nytelen.' (Address: 0000000000000000)
C:\WINDOWS\System32\SHCORE.dll:SHCORE.dll (00007FF8CB9E0000), size: 995328 (result: 6), SymType: '-unknown-', PDB: '', fileVersion: 10.0.22621.3374
  ERROR: LoadModule, GetLastError: 'A le√≠r√≥ √©rv√©nytelen.' (Address: 0000000000000000)
C:\WINDOWS\SYSTEM32\profapi.dll:profapi.dll (00007FF8C9DC0000), size: 135168 (result: 6), SymType: '-unknown-', PDB: '', fileVersion: 10.0.22621.3374
  ERROR: LoadModule, GetLastError: 'A le√≠r√≥ √©rv√©nytelen.' (Address: 0000000000000000)
C:\WINDOWS\system32\IconCodecService.dll:IconCodecService.dll (00007FF8BE710000), size: 36864 (result: 6), SymType: '-unknown-', PDB: '', fileVersion: 10.0.22621.1
  ERROR: LoadModule, GetLastError: 'A le√≠r√≥ √©rv√©nytelen.' (Address: 0000000000000000)
C:\WINDOWS\SYSTEM32\WindowsCodecs.dll:WindowsCodecs.dll (00007FF8C5050000), size: 1769472 (result: 6), SymType: '-unknown-', PDB: '', fileVersion: 10.0.22621.2506
  ERROR: LoadModule, GetLastError: 'A le√≠r√≥ √©rv√©nytelen.' (Address: 0000000000000000)
C:\WINDOWS\System32\NSI.dll:NSI.dll (00007FF8CBE90000), size: 36864 (result: 6), SymType: '-unknown-', PDB: '', fileVersion: 10.0.22621.1
  ERROR: LoadModule, GetLastError: 'A le√≠r√≥ √©rv√©nytelen.' (Address: 0000000000000000)
C:\WINDOWS\SYSTEM32\dhcpcsvc6.DLL:dhcpcsvc6.DLL (00007FF8C2960000), size: 102400 (result: 6), SymType: '-unknown-', PDB: '', fileVersion: 10.0.22621.2506
  ERROR: LoadModule, GetLastError: 'A le√≠r√≥ √©rv√©nytelen.' (Address: 0000000000000000)
C:\WINDOWS\SYSTEM32\dhcpcsvc.DLL:dhcpcsvc.DLL (00007FF8C23D0000), size: 126976 (result: 6), SymType: '-unknown-', PDB: '', fileVersion: 10.0.22621.2506
  ERROR: LoadModule, GetLastError: 'A le√≠r√≥ √©rv√©nytelen.' (Address: 0000000000000000)
C:\WINDOWS\SYSTEM32\DNSAPI.dll:DNSAPI.dll (00007FF8C8A10000), size: 1019904 (result: 6), SymType: '-unknown-', PDB: '', fileVersion: 10.0.22621.3155
  ERROR: LoadModule, GetLastError: 'A le√≠r√≥ √©rv√©nytelen.' (Address: 0000000000000000)
C:\WINDOWS\system32\napinsp.dll:napinsp.dll (00007FF88AD10000), size: 94208 (result: 6), SymType: '-unknown-', PDB: '', fileVersion: 10.0.22621.1
  ERROR: LoadModule, GetLastError: 'A le√≠r√≥ √©rv√©nytelen.' (Address: 0000000000000000)
C:\WINDOWS\system32\pnrpnsp.dll:pnrpnsp.dll (00007FF88ACF0000), size: 110592 (result: 6), SymType: '-unknown-', PDB: '', fileVersion: 10.0.22621.1
  ERROR: LoadModule, GetLastError: 'A le√≠r√≥ √©rv√©nytelen.' (Address: 0000000000000000)
C:\WINDOWS\System32\winrnr.dll:winrnr.dll (00007FF88AC60000), size: 69632 (result: 6), SymType: '-unknown-', PDB: '', fileVersion: 10.0.22621.1
  ERROR: LoadModule, GetLastError: 'A le√≠r√≥ √©rv√©nytelen.' (Address: 0000000000000000)
C:\WINDOWS\system32\wshbth.dll:wshbth.dll (00007FF8C0440000), size: 86016 (result: 6), SymType: '-unknown-', PDB: '', fileVersion: 10.0.22621.3374
  ERROR: LoadModule, GetLastError: 'A le√≠r√≥ √©rv√©nytelen.' (Address: 0000000000000000)
C:\WINDOWS\system32\nlansp_c.dll:nlansp_c.dll (00007FF88AC30000), size: 135168 (result: 6), SymType: '-unknown-', PDB: '', fileVersion: 10.0.22621.2506
  ERROR: LoadModule, GetLastError: 'A le√≠r√≥ √©rv√©nytelen.' (Address: 0000000000000000)
C:\WINDOWS\System32\fwpuclnt.dll:fwpuclnt.dll (00007FF8C04A0000), size: 536576 (result: 6), SymType: '-unknown-', PDB: '', fileVersion: 10.0.22621.3235
  ERROR: LoadModule, GetLastError: 'A le√≠r√≥ √©rv√©nytelen.' (Address: 0000000000000000)
C:\Windows\System32\rasadhlp.dll:rasadhlp.dll (00007FF8C2980000), size: 40960 (result: 6), SymType: '-unknown-', PDB: '', fileVersion: 10.0.22621.1
  ERROR: LoadModule, GetLastError: 'A le√≠r√≥ √©rv√©nytelen.' (Address: 0000000000000000)
C:\Program Files\Unity\Hub\Editor\2022.3.13f1\Editor\NVUnityPlugin.DLL:NVUnityPlugin.DLL (00007FF884540000), size: 1519616 (result: 6), SymType: '-unknown-', PDB: ''
  ERROR: LoadModule, GetLastError: 'A le√≠r√≥ √©rv√©nytelen.' (Address: 0000000000000000)
C:\WINDOWS\System32\netprofm.dll:netprofm.dll (00007FF8C4AF0000), size: 491520 (result: 6), SymType: '-unknown-', PDB: '', fileVersion: 10.0.22621.2506
  ERROR: LoadModule, GetLastError: 'A le√≠r√≥ √©rv√©nytelen.' (Address: 0000000000000000)
C:\Program Files\Unity\Hub\Editor\2022.3.13f1\Editor\Data\Tools\astcenc-avx2.dll:astcenc-avx2.dll (00007FF8844B0000), size: 540672 (result: 6), SymType: '-unknown-', PDB: ''
  ERROR: LoadModule, GetLastError: 'A le√≠r√≥ √©rv√©nytelen.' (Address: 0000000000000000)
C:\WINDOWS\System32\npmproxy.dll:npmproxy.dll (00007FF8BFAE0000), size: 98304 (result: 6), SymType: '-unknown-', PDB: '', fileVersion: 10.0.22621.2506
  ERROR: LoadModule, GetLastError: 'A le√≠r√≥ √©rv√©nytelen.' (Address: 0000000000000000)
C:\WINDOWS\System32\MMDevApi.dll:MMDevApi.dll (00007FF8BB1C0000), size: 643072 (result: 6), SymType: '-unknown-', PDB: '', fileVersion: 10.0.22621.2506
  ERROR: LoadModule, GetLastError: 'A le√≠r√≥ √©rv√©nytelen.' (Address: 0000000000000000)
C:\WINDOWS\System32\DEVOBJ.dll:DEVOBJ.dll (00007FF8C9AD0000), size: 180224 (result: 6), SymType: '-unknown-', PDB: '', fileVersion: 10.0.22621.2506
  ERROR: LoadModule, GetLastError: 'A le√≠r√≥ √©rv√©nytelen.' (Address: 0000000000000000)
C:\WINDOWS\SYSTEM32\d3d11.dll:d3d11.dll (00007FF8C5E60000), size: 2453504 (result: 6), SymType: '-unknown-', PDB: '', fileVersion: 10.0.22621.3235
  ERROR: LoadModule, GetLastError: 'A le√≠r√≥ √©rv√©nytelen.' (Address: 0000000000000000)
C:\WINDOWS\SYSTEM32\dxgi.dll:dxgi.dll (00007FF8C7090000), size: 1015808 (result: 6), SymType: '-unknown-', PDB: '', fileVersion: 10.0.22621.3374
  ERROR: LoadModule, GetLastError: 'A le√≠r√≥ √©rv√©nytelen.' (Address: 0000000000000000)
C:\WINDOWS\SYSTEM32\directxdatabasehelper.dll:directxdatabasehelper.dll (00007FF8C3F00000), size: 303104 (result: 6), SymType: '-unknown-', PDB: '', fileVersion: 10.0.22621.3374
  ERROR: LoadModule, GetLastError: 'A le√≠r√≥ √©rv√©nytelen.' (Address: 0000000000000000)
C:\WINDOWS\System32\DriverStore\FileRepository\u0388253.inf_amd64_501ddfbfa1c4852c\B387046\aticfx64.dll:aticfx64.dll (00007FF8C06A0000), size: 1814528 (result: 6), SymType: '-unknown-', PDB: '', fileVersion: 31.0.12044.24003
  ERROR: LoadModule, GetLastError: 'A le√≠r√≥ √©rv√©nytelen.' (Address: 0000000000000000)
C:\WINDOWS\System32\DriverStore\FileRepository\u0388253.inf_amd64_501ddfbfa1c4852c\B387046\atiuxp64.dll:atiuxp64.dll (00007FF8C0620000), size: 233472 (result: 6), SymType: '-unknown-', PDB: '', fileVersion: 31.0.12044.24003
  ERROR: LoadModule, GetLastError: 'A le√≠r√≥ √©rv√©nytelen.' (Address: 0000000000000000)
C:\WINDOWS\System32\DriverStore\FileRepository\u0388253.inf_amd64_501ddfbfa1c4852c\B387046\atidxx64.dll:atidxx64.dll (00007FF8BBFE0000), size: 32673792 (result: 6), SymType: '-unknown-', PDB: '', fileVersion: 31.0.12044.24003
  ERROR: LoadModule, GetLastError: 'A le√≠r√≥ √©rv√©nytelen.' (Address: 0000000000000000)
C:\WINDOWS\SYSTEM32\apphelp.dll:apphelp.dll (00007FF8C6B30000), size: 618496 (result: 6), SymType: '-unknown-', PDB: '', fileVersion: 10.0.22621.3374
  ERROR: LoadModule, GetLastError: 'A le√≠r√≥ √©rv√©nytelen.' (Address: 0000000000000000)
C:\WINDOWS\SYSTEM32\amdihk64.dll:amdihk64.dll (00007FF8C0460000), size: 217088 (result: 6), SymType: '-unknown-', PDB: '', fileVersion: 2.0.0.1788
  ERROR: LoadModule, GetLastError: 'A le√≠r√≥ √©rv√©nytelen.' (Address: 0000000000000000)
C:\WINDOWS\SYSTEM32\D3DSCache.dll:D3DSCache.dll (00007FF8C0250000), size: 192512 (result: 6), SymType: '-unknown-', PDB: '', fileVersion: 10.0.22621.2506
  ERROR: LoadModule, GetLastError: 'A le√≠r√≥ √©rv√©nytelen.' (Address: 0000000000000000)
C:\WINDOWS\SYSTEM32\USERENV.dll:USERENV.dll (00007FF8C9440000), size: 163840 (result: 6), SymType: '-unknown-', PDB: '', fileVersion: 10.0.22621.3374
  ERROR: LoadModule, GetLastError: 'A le√≠r√≥ √©rv√©nytelen.' (Address: 0000000000000000)
C:\WINDOWS\system32\wbem\wbemprox.dll:wbemprox.dll (00007FF8B3D60000), size: 65536 (result: 6), SymType: '-unknown-', PDB: '', fileVersion: 10.0.22621.3085
  ERROR: LoadModule, GetLastError: 'A le√≠r√≥ √©rv√©nytelen.' (Address: 0000000000000000)
C:\WINDOWS\SYSTEM32\wbemcomn.dll:wbemcomn.dll (00007FF8B3CE0000), size: 524288 (result: 6), SymType: '-unknown-', PDB: '', fileVersion: 10.0.22621.2506
  ERROR: LoadModule, GetLastError: 'A le√≠r√≥ √©rv√©nytelen.' (Address: 0000000000000000)
C:\WINDOWS\system32\wbem\wbemsvc.dll:wbemsvc.dll (00007FF8AE9C0000), size: 81920 (result: 6), SymType: '-unknown-', PDB: '', fileVersion: 10.0.22621.3085
  ERROR: LoadModule, GetLastError: 'A le√≠r√≥ √©rv√©nytelen.' (Address: 0000000000000000)
C:\WINDOWS\system32\wbem\fastprox.dll:fastprox.dll (00007FF8AEB50000), size: 1015808 (result: 6), SymType: '-unknown-', PDB: '', fileVersion: 10.0.22621.2506
  ERROR: LoadModule, GetLastError: 'A le√≠r√≥ √©rv√©nytelen.' (Address: 0000000000000000)
C:\WINDOWS\SYSTEM32\amsi.dll:amsi.dll (00007FF8AE040000), size: 118784 (result: 6), SymType: '-unknown-', PDB: '', fileVersion: 10.0.22621.1
  ERROR: LoadModule, GetLastError: 'A le√≠r√≥ √©rv√©nytelen.' (Address: 0000000000000000)
C:\ProgramData\Microsoft\Windows Defender\Platform\4.18.24030.9-0\MpOav.dll:MpOav.dll (00007FF8ADFB0000), size: 528384 (result: 6), SymType: '-unknown-', PDB: '', fileVersion: 4.18.24030.9
  ERROR: LoadModule, GetLastError: 'A le√≠r√≥ √©rv√©nytelen.' (Address: 0000000000000000)
C:\WINDOWS\SYSTEM32\opencl.dll:opencl.dll (00007FF8463A0000), size: 507904 (result: 6), SymType: '-unknown-', PDB: '', fileVersion: 3.0.0.0
  ERROR: LoadModule, GetLastError: 'A le√≠r√≥ √©rv√©nytelen.' (Address: 0000000000000000)
C:\Program Files\Unity\Hub\Editor\2022.3.13f1\Editor\radeonrays.dll:radeonrays.dll (00007FF884420000), size: 557056 (result: 6), SymType: '-unknown-', PDB: ''
  ERROR: LoadModule, GetLastError: 'A le√≠r√≥ √©rv√©nytelen.' (Address: 0000000000000000)
C:\Program Files\Unity\Hub\Editor\2022.3.13f1\Editor\Data\MonoBleedingEdge\EmbedRuntime\mono-2.0-bdwgc.dll:mono-2.0-bdwgc.dll (00007FF832BB0000), size: 10825728 (result: 6), SymType: '-unknown-', PDB: ''
  ERROR: LoadModule, GetLastError: 'A le√≠r√≥ √©rv√©nytelen.' (Address: 0000000000000000)
C:\WINDOWS\SYSTEM32\dbghelp.dll:dbghelp.dll (00007FF8C78F0000), size: 2306048 (result: 6), SymType: '-unknown-', PDB: '', fileVersion: 10.0.22621.2506
  ERROR: LoadModule, GetLastError: 'A le√≠r√≥ √©rv√©nytelen.' (Address: 0000000000000000)
C:\WINDOWS\System32\psapi.dll:psapi.dll (00007FF8CB700000), size: 32768 (result: 6), SymType: '-unknown-', PDB: '', fileVersion: 10.0.22621.1
  ERROR: LoadModule, GetLastError: 'A le√≠r√≥ √©rv√©nytelen.' (Address: 0000000000000000)

========== OUTPUTTING STACK TRACE ==================

SymInit: Symbol-SearchPath: 'C:/Program Files/Unity/Hub/Editor/2022.3.13f1/Editor/Data/Mono;.;C:\Users\szojk\Documents\BME 6.fÈlÈv (erasmus)\oulu\Product development\unity\test_game;C:\Users\szojk\Documents\BME 6.fÈlÈv (erasmus)\oulu\Product development\unity\test_game\Library\BurstCache\JIT;C:\Program Files\Unity\Hub\Editor\2022.3.13f1\Editor;C:\WINDOWS;C:\WINDOWS\system32;', symOptions: 534, UserName: 'szojk'
OS-Version: 10.0.0
C:\Program Files\Unity\Hub\Editor\2022.3.13f1\Editor\Unity.exe:Unity.exe (00007FF74C000000), size: 82337792 (result: 0), SymType: '-deferred-', PDB: '', fileVersion: 2022.3.13.37029
C:\WINDOWS\SYSTEM32\ntdll.dll:ntdll.dll (00007FF8CCB70000), size: 2187264 (result: 0), SymType: '-deferred-', PDB: '', fileVersion: 10.0.22621.3374
C:\WINDOWS\System32\KERNEL32.DLL:KERNEL32.DLL (00007FF8CB880000), size: 802816 (result: 0), SymType: '-deferred-', PDB: '', fileVersion: 10.0.22621.3374
C:\WINDOWS\System32\KERNELBASE.dll:KERNELBASE.dll (00007FF8C9FB0000), size: 3829760 (result: 0), SymType: '-deferred-', PDB: '', fileVersion: 10.0.22621.3447
C:\WINDOWS\System32\CRYPT32.dll:CRYPT32.dll (00007FF8CA480000), size: 1470464 (result: 0), SymType: '-deferred-', PDB: '', fileVersion: 10.0.22621.3447
C:\WINDOWS\System32\ucrtbase.dll:ucrtbase.dll (00007FF8C9E90000), size: 1118208 (result: 0), SymType: '-deferred-', PDB: '', fileVersion: 10.0.22621.3374
C:\WINDOWS\System32\USER32.dll:USER32.dll (00007FF8CBF80000), size: 1761280 (result: 0), SymType: '-deferred-', PDB: '', fileVersion: 10.0.22621.3374
C:\WINDOWS\System32\win32u.dll:win32u.dll (00007FF8CA700000), size: 155648 (result: 0), SymType: '-deferred-', PDB: '', fileVersion: 10.0.22621.3447
C:\WINDOWS\System32\GDI32.dll:GDI32.dll (00007FF8CB710000), size: 167936 (result: 0), SymType: '-deferred-', PDB: '', fileVersion: 10.0.22621.3085
C:\WINDOWS\System32\gdi32full.dll:gdi32full.dll (00007FF8CA360000), size: 1150976 (result: 0), SymType: '-deferred-', PDB: '', fileVersion: 10.0.22621.3374
C:\WINDOWS\System32\msvcp_win.dll:msvcp_win.dll (00007FF8CA660000), size: 630784 (result: 0), SymType: '-deferred-', PDB: '', fileVersion: 10.0.22621.3374
C:\WINDOWS\System32\ADVAPI32.dll:ADVAPI32.dll (00007FF8CBEA0000), size: 729088 (result: 0), SymType: '-deferred-', PDB: '', fileVersion: 10.0.22621.3296
C:\WINDOWS\System32\msvcrt.dll:msvcrt.dll (00007FF8CABE0000), size: 684032 (result: 0), SymType: '-deferred-', PDB: '', fileVersion: 7.0.22621.2506
C:\WINDOWS\System32\sechost.dll:sechost.dll (00007FF8CCA30000), size: 688128 (result: 0), SymType: '-deferred-', PDB: '', fileVersion: 10.0.22621.3296
C:\WINDOWS\System32\bcrypt.dll:bcrypt.dll (00007FF8CA870000), size: 163840 (result: 0), SymType: '-deferred-', PDB: '', fileVersion: 10.0.22621.2506
C:\WINDOWS\System32\RPCRT4.dll:RPCRT4.dll (00007FF8CC220000), size: 1134592 (result: 0), SymType: '-deferred-', PDB: '', fileVersion: 10.0.22621.3447
C:\WINDOWS\System32\SHELL32.dll:SHELL32.dll (00007FF8CAC90000), size: 8765440 (result: 0), SymType: '-deferred-', PDB: '', fileVersion: 10.0.22621.3374
C:\WINDOWS\System32\SHLWAPI.dll:SHLWAPI.dll (00007FF8CC140000), size: 385024 (result: 0), SymType: '-deferred-', PDB: '', fileVersion: 10.0.22621.2506
C:\WINDOWS\System32\ole32.dll:ole32.dll (00007FF8CC340000), size: 1724416 (result: 0), SymType: '-deferred-', PDB: '', fileVersion: 10.0.22621.3374
C:\WINDOWS\System32\combase.dll:combase.dll (00007FF8CBAE0000), size: 3702784 (result: 0), SymType: '-deferred-', PDB: '', fileVersion: 10.0.22621.3235
C:\WINDOWS\System32\IMM32.dll:IMM32.dll (00007FF8CC4F0000), size: 200704 (result: 0), SymType: '-deferred-', PDB: '', fileVersion: 10.0.22621.3374
C:\WINDOWS\System32\SETUPAPI.dll:SETUPAPI.dll (00007FF8CC530000), size: 4669440 (result: 0), SymType: '-deferred-', PDB: '', fileVersion: 10.0.22621.2506
C:\WINDOWS\System32\WS2_32.dll:WS2_32.dll (00007FF8CC1A0000), size: 462848 (result: 0), SymType: '-deferred-', PDB: '', fileVersion: 10.0.22621.1
C:\WINDOWS\System32\OLEAUT32.dll:OLEAUT32.dll (00007FF8CB7A0000), size: 880640 (result: 0), SymType: '-deferred-', PDB: '', fileVersion: 10.0.22621.2506
C:\WINDOWS\System32\WINTRUST.dll:WINTRUST.dll (00007FF8CA5F0000), size: 438272 (result: 0), SymType: '-deferred-', PDB: '', fileVersion: 10.0.22621.3447
C:\Program Files\Unity\Hub\Editor\2022.3.13f1\Editor\libfbxsdk.dll:libfbxsdk.dll (00007FF885060000), size: 10067968 (result: 0), SymType: '-deferred-', PDB: '', fileVersion: 2020.3.3.0
C:\Program Files\Unity\Hub\Editor\2022.3.13f1\Editor\s3tcompress.dll:s3tcompress.dll (00007FF8BF7A0000), size: 180224 (result: 0), SymType: '-deferred-', PDB: ''
C:\Program Files\Unity\Hub\Editor\2022.3.13f1\Editor\etccompress.dll:etccompress.dll (00007FF884B80000), size: 5066752 (result: 0), SymType: '-deferred-', PDB: ''
C:\Program Files\Unity\Hub\Editor\2022.3.13f1\Editor\ispc_texcomp.dll:ispc_texcomp.dll (00007FF884860000), size: 1826816 (result: 0), SymType: '-deferred-', PDB: ''
C:\Program Files\Unity\Hub\Editor\2022.3.13f1\Editor\compress_bc7e.dll:compress_bc7e.dll (00007FF884A20000), size: 1433600 (result: 0), SymType: '-deferred-', PDB: ''
C:\Program Files\Unity\Hub\Editor\2022.3.13f1\Editor\FreeImage.dll:FreeImage.dll (0000000180000000), size: 6582272 (result: 0), SymType: '-deferred-', PDB: '', fileVersion: 3.18.0.0
C:\Program Files\Unity\Hub\Editor\2022.3.13f1\Editor\WinPixEventRuntime.dll:WinPixEventRuntime.dll (00007FF8C68E0000), size: 45056 (result: 0), SymType: '-deferred-', PDB: '', fileVersion: 1.0.1812.6001
C:\Program Files\Unity\Hub\Editor\2022.3.13f1\Editor\umbraoptimizer64.dll:umbraoptimizer64.dll (00007FF885C90000), size: 1187840 (result: 0), SymType: '-deferred-', PDB: ''
C:\WINDOWS\SYSTEM32\OPENGL32.dll:OPENGL32.dll (00007FF849B70000), size: 1048576 (result: 0), SymType: '-deferred-', PDB: '', fileVersion: 10.0.22621.2506
C:\WINDOWS\SYSTEM32\GLU32.dll:GLU32.dll (00007FF849630000), size: 184320 (result: 0), SymType: '-deferred-', PDB: '', fileVersion: 10.0.22621.2506
C:\WINDOWS\SYSTEM32\IPHLPAPI.DLL:IPHLPAPI.DLL (00007FF8C8990000), size: 184320 (result: 0), SymType: '-deferred-', PDB: '', fileVersion: 10.0.22621.1
C:\WINDOWS\SYSTEM32\WINHTTP.dll:WINHTTP.dll (00007FF8C2500000), size: 1269760 (result: 0), SymType: '-deferred-', PDB: '', fileVersion: 10.0.22621.3374
C:\WINDOWS\SYSTEM32\WINMM.dll:WINMM.dll (00007FF8C10D0000), size: 212992 (result: 0), SymType: '-deferred-', PDB: '', fileVersion: 10.0.22621.2506
C:\WINDOWS\SYSTEM32\HID.DLL:HID.DLL (00007FF8C86F0000), size: 57344 (result: 0), SymType: '-deferred-', PDB: '', fileVersion: 10.0.22621.1
C:\WINDOWS\SYSTEM32\dwmapi.dll:dwmapi.dll (00007FF8C7380000), size: 176128 (result: 0), SymType: '-deferred-', PDB: '', fileVersion: 10.0.22621.3085
C:\Program Files\Unity\Hub\Editor\2022.3.13f1\Editor\SketchUpAPI.dll:SketchUpAPI.dll (00007FF883AF0000), size: 8990720 (result: 0), SymType: '-deferred-', PDB: '', fileVersion: 23.0.0.0
C:\WINDOWS\SYSTEM32\VERSION.dll:VERSION.dll (00007FF8C2890000), size: 40960 (result: 0), SymType: '-deferred-', PDB: '', fileVersion: 10.0.22621.1
C:\WINDOWS\SYSTEM32\WSOCK32.dll:WSOCK32.dll (00007FF8C1120000), size: 36864 (result: 0), SymType: '-deferred-', PDB: '', fileVersion: 10.0.22621.1
C:\WINDOWS\SYSTEM32\MSVCP140.dll:MSVCP140.dll (00007FF898C30000), size: 577536 (result: 0), SymType: '-deferred-', PDB: '', fileVersion: 14.38.33135.0
C:\WINDOWS\SYSTEM32\VCRUNTIME140.dll:VCRUNTIME140.dll (00007FF898C00000), size: 118784 (result: 0), SymType: '-deferred-', PDB: '', fileVersion: 14.38.33135.0
C:\Program Files\Unity\Hub\Editor\2022.3.13f1\Editor\SketchUpCommonPreferences.dll:SketchUpCommonPreferences.dll (00007FF88EF20000), size: 499712 (result: 0), SymType: '-deferred-', PDB: '', fileVersion: 23.0.0.0
C:\WINDOWS\SYSTEM32\VCRUNTIME140_1.dll:VCRUNTIME140_1.dll (00007FF898C20000), size: 49152 (result: 0), SymType: '-deferred-', PDB: '', fileVersion: 14.38.33135.0
C:\WINDOWS\SYSTEM32\Secur32.dll:Secur32.dll (00007FF8C8CB0000), size: 49152 (result: 0), SymType: '-deferred-', PDB: '', fileVersion: 10.0.22621.1
C:\WINDOWS\SYSTEM32\dxcore.dll:dxcore.dll (00007FF8C7050000), size: 233472 (result: 0), SymType: '-deferred-', PDB: '', fileVersion: 10.0.22621.3374
C:\WINDOWS\SYSTEM32\SSPICLI.DLL:SSPICLI.DLL (00007FF8C9130000), size: 311296 (result: 0), SymType: '-deferred-', PDB: '', fileVersion: 10.0.22621.3235
C:\Program Files\Unity\Hub\Editor\2022.3.13f1\Editor\OpenRL.dll:OpenRL.dll (0000024221780000), size: 12779520 (result: 0), SymType: '-deferred-', PDB: '', fileVersion: 1.5.0.2907
C:\WINDOWS\SYSTEM32\MSVCP100.dll:MSVCP100.dll (0000000075280000), size: 622592 (result: 0), SymType: '-deferred-', PDB: '', fileVersion: 10.0.40219.473
C:\WINDOWS\SYSTEM32\MSVCR100.dll:MSVCR100.dll (0000000075320000), size: 860160 (result: 0), SymType: '-deferred-', PDB: '', fileVersion: 10.0.40219.473
C:\Program Files\Unity\Hub\Editor\2022.3.13f1\Editor\embree.dll:embree.dll (00007FF833610000), size: 16711680 (result: 0), SymType: '-deferred-', PDB: '', fileVersion: 2.14.0.0
C:\WINDOWS\SYSTEM32\cfgmgr32.DLL:cfgmgr32.DLL (00007FF8C9B00000), size: 319488 (result: 0), SymType: '-deferred-', PDB: '', fileVersion: 10.0.22621.2506
C:\Program Files\Unity\Hub\Editor\2022.3.13f1\Editor\tbb.dll:tbb.dll (00007FF88EEB0000), size: 413696 (result: 0), SymType: '-deferred-', PDB: '', fileVersion: 2017.0.2016.1004
C:\WINDOWS\SYSTEM32\MSVCP120.dll:MSVCP120.dll (00007FF8847B0000), size: 679936 (result: 0), SymType: '-deferred-', PDB: '', fileVersion: 12.0.40664.0
C:\WINDOWS\SYSTEM32\MSVCR120.dll:MSVCR120.dll (00007FF8846C0000), size: 978944 (result: 0), SymType: '-deferred-', PDB: '', fileVersion: 12.0.40664.0
C:\WINDOWS\SYSTEM32\MSWSOCK.DLL:MSWSOCK.DLL (00007FF8C9340000), size: 430080 (result: 0), SymType: '-deferred-', PDB: '', fileVersion: 10.0.22621.2506
C:\Program Files\Unity\Hub\Editor\2022.3.13f1\Editor\OpenRL_pthread.dll:OpenRL_pthread.dll (00000242223D0000), size: 61440 (result: 0), SymType: '-deferred-', PDB: '', fileVersion: 2.9.0.0
C:\WINDOWS\SYSTEM32\MSASN1.dll:MSASN1.dll (00007FF8C9600000), size: 73728 (result: 0), SymType: '-deferred-', PDB: '', fileVersion: 10.0.22621.2506
C:\WINDOWS\System32\bcryptprimitives.dll:bcryptprimitives.dll (00007FF8CA7F0000), size: 495616 (result: 0), SymType: '-deferred-', PDB: '', fileVersion: 10.0.22621.3374
C:\WINDOWS\SYSTEM32\kernel.appcore.dll:kernel.appcore.dll (00007FF8C8ED0000), size: 98304 (result: 0), SymType: '-deferred-', PDB: '', fileVersion: 10.0.22621.2715
C:\WINDOWS\system32\uxtheme.dll:uxtheme.dll (00007FF8C6F40000), size: 700416 (result: 0), SymType: '-deferred-', PDB: '', fileVersion: 10.0.22621.3447
C:\WINDOWS\SYSTEM32\windows.storage.dll:windows.storage.dll (00007FF8C7DF0000), size: 9408512 (result: 0), SymType: '-deferred-', PDB: '', fileVersion: 10.0.22621.3447
C:\WINDOWS\SYSTEM32\wintypes.dll:wintypes.dll (00007FF8C7CB0000), size: 1302528 (result: 0), SymType: '-deferred-', PDB: '', fileVersion: 10.0.22621.3235
C:\WINDOWS\System32\SHCORE.dll:SHCORE.dll (00007FF8CB9E0000), size: 995328 (result: 0), SymType: '-deferred-', PDB: '', fileVersion: 10.0.22621.3374
C:\WINDOWS\SYSTEM32\profapi.dll:profapi.dll (00007FF8C9DC0000), size: 135168 (result: 0), SymType: '-deferred-', PDB: '', fileVersion: 10.0.22621.3374
C:\WINDOWS\system32\IconCodecService.dll:IconCodecService.dll (00007FF8BE710000), size: 36864 (result: 0), SymType: '-deferred-', PDB: '', fileVersion: 10.0.22621.1
C:\WINDOWS\SYSTEM32\WindowsCodecs.dll:WindowsCodecs.dll (00007FF8C5050000), size: 1769472 (result: 0), SymType: '-deferred-', PDB: '', fileVersion: 10.0.22621.2506
C:\WINDOWS\System32\NSI.dll:NSI.dll (00007FF8CBE90000), size: 36864 (result: 0), SymType: '-deferred-', PDB: '', fileVersion: 10.0.22621.1
C:\WINDOWS\SYSTEM32\dhcpcsvc6.DLL:dhcpcsvc6.DLL (00007FF8C2960000), size: 102400 (result: 0), SymType: '-deferred-', PDB: '', fileVersion: 10.0.22621.2506
C:\WINDOWS\SYSTEM32\dhcpcsvc.DLL:dhcpcsvc.DLL (00007FF8C23D0000), size: 126976 (result: 0), SymType: '-deferred-', PDB: '', fileVersion: 10.0.22621.2506
C:\WINDOWS\SYSTEM32\DNSAPI.dll:DNSAPI.dll (00007FF8C8A10000), size: 1019904 (result: 0), SymType: '-deferred-', PDB: '', fileVersion: 10.0.22621.3155
C:\WINDOWS\system32\napinsp.dll:napinsp.dll (00007FF88AD10000), size: 94208 (result: 0), SymType: '-deferred-', PDB: '', fileVersion: 10.0.22621.1
C:\WINDOWS\system32\pnrpnsp.dll:pnrpnsp.dll (00007FF88ACF0000), size: 110592 (result: 0), SymType: '-deferred-', PDB: '', fileVersion: 10.0.22621.1
C:\WINDOWS\System32\winrnr.dll:winrnr.dll (00007FF88AC60000), size: 69632 (result: 0), SymType: '-deferred-', PDB: '', fileVersion: 10.0.22621.1
C:\WINDOWS\system32\wshbth.dll:wshbth.dll (00007FF8C0440000), size: 86016 (result: 0), SymType: '-deferred-', PDB: '', fileVersion: 10.0.22621.3374
C:\WINDOWS\system32\nlansp_c.dll:nlansp_c.dll (00007FF88AC30000), size: 135168 (result: 0), SymType: '-deferred-', PDB: '', fileVersion: 10.0.22621.2506
C:\WINDOWS\System32\fwpuclnt.dll:fwpuclnt.dll (00007FF8C04A0000), size: 536576 (result: 0), SymType: '-deferred-', PDB: '', fileVersion: 10.0.22621.3235
C:\Windows\System32\rasadhlp.dll:rasadhlp.dll (00007FF8C2980000), size: 40960 (result: 0), SymType: '-deferred-', PDB: '', fileVersion: 10.0.22621.1
C:\Program Files\Unity\Hub\Editor\2022.3.13f1\Editor\NVUnityPlugin.DLL:NVUnityPlugin.DLL (00007FF884540000), size: 1519616 (result: 0), SymType: '-deferred-', PDB: ''
C:\WINDOWS\System32\netprofm.dll:netprofm.dll (00007FF8C4AF0000), size: 491520 (result: 0), SymType: '-deferred-', PDB: '', fileVersion: 10.0.22621.2506
C:\Program Files\Unity\Hub\Editor\2022.3.13f1\Editor\Data\Tools\astcenc-avx2.dll:astcenc-avx2.dll (00007FF8844B0000), size: 540672 (result: 0), SymType: '-deferred-', PDB: ''
C:\WINDOWS\System32\npmproxy.dll:npmproxy.dll (00007FF8BFAE0000), size: 98304 (result: 0), SymType: '-deferred-', PDB: '', fileVersion: 10.0.22621.2506
C:\WINDOWS\System32\MMDevApi.dll:MMDevApi.dll (00007FF8BB1C0000), size: 643072 (result: 0), SymType: '-deferred-', PDB: '', fileVersion: 10.0.22621.2506
C:\WINDOWS\System32\DEVOBJ.dll:DEVOBJ.dll (00007FF8C9AD0000), size: 180224 (result: 0), SymType: '-deferred-', PDB: '', fileVersion: 10.0.22621.2506
C:\WINDOWS\SYSTEM32\d3d11.dll:d3d11.dll (00007FF8C5E60000), size: 2453504 (result: 0), SymType: '-deferred-', PDB: '', fileVersion: 10.0.22621.3235
C:\WINDOWS\SYSTEM32\dxgi.dll:dxgi.dll (00007FF8C7090000), size: 1015808 (result: 0), SymType: '-deferred-', PDB: '', fileVersion: 10.0.22621.3374
C:\WINDOWS\SYSTEM32\directxdatabasehelper.dll:directxdatabasehelper.dll (00007FF8C3F00000), size: 303104 (result: 0), SymType: '-deferred-', PDB: '', fileVersion: 10.0.22621.3374
C:\WINDOWS\System32\DriverStore\FileRepository\u0388253.inf_amd64_501ddfbfa1c4852c\B387046\aticfx64.dll:aticfx64.dll (00007FF8C06A0000), size: 1814528 (result: 0), SymType: '-deferred-', PDB: '', fileVersion: 31.0.12044.24003
C:\WINDOWS\System32\DriverStore\FileRepository\u0388253.inf_amd64_501ddfbfa1c4852c\B387046\atiuxp64.dll:atiuxp64.dll (00007FF8C0620000), size: 233472 (result: 0), SymType: '-deferred-', PDB: '', fileVersion: 31.0.12044.24003
C:\WINDOWS\System32\DriverStore\FileRepository\u0388253.inf_amd64_501ddfbfa1c4852c\B387046\atidxx64.dll:atidxx64.dll (00007FF8BBFE0000), size: 32673792 (result: 0), SymType: '-deferred-', PDB: '', fileVersion: 31.0.12044.24003
C:\WINDOWS\SYSTEM32\apphelp.dll:apphelp.dll (00007FF8C6B30000), size: 618496 (result: 0), SymType: '-deferred-', PDB: '', fileVersion: 10.0.22621.3374
C:\WINDOWS\SYSTEM32\amdihk64.dll:amdihk64.dll (00007FF8C0460000), size: 217088 (result: 0), SymType: '-deferred-', PDB: '', fileVersion: 2.0.0.1788
C:\WINDOWS\SYSTEM32\D3DSCache.dll:D3DSCache.dll (00007FF8C0250000), size: 192512 (result: 0), SymType: '-deferred-', PDB: '', fileVersion: 10.0.22621.2506
C:\WINDOWS\SYSTEM32\USERENV.dll:USERENV.dll (00007FF8C9440000), size: 163840 (result: 0), SymType: '-deferred-', PDB: '', fileVersion: 10.0.22621.3374
C:\WINDOWS\system32\wbem\wbemprox.dll:wbemprox.dll (00007FF8B3D60000), size: 65536 (result: 0), SymType: '-deferred-', PDB: '', fileVersion: 10.0.22621.3085
C:\WINDOWS\SYSTEM32\wbemcomn.dll:wbemcomn.dll (00007FF8B3CE0000), size: 524288 (result: 0), SymType: '-deferred-', PDB: '', fileVersion: 10.0.22621.2506
C:\WINDOWS\system32\wbem\wbemsvc.dll:wbemsvc.dll (00007FF8AE9C0000), size: 81920 (result: 0), SymType: '-deferred-', PDB: '', fileVersion: 10.0.22621.3085
C:\WINDOWS\system32\wbem\fastprox.dll:fastprox.dll (00007FF8AEB50000), size: 1015808 (result: 0), SymType: '-deferred-', PDB: '', fileVersion: 10.0.22621.2506
C:\WINDOWS\SYSTEM32\amsi.dll:amsi.dll (00007FF8AE040000), size: 118784 (result: 0), SymType: '-deferred-', PDB: '', fileVersion: 10.0.22621.1
C:\ProgramData\Microsoft\Windows Defender\Platform\4.18.24030.9-0\MpOav.dll:MpOav.dll (00007FF8ADFB0000), size: 528384 (result: 0), SymType: '-deferred-', PDB: '', fileVersion: 4.18.24030.9
C:\WINDOWS\SYSTEM32\opencl.dll:opencl.dll (00007FF8463A0000), size: 507904 (result: 0), SymType: '-deferred-', PDB: '', fileVersion: 3.0.0.0
C:\Program Files\Unity\Hub\Editor\2022.3.13f1\Editor\radeonrays.dll:radeonrays.dll (00007FF884420000), size: 557056 (result: 0), SymType: '-deferred-', PDB: ''
C:\Program Files\Unity\Hub\Editor\2022.3.13f1\Editor\Data\MonoBleedingEdge\EmbedRuntime\mono-2.0-bdwgc.dll:mono-2.0-bdwgc.dll (00007FF832BB0000), size: 10825728 (result: 0), SymType: '-deferred-', PDB: ''
C:\WINDOWS\SYSTEM32\dbghelp.dll:dbghelp.dll (00007FF8C78F0000), size: 2306048 (result: 0), SymType: '-deferred-', PDB: '', fileVersion: 10.0.22621.2506
0x00007FF8CA0153AC (KERNELBASE) RaiseException
  ERROR: SymGetSymFromAddr64, GetLastError: '√ârv√©nytelen c√≠m hozz√°f√©r√©s√©re tett k√≠s√©rlet.' (Address: 00007FF832C20C0C)
0x00007FF832C20C0C (mono-2.0-bdwgc) (function-name not available)
  ERROR: SymGetSymFromAddr64, GetLastError: '√ârv√©nytelen c√≠m hozz√°f√©r√©s√©re tett k√≠s√©rlet.' (Address: 00007FF832C0C822)
0x00007FF832C0C822 (mono-2.0-bdwgc) (function-name not available)
  ERROR: SymGetSymFromAddr64, GetLastError: '√ârv√©nytelen c√≠m hozz√°f√©r√©s√©re tett k√≠s√©rlet.' (Address: 00007FF832C0C888)
0x00007FF832C0C888 (mono-2.0-bdwgc) (function-name not available)
  ERROR: SymGetSymFromAddr64, GetLastError: '√ârv√©nytelen c√≠m hozz√°f√©r√©s√©re tett k√≠s√©rlet.' (Address: 00007FF832D33B2A)
0x00007FF832D33B2A (mono-2.0-bdwgc) (function-name not available)
  ERROR: SymGetSymFromAddr64, GetLastError: '√ârv√©nytelen c√≠m hozz√°f√©r√©s√©re tett k√≠s√©rlet.' (Address: 00007FF832F2D969)
0x00007FF832F2D969 (mono-2.0-bdwgc) (function-name not available)
  ERROR: SymGetSymFromAddr64, GetLastError: '√ârv√©nytelen c√≠m hozz√°f√©r√©s√©re tett k√≠s√©rlet.' (Address: 00007FF832E3641E)
0x00007FF832E3641E (mono-2.0-bdwgc) (function-name not available)
  ERROR: SymGetSymFromAddr64, GetLastError: '√ârv√©nytelen c√≠m hozz√°f√©r√©s√©re tett k√≠s√©rlet.' (Address: 00007FF832E3AC0A)
0x00007FF832E3AC0A (mono-2.0-bdwgc) (function-name not available)
  ERROR: SymGetSymFromAddr64, GetLastError: '√ârv√©nytelen c√≠m hozz√°f√©r√©s√©re tett k√≠s√©rlet.' (Address: 00007FF832E3B587)
0x00007FF832E3B587 (mono-2.0-bdwgc) (function-name not available)
  ERROR: SymGetSymFromAddr64, GetLastError: '√ârv√©nytelen c√≠m hozz√°f√©r√©s√©re tett k√≠s√©rlet.' (Address: 00007FF832E4275C)
0x00007FF832E4275C (mono-2.0-bdwgc) (function-name not available)
  ERROR: SymGetSymFromAddr64, GetLastError: '√ârv√©nytelen c√≠m hozz√°f√©r√©s√©re tett k√≠s√©rlet.' (Address: 00007FF832E4440F)
0x00007FF832E4440F (mono-2.0-bdwgc) (function-name not available)
  ERROR: SymGetSymFromAddr64, GetLastError: '√ârv√©nytelen c√≠m hozz√°f√©r√©s√©re tett k√≠s√©rlet.' (Address: 00007FF832D7D204)
0x00007FF832D7D204 (mono-2.0-bdwgc) (function-name not available)
  ERROR: SymGetSymFromAddr64, GetLastError: '√ârv√©nytelen c√≠m hozz√°f√©r√©s√©re tett k√≠s√©rlet.' (Address: 00007FF832D7D79F)
0x00007FF832D7D79F (mono-2.0-bdwgc) (function-name not available)
  ERROR: SymGetSymFromAddr64, GetLastError: '√ârv√©nytelen c√≠m hozz√°f√©r√©s√©re tett k√≠s√©rlet.' (Address: 00007FF832D84998)
0x00007FF832D84998 (mono-2.0-bdwgc) (function-name not available)
  ERROR: SymGetSymFromAddr64, GetLastError: '√ârv√©nytelen c√≠m hozz√°f√©r√©s√©re tett k√≠s√©rlet.' (Address: 00007FF832CB4EB2)
0x00007FF832CB4EB2 (mono-2.0-bdwgc) (function-name not available)
  ERROR: SymGetSymFromAddr64, GetLastError: '√ârv√©nytelen c√≠m hozz√°f√©r√©s√©re tett k√≠s√©rlet.' (Address: 00007FF832CDB091)
0x00007FF832CDB091 (mono-2.0-bdwgc) (function-name not available)
0x00000243F184D440 (Mono JIT Code) (wrapper managed-to-native) System.Reflection.RuntimeConstructorInfo:InternalInvoke (System.Reflection.RuntimeConstructorInfo,object,object[],System.Exception&)
0x00000243F184D28B (Mono JIT Code) System.Reflection.RuntimeConstructorInfo:InternalInvoke (object,object[],bool)
0x00000243F3DE2C7B (Mono JIT Code) System.RuntimeType:CreateInstanceMono (bool,bool)
0x00000243F3DE280B (Mono JIT Code) System.RuntimeType:CreateInstanceSlow (bool,bool,bool,bool)
0x00000243F3DE273B (Mono JIT Code) System.RuntimeType:CreateInstanceDefaultCtor (bool,bool,bool,bool,System.Threading.StackCrawlMark&)
0x00000243F3DE2603 (Mono JIT Code) System.Activator:CreateInstance (System.Type,bool,bool)
0x00000243F3DE251B (Mono JIT Code) System.Activator:CreateInstance (System.Type,bool)
0x00000243F3DE24CB (Mono JIT Code) System.Activator:CreateInstance (System.Type)
0x00000243F4352273 (Mono JIT Code) UnityEditor.UIElements.UXMLEditorFactories:.cctor ()
0x00000243F3FFD5A5 (Mono JIT Code) (wrapper runtime-invoke) object:runtime_invoke_void (object,intptr,intptr,intptr)
  ERROR: SymGetSymFromAddr64, GetLastError: '√ârv√©nytelen c√≠m hozz√°f√©r√©s√©re tett k√≠s√©rlet.' (Address: 00007FF832E44B6E)
0x00007FF832E44B6E (mono-2.0-bdwgc) (function-name not available)
  ERROR: SymGetSymFromAddr64, GetLastError: '√ârv√©nytelen c√≠m hozz√°f√©r√©s√©re tett k√≠s√©rlet.' (Address: 00007FF832D7D204)
0x00007FF832D7D204 (mono-2.0-bdwgc) (function-name not available)
  ERROR: SymGetSymFromAddr64, GetLastError: '√ârv√©nytelen c√≠m hozz√°f√©r√©s√©re tett k√≠s√©rlet.' (Address: 00007FF832D77FA9)
0x00007FF832D77FA9 (mono-2.0-bdwgc) (function-name not available)
  ERROR: SymGetSymFromAddr64, GetLastError: '√ârv√©nytelen c√≠m hozz√°f√©r√©s√©re tett k√≠s√©rlet.' (Address: 00007FF832CADDD7)
0x00007FF832CADDD7 (mono-2.0-bdwgc) (function-name not available)
  ERROR: SymGetSymFromAddr64, GetLastError: '√ârv√©nytelen c√≠m hozz√°f√©r√©s√©re tett k√≠s√©rlet.' (Address: 00007FF832CDFEBC)
0x00007FF832CDFEBC (mono-2.0-bdwgc) (function-name not available)
0x00000243F3FD2B5A (Mono JIT Code) (wrapper managed-to-native) System.Runtime.CompilerServices.RuntimeHelpers:RunClassConstructor (intptr)
0x00000243F3FD2A6B (Mono JIT Code) System.Runtime.CompilerServices.RuntimeHelpers:RunClassConstructor (System.RuntimeTypeHandle)
0x00000243CF5EEEFB (Mono JIT Code) UnityEditor.EditorAssemblies:ProcessInitializeOnLoadAttributes (System.Type[])
0x00000243F146FCB8 (Mono JIT Code) (wrapper runtime-invoke) <Module>:runtime_invoke_void_object (object,intptr,intptr,intptr)
  ERROR: SymGetSymFromAddr64, GetLastError: '√ârv√©nytelen c√≠m hozz√°f√©r√©s√©re tett k√≠s√©rlet.' (Address: 00007FF832E44B6E)
0x00007FF832E44B6E (mono-2.0-bdwgc) (function-name not available)
  ERROR: SymGetSymFromAddr64, GetLastError: '√ârv√©nytelen c√≠m hozz√°f√©r√©s√©re tett k√≠s√©rlet.' (Address: 00007FF832D7D204)
0x00007FF832D7D204 (mono-2.0-bdwgc) (function-name not available)
  ERROR: SymGetSymFromAddr64, GetLastError: '√ârv√©nytelen c√≠m hozz√°f√©r√©s√©re tett k√≠s√©rlet.' (Address: 00007FF832D7D37C)
0x00007FF832D7D37C (mono-2.0-bdwgc) (function-name not available)
  ERROR: SymGetSymFromAddr64, GetLastError: '√ârv√©nytelen c√≠m hozz√°f√©r√©s√©re tett k√≠s√©rlet.' (Address: 00007FF74D0F1654)
0x00007FF74D0F1654 (Unity) (function-name not available)
  ERROR: SymGetSymFromAddr64, GetLastError: '√ârv√©nytelen c√≠m hozz√°f√©r√©s√©re tett k√≠s√©rlet.' (Address: 00007FF74D0CF704)
0x00007FF74D0CF704 (Unity) (function-name not available)
  ERROR: SymGetSymFromAddr64, GetLastError: '√ârv√©nytelen c√≠m hozz√°f√©r√©s√©re tett k√≠s√©rlet.' (Address: 00007FF74D0CA345)
0x00007FF74D0CA345 (Unity) (function-name not available)
  ERROR: SymGetSymFromAddr64, GetLastError: '√ârv√©nytelen c√≠m hozz√°f√©r√©s√©re tett k√≠s√©rlet.' (Address: 00007FF74D21D103)
0x00007FF74D21D103 (Unity) (function-name not available)
  ERROR: SymGetSymFromAddr64, GetLastError: '√ârv√©nytelen c√≠m hozz√°f√©r√©s√©re tett k√≠s√©rlet.' (Address: 00007FF74D0C44C8)
0x00007FF74D0C44C8 (Unity) (function-name not available)
  ERROR: SymGetSymFromAddr64, GetLastError: '√ârv√©nytelen c√≠m hozz√°f√©r√©s√©re tett k√≠s√©rlet.' (Address: 00007FF74D0B9E89)
0x00007FF74D0B9E89 (Unity) (function-name not available)
  ERROR: SymGetSymFromAddr64, GetLastError: '√ârv√©nytelen c√≠m hozz√°f√©r√©s√©re tett k√≠s√©rlet.' (Address: 00007FF74E4B2EFA)
0x00007FF74E4B2EFA (Unity) (function-name not available)
  ERROR: SymGetSymFromAddr64, GetLastError: '√ârv√©nytelen c√≠m hozz√°f√©r√©s√©re tett k√≠s√©rlet.' (Address: 00007FF74E0601FB)
0x00007FF74E0601FB (Unity) (function-name not available)
  ERROR: SymGetSymFromAddr64, GetLastError: '√ârv√©nytelen c√≠m hozz√°f√©r√©s√©re tett k√≠s√©rlet.' (Address: 00007FF74E56182F)
0x00007FF74E56182F (Unity) (function-name not available)
  ERROR: SymGetSymFromAddr64, GetLastError: '√ârv√©nytelen c√≠m hozz√°f√©r√©s√©re tett k√≠s√©rlet.' (Address: 00007FF74E59B5D2)
0x00007FF74E59B5D2 (Unity) (function-name not available)
  ERROR: SymGetSymFromAddr64, GetLastError: '√ârv√©nytelen c√≠m hozz√°f√©r√©s√©re tett k√≠s√©rlet.' (Address: 00007FF74E58757E)
0x00007FF74E58757E (Unity) (function-name not available)
  ERROR: SymGetSymFromAddr64, GetLastError: '√ârv√©nytelen c√≠m hozz√°f√©r√©s√©re tett k√≠s√©rlet.' (Address: 00007FF74E5891AE)
0x00007FF74E5891AE (Unity) (function-name not available)
  ERROR: SymGetSymFromAddr64, GetLastError: '√ârv√©nytelen c√≠m hozz√°f√©r√©s√©re tett k√≠s√©rlet.' (Address: 00007FF74E59997C)
0x00007FF74E59997C (Unity) (function-name not available)
  ERROR: SymGetSymFromAddr64, GetLastError: '√ârv√©nytelen c√≠m hozz√°f√©r√©s√©re tett k√≠s√©rlet.' (Address: 00007FF74E56DB9F)
0x00007FF74E56DB9F (Unity) (function-name not available)
  ERROR: SymGetSymFromAddr64, GetLastError: '√ârv√©nytelen c√≠m hozz√°f√©r√©s√©re tett k√≠s√©rlet.' (Address: 00007FF74E538757)
0x00007FF74E538757 (Unity) (function-name not available)
  ERROR: SymGetSymFromAddr64, GetLastError: '√ârv√©nytelen c√≠m hozz√°f√©r√©s√©re tett k√≠s√©rlet.' (Address: 00007FF74E5387DB)
0x00007FF74E5387DB (Unity) (function-name not available)
  ERROR: SymGetSymFromAddr64, GetLastError: '√ârv√©nytelen c√≠m hozz√°f√©r√©s√©re tett k√≠s√©rlet.' (Address: 00007FF74DD37DA3)
0x00007FF74DD37DA3 (Unity) (function-name not available)
  ERROR: SymGetSymFromAddr64, GetLastError: '√ârv√©nytelen c√≠m hozz√°f√©r√©s√©re tett k√≠s√©rlet.' (Address: 00007FF74E1C2BA5)
0x00007FF74E1C2BA5 (Unity) (function-name not available)
  ERROR: SymGetSymFromAddr64, GetLastError: '√ârv√©nytelen c√≠m hozz√°f√©r√©s√©re tett k√≠s√©rlet.' (Address: 00007FF74F5A870E)
0x00007FF74F5A870E (Unity) (function-name not available)
  ERROR: SymGetSymFromAddr64, GetLastError: '√ârv√©nytelen c√≠m hozz√°f√©r√©s√©re tett k√≠s√©rlet.' (Address: 00007FF8CB89257D)
0x00007FF8CB89257D (KERNEL32) (function-name not available)
  ERROR: SymGetSymFromAddr64, GetLastError: '√ârv√©nytelen c√≠m hozz√°f√©r√©s√©re tett k√≠s√©rlet.' (Address: 00007FF8CCBCAA48)
0x00007FF8CCBCAA48 (ntdll) (function-name not available)

========== END OF STACKTRACE ===========

A crash has been intercepted by the crash handler. For call stack and other details, see the latest crash report generated in:
 * C:/Users/szojk/AppData/Local/Temp/Unity/Editor/Crashes
