Using pre-set license
Built from '2022.3/staging' branch; Version is '2022.3.13f1 (5f90a5ebde0f) revision 6262949'; Using compiler version '192829333'; Build Type 'Release'
OS: 'Windows 11  (10.0.22631) 64bit Core' Language: 'hu' Physical Memory: 3454 MB
BatchMode: 1, IsHumanControllingUs: 0, StartBugReporterOnCrash: 0, Is64bit: 1, IsPro: 1

COMMAND LINE ARGUMENTS:
C:\Program Files\Unity\Hub\Editor\2022.3.13f1\Editor\Unity.exe
-adb2
-batchMode
-noUpm
-name
AssetImportWorker0
-projectPath
C:/Users/szojk/Documents/BME 6.félév (erasmus)/oulu/Product development/unity/test_game
-logFile
Logs/AssetImportWorker0.log
-srvPort
51290
Successfully changed project path to: C:/Users/szojk/Documents/BME 6.félév (erasmus)/oulu/Product development/unity/test_game
C:/Users/szojk/Documents/BME 6.félév (erasmus)/oulu/Product development/unity/test_game
[UnityMemory] Configuration Parameters - Can be set up in boot.config
    "memorysetup-bucket-allocator-granularity=16"
    "memorysetup-bucket-allocator-bucket-count=8"
    "memorysetup-bucket-allocator-block-size=33554432"
    "memorysetup-bucket-allocator-block-count=8"
    "memorysetup-main-allocator-block-size=16777216"
    "memorysetup-thread-allocator-block-size=16777216"
    "memorysetup-gfx-main-allocator-block-size=16777216"
    "memorysetup-gfx-thread-allocator-block-size=16777216"
    "memorysetup-cache-allocator-block-size=4194304"
    "memorysetup-typetree-allocator-block-size=2097152"
    "memorysetup-profiler-bucket-allocator-granularity=16"
    "memorysetup-profiler-bucket-allocator-bucket-count=8"
    "memorysetup-profiler-bucket-allocator-block-size=33554432"
    "memorysetup-profiler-bucket-allocator-block-count=8"
    "memorysetup-profiler-allocator-block-size=16777216"
    "memorysetup-profiler-editor-allocator-block-size=1048576"
    "memorysetup-temp-allocator-size-main=16777216"
    "memorysetup-job-temp-allocator-block-size=2097152"
    "memorysetup-job-temp-allocator-block-size-background=1048576"
    "memorysetup-job-temp-allocator-reduction-small-platforms=262144"
    "memorysetup-allocator-temp-initial-block-size-main=262144"
    "memorysetup-allocator-temp-initial-block-size-worker=262144"
    "memorysetup-temp-allocator-size-background-worker=32768"
    "memorysetup-temp-allocator-size-job-worker=262144"
    "memorysetup-temp-allocator-size-preload-manager=33554432"
    "memorysetup-temp-allocator-size-nav-mesh-worker=65536"
    "memorysetup-temp-allocator-size-audio-worker=65536"
    "memorysetup-temp-allocator-size-cloud-worker=32768"
    "memorysetup-temp-allocator-size-gi-baking-worker=262144"
    "memorysetup-temp-allocator-size-gfx=262144"
Unable to join player connection multicast group (err: 0).
Unable to join player connection alternative multicast group (err: 0).
[Physics::Module] Initialized MultithreadedJobDispatcher with 3 workers.
Refreshing native plugins compatible for Editor in 44.66 ms, found 3 plugins.
Preloading 0 native plugins for Editor in 0.00 ms.
Initialize engine version: 2022.3.13f1 (5f90a5ebde0f)
[Subsystems] Discovering subsystems at path C:/Program Files/Unity/Hub/Editor/2022.3.13f1/Editor/Data/Resources/UnitySubsystems
[Subsystems] Discovering subsystems at path C:/Users/szojk/Documents/BME 6.félév (erasmus)/oulu/Product development/unity/test_game/Assets
GfxDevice: creating device client; threaded=0; jobified=0
Direct3D:
    Version:  Direct3D 11.0 [level 11.1]
    Renderer: AMD Radeon(TM) Graphics (ID=0x1636)
    Vendor:   ATI
    VRAM:     1727 MB
    Driver:   31.0.12044.24003
Initialize mono
Mono path[0] = 'C:/Program Files/Unity/Hub/Editor/2022.3.13f1/Editor/Data/Managed'
Mono path[1] = 'C:/Program Files/Unity/Hub/Editor/2022.3.13f1/Editor/Data/MonoBleedingEdge/lib/mono/unityjit-win32'
Mono config path = 'C:/Program Files/Unity/Hub/Editor/2022.3.13f1/Editor/Data/MonoBleedingEdge/etc'
Using monoOptions --debugger-agent=transport=dt_socket,embedding=1,server=y,suspend=n,address=127.0.0.1:56292
Begin MonoManager ReloadAssembly
Registering precompiled unity dll's ...
Register platform support module: C:/Program Files/Unity/Hub/Editor/2022.3.13f1/Editor/Data/PlaybackEngines/WindowsStandaloneSupport/UnityEditor.WindowsStandalone.Extensions.dll
Registered in 0.021780 seconds.
- Loaded All Assemblies, in  1.999 seconds
Native extension for WindowsStandalone target not found
Mono: successfully reloaded assembly
- Finished resetting the current domain, in  0.644 seconds
Domain Reload Profiling: 2641ms
	BeginReloadAssembly (838ms)
		ExecutionOrderSort (0ms)
		DisableScriptedObjects (0ms)
		BackupInstance (0ms)
		ReleaseScriptingObjects (0ms)
		CreateAndSetChildDomain (7ms)
	RebuildCommonClasses (361ms)
	RebuildNativeTypeToScriptingClass (32ms)
	initialDomainReloadingComplete (169ms)
	LoadAllAssembliesAndSetupDomain (596ms)
		LoadAssemblies (816ms)
		RebuildTransferFunctionScriptingTraits (0ms)
		AnalyzeDomain (591ms)
			TypeCache.Refresh (588ms)
				TypeCache.ScanAssembly (555ms)
			ScanForSourceGeneratedMonoScriptInfo (1ms)
			ResolveRequiredComponents (1ms)
	FinalizeReload (644ms)
		ReleaseScriptCaches (0ms)
		RebuildScriptCaches (0ms)
		SetupLoadedEditorAssemblies (509ms)
			LogAssemblyErrors (0ms)
			InitializePlatformSupportModulesInManaged (18ms)
			SetLoadedEditorAssemblies (16ms)
			RefreshPlugins (0ms)
			BeforeProcessingInitializeOnLoad (5ms)
			ProcessInitializeOnLoadAttributes (317ms)
			ProcessInitializeOnLoadMethodAttributes (153ms)
			AfterProcessingInitializeOnLoad (0ms)
			EditorAssembliesLoaded (0ms)
		ExecutionOrderSort2 (0ms)
		AwakeInstancesAfterBackupRestoration (0ms)
========================================================================
Worker process is ready to serve import requests
Begin MonoManager ReloadAssembly
- Loaded All Assemblies, in  3.942 seconds
Refreshing native plugins compatible for Editor in 21.75 ms, found 3 plugins.
Native extension for WindowsStandalone target not found
Package Manager log level set to [2]
[Package Manager] Server::EnsureServerProcessIsRunning -- launch failed, reason: Unity was launched with the -noUpm command-line argument
[Package Manager] UpmClient::Send -- Unable to send message (not connected to UPM process).
[Package Manager] Cannot connect to Unity Package Manager local server
Mono: successfully reloaded assembly
- Finished resetting the current domain, in  2.078 seconds
Domain Reload Profiling: 6416ms
	BeginReloadAssembly (520ms)
		ExecutionOrderSort (0ms)
		DisableScriptedObjects (13ms)
		BackupInstance (0ms)
		ReleaseScriptingObjects (1ms)
		CreateAndSetChildDomain (65ms)
	RebuildCommonClasses (77ms)
	RebuildNativeTypeToScriptingClass (25ms)
	initialDomainReloadingComplete (108ms)
	LoadAllAssembliesAndSetupDomain (3604ms)
		LoadAssemblies (2372ms)
		RebuildTransferFunctionScriptingTraits (0ms)
		AnalyzeDomain (1112ms)
			TypeCache.Refresh (864ms)
				TypeCache.ScanAssembly (747ms)
			ScanForSourceGeneratedMonoScriptInfo (178ms)
			ResolveRequiredComponents (65ms)
	FinalizeReload (2082ms)
		ReleaseScriptCaches (0ms)
		RebuildScriptCaches (0ms)
		SetupLoadedEditorAssemblies (1497ms)
			LogAssemblyErrors (0ms)
			InitializePlatformSupportModulesInManaged (20ms)
			SetLoadedEditorAssemblies (13ms)
			RefreshPlugins (0ms)
			BeforeProcessingInitializeOnLoad (150ms)
			ProcessInitializeOnLoadAttributes (1228ms)
			ProcessInitializeOnLoadMethodAttributes (62ms)
			AfterProcessingInitializeOnLoad (23ms)
			EditorAssembliesLoaded (1ms)
		ExecutionOrderSort2 (0ms)
		AwakeInstancesAfterBackupRestoration (41ms)
Launched and connected shader compiler UnityShaderCompiler.exe after 0.21 seconds
Refreshing native plugins compatible for Editor in 16.83 ms, found 3 plugins.
Preloading 0 native plugins for Editor in 0.00 ms.
Unloading 3645 Unused Serialized files (Serialized files now loaded: 0)
Unloading 74 unused Assets / (23.1 MB). Loaded Objects now: 4087.
Memory consumption went from 186.6 MB to 163.6 MB.
Total: 38.575500 ms (FindLiveObjects: 2.992600 ms CreateObjectMapping: 0.530300 ms MarkObjects: 23.540100 ms  DeleteObjects: 11.506700 ms)

AssetImportParameters requested are different than current active one (requested -> active):
  custom:container-demuxer-ogg: 62fdf1f143b41e24485cea50d1cbac27 -> 
  custom:video-codec-MediaFoundation-h265: 746d11721c4dcdbdad8f713fa42b33f4 -> 
  custom:video-decoder-ogg-theora: a1e56fd34408186e4bbccfd4996cb3dc -> 
  custom:framework-win-MediaFoundation: 216162199b28c13a410421893ffa2e32 -> 
  custom:CustomObjectIndexerAttribute: 756ad292c208cfabdd7b50bc23989ffe -> 
  custom:container-demuxer-webm: 4f35f7cbe854078d1ac9338744f61a02 -> 
  custom:container-muxer-webm: aa71ff27fc2769a1b78a27578f13a17b -> 
  custom:video-decoder-webm-vp8: 9c59270c3fd7afecdb556c50c9e8de78 -> 
  custom:SearchIndexIgnoredProperties: e643bd26f0fe6173181afceb89e7c659 -> 
  custom:AudioImporter_EditorPlatform: d09bf68614088b80899f8185d706f6e7 -> 
  custom:video-encoder-webm-vp8: eb34c28f22e8b96e1ab97ce403110664 -> 
  custom:audio-decoder-ogg-vorbis: bf7c407c2cedff20999df2af8eb42d56 -> 
  custom:audio-encoder-webm-vorbis: bf7c407c2cedff20999df2af8eb42d56 -> 
========================================================================
Received Import Request.
  Time since last request: 9626.276784 seconds.
  path: Assets/Blinktool/Low poly rocks/Prefabs
  artifactKey: Guid(fd52967e69fe6eb4b8495019124ac496) Importer(815301076,1909f56bfc062723c751e8b465ee728b)
Start importing Assets/Blinktool/Low poly rocks/Prefabs using Guid(fd52967e69fe6eb4b8495019124ac496) Importer(815301076,1909f56bfc062723c751e8b465ee728b)  -> (artifact id: '729c567f561690f2e6dd701e9f284517') in 0.057594 seconds
Number of updated asset objects reloaded before import = 0
Number of asset objects unloaded after import = 0
========================================================================
Received Import Request.
  Time since last request: 0.000077 seconds.
  path: Assets/Blinktool/Low poly rocks
  artifactKey: Guid(3d3ec822f9292b0469d7882adf839576) Importer(815301076,1909f56bfc062723c751e8b465ee728b)
Start importing Assets/Blinktool/Low poly rocks using Guid(3d3ec822f9292b0469d7882adf839576) Importer(815301076,1909f56bfc062723c751e8b465ee728b)  -> (artifact id: '6635a360cccfd2c4f30155befda3ad4a') in 0.001885 seconds
Number of updated asset objects reloaded before import = 0
Number of asset objects unloaded after import = 0
========================================================================
Received Import Request.
  Time since last request: 18.376098 seconds.
  path: Assets/Blinktool/Low poly rocks/Prefabs/Granite
  artifactKey: Guid(a9bafb72627e7c449ae31054305e77b4) Importer(815301076,1909f56bfc062723c751e8b465ee728b)
Start importing Assets/Blinktool/Low poly rocks/Prefabs/Granite using Guid(a9bafb72627e7c449ae31054305e77b4) Importer(815301076,1909f56bfc062723c751e8b465ee728b)  -> (artifact id: 'c53f630de877822d4bbc0c746558f545') in 0.001213 seconds
Number of updated asset objects reloaded before import = 0
Number of asset objects unloaded after import = 0
========================================================================
Received Import Request.
  Time since last request: 0.154626 seconds.
  path: Assets/Blinktool/Low poly rocks/Prefabs/Granite/Rocks_Granite_1.prefab
  artifactKey: Guid(d627c880e7a20424b8afe930e4af713c) Importer(815301076,1909f56bfc062723c751e8b465ee728b)
Start importing Assets/Blinktool/Low poly rocks/Prefabs/Granite/Rocks_Granite_1.prefab using Guid(d627c880e7a20424b8afe930e4af713c) Importer(815301076,1909f56bfc062723c751e8b465ee728b)  -> (artifact id: 'e1ac0bd942df109bb93c6cd4310b0b5a') in 2.469724 seconds
Number of updated asset objects reloaded before import = 0
Number of asset objects unloaded after import = 9
========================================================================
Received Import Request.
  Time since last request: 0.000060 seconds.
  path: Assets/Blinktool/Low poly rocks/Prefabs/Granite/Rocks_Granite_16.prefab
  artifactKey: Guid(c6795cf69cbe7d145b4971d05cdffc29) Importer(815301076,1909f56bfc062723c751e8b465ee728b)
Start importing Assets/Blinktool/Low poly rocks/Prefabs/Granite/Rocks_Granite_16.prefab using Guid(c6795cf69cbe7d145b4971d05cdffc29) Importer(815301076,1909f56bfc062723c751e8b465ee728b)  -> (artifact id: 'cdb222784fea26b86e29fb6dd682d437') in 0.336665 seconds
Number of updated asset objects reloaded before import = 0
Number of asset objects unloaded after import = 9
========================================================================
Received Import Request.
  Time since last request: 0.000040 seconds.
  path: Assets/Blinktool/Low poly rocks/Prefabs/Granite/Rocks_Granite_12.prefab
  artifactKey: Guid(a89a28fccdfb66545995817705914165) Importer(815301076,1909f56bfc062723c751e8b465ee728b)
Start importing Assets/Blinktool/Low poly rocks/Prefabs/Granite/Rocks_Granite_12.prefab using Guid(a89a28fccdfb66545995817705914165) Importer(815301076,1909f56bfc062723c751e8b465ee728b)  -> (artifact id: 'd060f37d5070ccb133bcf20fb1e881e3') in 15.161076 seconds
Number of updated asset objects reloaded before import = 0
Number of asset objects unloaded after import = 9
========================================================================
Received Import Request.
  Time since last request: 0.000376 seconds.
  path: Assets/Blinktool/Low poly rocks/Prefabs/Granite/Rocks_Granite_54.prefab
  artifactKey: Guid(fee92efafcfa9ee4092d1533a4ad9e96) Importer(815301076,1909f56bfc062723c751e8b465ee728b)
Start importing Assets/Blinktool/Low poly rocks/Prefabs/Granite/Rocks_Granite_54.prefab using Guid(fee92efafcfa9ee4092d1533a4ad9e96) Importer(815301076,1909f56bfc062723c751e8b465ee728b)  -> (artifact id: 'b20ec912a4c15460e38baeb599d21d94') in 1.479198 seconds
Number of updated asset objects reloaded before import = 0
Number of asset objects unloaded after import = 9
========================================================================
Received Import Request.
  Time since last request: 0.000067 seconds.
  path: Assets/Blinktool/Low poly rocks/Prefabs/Granite/Rocks_Granite_56.prefab
  artifactKey: Guid(870a69b38f4379044a2312e13308d06e) Importer(815301076,1909f56bfc062723c751e8b465ee728b)
Start importing Assets/Blinktool/Low poly rocks/Prefabs/Granite/Rocks_Granite_56.prefab using Guid(870a69b38f4379044a2312e13308d06e) Importer(815301076,1909f56bfc062723c751e8b465ee728b)  -> (artifact id: '6bc62ddd2ae184487ec6be56bc9f69be') in 0.118399 seconds
Number of updated asset objects reloaded before import = 0
Number of asset objects unloaded after import = 9
========================================================================
Received Import Request.
  Time since last request: 0.000076 seconds.
  path: Assets/Blinktool/Low poly rocks/Prefabs/Granite/Rocks_Granite_57.prefab
  artifactKey: Guid(6ea909fc7e0129545bcb5491808cddec) Importer(815301076,1909f56bfc062723c751e8b465ee728b)
Start importing Assets/Blinktool/Low poly rocks/Prefabs/Granite/Rocks_Granite_57.prefab using Guid(6ea909fc7e0129545bcb5491808cddec) Importer(815301076,1909f56bfc062723c751e8b465ee728b)  -> (artifact id: 'ecb2a7a42b0a86f04fc57147331a9901') in 0.055311 seconds
Number of updated asset objects reloaded before import = 0
Number of asset objects unloaded after import = 9
========================================================================
Received Import Request.
  Time since last request: 0.190562 seconds.
  path: Assets/Blinktool/Low poly rocks/Prefabs/Granite/Rocks_Granite_18.prefab
  artifactKey: Guid(dd600b5d848160849a90f8ccad8ab39f) Importer(815301076,1909f56bfc062723c751e8b465ee728b)
Start importing Assets/Blinktool/Low poly rocks/Prefabs/Granite/Rocks_Granite_18.prefab using Guid(dd600b5d848160849a90f8ccad8ab39f) Importer(815301076,1909f56bfc062723c751e8b465ee728b)  -> (artifact id: '68f1720aa201427dc51f21803b504902') in 0.042738 seconds
Number of updated asset objects reloaded before import = 0
Number of asset objects unloaded after import = 9
========================================================================
Received Import Request.
  Time since last request: 0.121813 seconds.
  path: Assets/Blinktool/Low poly rocks/Prefabs/Granite/Rocks_Granite_35.prefab
  artifactKey: Guid(82a973617875c3d4fa66965f01c6afdf) Importer(815301076,1909f56bfc062723c751e8b465ee728b)
Start importing Assets/Blinktool/Low poly rocks/Prefabs/Granite/Rocks_Granite_35.prefab using Guid(82a973617875c3d4fa66965f01c6afdf) Importer(815301076,1909f56bfc062723c751e8b465ee728b)  -> (artifact id: '44e40986841523d4fe5e26e70e816e01') in 0.501004 seconds
Number of updated asset objects reloaded before import = 0
Number of asset objects unloaded after import = 9
========================================================================
Received Import Request.
  Time since last request: 0.163561 seconds.
  path: Assets/Blinktool/Low poly rocks/Prefabs/Granite/Rocks_Granite_6.prefab
  artifactKey: Guid(f1fe9e68c352be54cbf8b06b3655dae1) Importer(815301076,1909f56bfc062723c751e8b465ee728b)
Start importing Assets/Blinktool/Low poly rocks/Prefabs/Granite/Rocks_Granite_6.prefab using Guid(f1fe9e68c352be54cbf8b06b3655dae1) Importer(815301076,1909f56bfc062723c751e8b465ee728b)  -> (artifact id: '7df811fc980dc5d4ba9a318f84a2a3e7') in 0.099888 seconds
Number of updated asset objects reloaded before import = 0
Number of asset objects unloaded after import = 9
========================================================================
Received Import Request.
  Time since last request: 0.000031 seconds.
  path: Assets/Blinktool/Low poly rocks/Prefabs/Granite/Rocks_Granite_21.prefab
  artifactKey: Guid(e4d91093524562e4785bdb3146fffc8a) Importer(815301076,1909f56bfc062723c751e8b465ee728b)
Start importing Assets/Blinktool/Low poly rocks/Prefabs/Granite/Rocks_Granite_21.prefab using Guid(e4d91093524562e4785bdb3146fffc8a) Importer(815301076,1909f56bfc062723c751e8b465ee728b)  -> (artifact id: '9a43b90de3bf555e3421fb1db94ea3cf') in 0.175257 seconds
Number of updated asset objects reloaded before import = 0
Number of asset objects unloaded after import = 9
========================================================================
Received Import Request.
  Time since last request: 162.051723 seconds.
  path: Assets/Blinktool/Low poly rocks/Prefabs/Sandstone
  artifactKey: Guid(8dd7bc4501494ab4b816d89c3b76ee59) Importer(815301076,1909f56bfc062723c751e8b465ee728b)
Start importing Assets/Blinktool/Low poly rocks/Prefabs/Sandstone using Guid(8dd7bc4501494ab4b816d89c3b76ee59) Importer(815301076,1909f56bfc062723c751e8b465ee728b)  -> (artifact id: 'cee422260a5a3277cb2654b061071df0') in 0.013330 seconds
Number of updated asset objects reloaded before import = 0
Number of asset objects unloaded after import = 0
========================================================================
Received Import Request.
  Time since last request: 0.020421 seconds.
  path: Assets/Blinktool/Low poly rocks/Prefabs/Sandstone/Rocks_Sandstone_1.prefab
  artifactKey: Guid(fc9d018b9d72a3b45beb19066189b490) Importer(815301076,1909f56bfc062723c751e8b465ee728b)
Start importing Assets/Blinktool/Low poly rocks/Prefabs/Sandstone/Rocks_Sandstone_1.prefab using Guid(fc9d018b9d72a3b45beb19066189b490) Importer(815301076,1909f56bfc062723c751e8b465ee728b)  -> (artifact id: '6e493e050c1f65bf6d83c63149cdfdc7') in 37.631187 seconds
Number of updated asset objects reloaded before import = 0
Number of asset objects unloaded after import = 9
========================================================================
Received Import Request.
  Time since last request: 0.001572 seconds.
  path: Assets/Blinktool/Low poly rocks/Prefabs/Sandstone/Rocks_Sandstone_54.prefab
  artifactKey: Guid(8b06e7777accf8546b29e5df624f7401) Importer(815301076,1909f56bfc062723c751e8b465ee728b)
Start importing Assets/Blinktool/Low poly rocks/Prefabs/Sandstone/Rocks_Sandstone_54.prefab using Guid(8b06e7777accf8546b29e5df624f7401) Importer(815301076,1909f56bfc062723c751e8b465ee728b)  -> (artifact id: '78dd1187ee427a86f1b74b9d6b9ddb01') in 0.410611 seconds
Number of updated asset objects reloaded before import = 0
Number of asset objects unloaded after import = 9
========================================================================
Received Import Request.
  Time since last request: 0.000808 seconds.
  path: Assets/Blinktool/Low poly rocks/Prefabs/Sandstone/Rocks_Sandstone_36.prefab
  artifactKey: Guid(1d2ab01ef1343614db67f43ab7a9fa06) Importer(815301076,1909f56bfc062723c751e8b465ee728b)
Start importing Assets/Blinktool/Low poly rocks/Prefabs/Sandstone/Rocks_Sandstone_36.prefab using Guid(1d2ab01ef1343614db67f43ab7a9fa06) Importer(815301076,1909f56bfc062723c751e8b465ee728b)  -> (artifact id: '66e98bab8ad4b824943b00a0f9446b71') in 0.133067 seconds
Number of updated asset objects reloaded before import = 0
Number of asset objects unloaded after import = 9
========================================================================
Received Import Request.
  Time since last request: 0.000036 seconds.
  path: Assets/Blinktool/Low poly rocks/Prefabs/Sandstone/Rocks_Sandstone_19.prefab
  artifactKey: Guid(8199ddd43db692d48bcb02da414d75c7) Importer(815301076,1909f56bfc062723c751e8b465ee728b)
Start importing Assets/Blinktool/Low poly rocks/Prefabs/Sandstone/Rocks_Sandstone_19.prefab using Guid(8199ddd43db692d48bcb02da414d75c7) Importer(815301076,1909f56bfc062723c751e8b465ee728b)  -> (artifact id: '221c9df33167659ed7cd8dc35d3b39da') in 0.065826 seconds
Number of updated asset objects reloaded before import = 0
Number of asset objects unloaded after import = 9
========================================================================
Received Import Request.
  Time since last request: 0.000947 seconds.
  path: Assets/Blinktool/Low poly rocks/Prefabs/Sandstone/Rocks_Sandstone_17.prefab
  artifactKey: Guid(290704c2c0774d44cb78a9fe35a80590) Importer(815301076,1909f56bfc062723c751e8b465ee728b)
Start importing Assets/Blinktool/Low poly rocks/Prefabs/Sandstone/Rocks_Sandstone_17.prefab using Guid(290704c2c0774d44cb78a9fe35a80590) Importer(815301076,1909f56bfc062723c751e8b465ee728b)  -> (artifact id: 'eaa612b23fa8aa654978b8e0df1b30d6') in 0.078877 seconds
Number of updated asset objects reloaded before import = 0
Number of asset objects unloaded after import = 9
========================================================================
Received Import Request.
  Time since last request: 0.000080 seconds.
  path: Assets/Blinktool/Low poly rocks/Prefabs/Sandstone/Rocks_Sandstone_39.prefab
  artifactKey: Guid(692b245a1a3577e4dad2e004162a4ea0) Importer(815301076,1909f56bfc062723c751e8b465ee728b)
Start importing Assets/Blinktool/Low poly rocks/Prefabs/Sandstone/Rocks_Sandstone_39.prefab using Guid(692b245a1a3577e4dad2e004162a4ea0) Importer(815301076,1909f56bfc062723c751e8b465ee728b)  -> (artifact id: '37aff7df4e72fa62984845bc429769c1') in 0.051381 seconds
Number of updated asset objects reloaded before import = 0
Number of asset objects unloaded after import = 9
========================================================================
Received Import Request.
  Time since last request: 0.000567 seconds.
  path: Assets/Blinktool/Low poly rocks/Prefabs/Sandstone/Rocks_Sandstone_52.prefab
  artifactKey: Guid(89e6bdc1f67256a41862b3ee99180e46) Importer(815301076,1909f56bfc062723c751e8b465ee728b)
Start importing Assets/Blinktool/Low poly rocks/Prefabs/Sandstone/Rocks_Sandstone_52.prefab using Guid(89e6bdc1f67256a41862b3ee99180e46) Importer(815301076,1909f56bfc062723c751e8b465ee728b)  -> (artifact id: '3d4b5c3c7f5940810860b55dd1f93671') in 0.065815 seconds
Number of updated asset objects reloaded before import = 0
Number of asset objects unloaded after import = 9
========================================================================
Received Import Request.
  Time since last request: 0.000531 seconds.
  path: Assets/Blinktool/Low poly rocks/Prefabs/Sandstone/Rocks_Sandstone_32.prefab
  artifactKey: Guid(002af240c302d594da185a2ca33fe093) Importer(815301076,1909f56bfc062723c751e8b465ee728b)
Start importing Assets/Blinktool/Low poly rocks/Prefabs/Sandstone/Rocks_Sandstone_32.prefab using Guid(002af240c302d594da185a2ca33fe093) Importer(815301076,1909f56bfc062723c751e8b465ee728b)  -> (artifact id: 'd78d6656066b378f2e5df81e14df469b') in 0.069799 seconds
Number of updated asset objects reloaded before import = 0
Number of asset objects unloaded after import = 9
========================================================================
Received Import Request.
  Time since last request: 0.000064 seconds.
  path: Assets/Blinktool/Low poly rocks/Prefabs/Sandstone/Rocks_Sandstone_10.prefab
  artifactKey: Guid(439266ddc63436743bdaa1d31ba325bd) Importer(815301076,1909f56bfc062723c751e8b465ee728b)
Start importing Assets/Blinktool/Low poly rocks/Prefabs/Sandstone/Rocks_Sandstone_10.prefab using Guid(439266ddc63436743bdaa1d31ba325bd) Importer(815301076,1909f56bfc062723c751e8b465ee728b)  -> (artifact id: 'cb8b8e434f62639be0ae448c0cdd077c') in 0.055316 seconds
Number of updated asset objects reloaded before import = 0
Number of asset objects unloaded after import = 9
========================================================================
Received Import Request.
  Time since last request: 0.000807 seconds.
  path: Assets/Blinktool/Low poly rocks/Prefabs/Sandstone/Rocks_Sandstone_23.prefab
  artifactKey: Guid(17f756bc01db30448ba52f154df509fd) Importer(815301076,1909f56bfc062723c751e8b465ee728b)
Start importing Assets/Blinktool/Low poly rocks/Prefabs/Sandstone/Rocks_Sandstone_23.prefab using Guid(17f756bc01db30448ba52f154df509fd) Importer(815301076,1909f56bfc062723c751e8b465ee728b)  -> (artifact id: 'b0d7362d66d8d19d1b84cf6de30eb7b9') in 0.051493 seconds
Number of updated asset objects reloaded before import = 0
Number of asset objects unloaded after import = 9
========================================================================
Received Import Request.
  Time since last request: 0.000248 seconds.
  path: Assets/Blinktool/Low poly rocks/Prefabs/Sandstone/Rocks_Sandstone_40.prefab
  artifactKey: Guid(d18140814ce6242429daa5e271760abb) Importer(815301076,1909f56bfc062723c751e8b465ee728b)
Start importing Assets/Blinktool/Low poly rocks/Prefabs/Sandstone/Rocks_Sandstone_40.prefab using Guid(d18140814ce6242429daa5e271760abb) Importer(815301076,1909f56bfc062723c751e8b465ee728b)  -> (artifact id: '2464e37d58773b75bc6237c31f5e385d') in 0.032400 seconds
Number of updated asset objects reloaded before import = 0
Number of asset objects unloaded after import = 9
========================================================================
Received Import Request.
  Time since last request: 0.000156 seconds.
  path: Assets/Blinktool/Low poly rocks/Prefabs/Sandstone/Rocks_Sandstone_45.prefab
  artifactKey: Guid(6dca743c3f2ab934d89a77eddbe4e2f5) Importer(815301076,1909f56bfc062723c751e8b465ee728b)
Start importing Assets/Blinktool/Low poly rocks/Prefabs/Sandstone/Rocks_Sandstone_45.prefab using Guid(6dca743c3f2ab934d89a77eddbe4e2f5) Importer(815301076,1909f56bfc062723c751e8b465ee728b)  -> (artifact id: '577fd17b2b46bb8668a0c3d622a3a3f3') in 0.043067 seconds
Number of updated asset objects reloaded before import = 0
Number of asset objects unloaded after import = 9
========================================================================
Received Import Request.
  Time since last request: 0.000163 seconds.
  path: Assets/Blinktool/Low poly rocks/Prefabs/Sandstone/Rocks_Sandstone_22.prefab
  artifactKey: Guid(c277bdec83091f84f87b8f8d8b2ff01d) Importer(815301076,1909f56bfc062723c751e8b465ee728b)
Start importing Assets/Blinktool/Low poly rocks/Prefabs/Sandstone/Rocks_Sandstone_22.prefab using Guid(c277bdec83091f84f87b8f8d8b2ff01d) Importer(815301076,1909f56bfc062723c751e8b465ee728b)  -> (artifact id: 'dc6093db9d6551437783d7f150f470f3') in 0.050169 seconds
Number of updated asset objects reloaded before import = 0
Number of asset objects unloaded after import = 9
========================================================================
Received Import Request.
  Time since last request: 0.000128 seconds.
  path: Assets/Blinktool/Low poly rocks/Prefabs/Sandstone/Rocks_Sandstone_14.prefab
  artifactKey: Guid(fdb6f97ebeef60c4cb39e1668a07d6f4) Importer(815301076,1909f56bfc062723c751e8b465ee728b)
Start importing Assets/Blinktool/Low poly rocks/Prefabs/Sandstone/Rocks_Sandstone_14.prefab using Guid(fdb6f97ebeef60c4cb39e1668a07d6f4) Importer(815301076,1909f56bfc062723c751e8b465ee728b)  -> (artifact id: '0986159ffc21a17ffe689d67df351089') in 0.044815 seconds
Number of updated asset objects reloaded before import = 0
Number of asset objects unloaded after import = 9
========================================================================
Received Import Request.
  Time since last request: 0.000061 seconds.
  path: Assets/Blinktool/Low poly rocks/Prefabs/Sandstone/Rocks_Sandstone_51.prefab
  artifactKey: Guid(e408c1ae5eb0e3b4c9b6c17cf73c12df) Importer(815301076,1909f56bfc062723c751e8b465ee728b)
Start importing Assets/Blinktool/Low poly rocks/Prefabs/Sandstone/Rocks_Sandstone_51.prefab using Guid(e408c1ae5eb0e3b4c9b6c17cf73c12df) Importer(815301076,1909f56bfc062723c751e8b465ee728b)  -> (artifact id: '1807414995376936366b3d8c4d4f97a9') in 0.046907 seconds
Number of updated asset objects reloaded before import = 0
Number of asset objects unloaded after import = 9
========================================================================
Received Import Request.
  Time since last request: 0.000884 seconds.
  path: Assets/Blinktool/Low poly rocks/Prefabs/Sandstone/Rocks_Sandstone_42.prefab
  artifactKey: Guid(10c87dc10b1d82842a3c0174aece56d9) Importer(815301076,1909f56bfc062723c751e8b465ee728b)
Start importing Assets/Blinktool/Low poly rocks/Prefabs/Sandstone/Rocks_Sandstone_42.prefab using Guid(10c87dc10b1d82842a3c0174aece56d9) Importer(815301076,1909f56bfc062723c751e8b465ee728b)  -> (artifact id: '6d50b4ece51ca37da48d47e0751922ac') in 0.044458 seconds
Number of updated asset objects reloaded before import = 0
Number of asset objects unloaded after import = 9
========================================================================
Received Import Request.
  Time since last request: 0.000059 seconds.
  path: Assets/Blinktool/Low poly rocks/Prefabs/Sandstone/Rocks_Sandstone_13.prefab
  artifactKey: Guid(02604338dff00434888e06ce42ad7fb0) Importer(815301076,1909f56bfc062723c751e8b465ee728b)
Start importing Assets/Blinktool/Low poly rocks/Prefabs/Sandstone/Rocks_Sandstone_13.prefab using Guid(02604338dff00434888e06ce42ad7fb0) Importer(815301076,1909f56bfc062723c751e8b465ee728b)  -> (artifact id: '0faf2a9d5728d372bdf1e807df754b3f') in 0.042880 seconds
Number of updated asset objects reloaded before import = 0
Number of asset objects unloaded after import = 9
========================================================================
Received Import Request.
  Time since last request: 0.000104 seconds.
  path: Assets/Blinktool/Low poly rocks/Prefabs/Sandstone/Rocks_Sandstone_11.prefab
  artifactKey: Guid(87c8a39fa8d10344e8494727717ccbda) Importer(815301076,1909f56bfc062723c751e8b465ee728b)
Start importing Assets/Blinktool/Low poly rocks/Prefabs/Sandstone/Rocks_Sandstone_11.prefab using Guid(87c8a39fa8d10344e8494727717ccbda) Importer(815301076,1909f56bfc062723c751e8b465ee728b)  -> (artifact id: 'c56180c41975909a892ef3e1ad98ea76') in 0.045344 seconds
Number of updated asset objects reloaded before import = 0
Number of asset objects unloaded after import = 9
========================================================================
Received Import Request.
  Time since last request: 0.000045 seconds.
  path: Assets/Blinktool/Low poly rocks/Prefabs/Sandstone/Rocks_Sandstone_20.prefab
  artifactKey: Guid(0fef6555de8cc7840a9ab229c02ab447) Importer(815301076,1909f56bfc062723c751e8b465ee728b)
Start importing Assets/Blinktool/Low poly rocks/Prefabs/Sandstone/Rocks_Sandstone_20.prefab using Guid(0fef6555de8cc7840a9ab229c02ab447) Importer(815301076,1909f56bfc062723c751e8b465ee728b)  -> (artifact id: '60d6226da88fa86b290cd8b740f2d53c') in 0.041799 seconds
Number of updated asset objects reloaded before import = 0
Number of asset objects unloaded after import = 9
========================================================================
Received Import Request.
  Time since last request: 0.000039 seconds.
  path: Assets/Blinktool/Low poly rocks/Prefabs/Sandstone/Rocks_Sandstone_16.prefab
  artifactKey: Guid(23694432b51d95e4fadc55087876a2bc) Importer(815301076,1909f56bfc062723c751e8b465ee728b)
Start importing Assets/Blinktool/Low poly rocks/Prefabs/Sandstone/Rocks_Sandstone_16.prefab using Guid(23694432b51d95e4fadc55087876a2bc) Importer(815301076,1909f56bfc062723c751e8b465ee728b)  -> (artifact id: '6daf92fa8c820058965f3c47ed553b76') in 0.044296 seconds
Number of updated asset objects reloaded before import = 0
Number of asset objects unloaded after import = 9
========================================================================
Received Import Request.
  Time since last request: 0.000081 seconds.
  path: Assets/Blinktool/Low poly rocks/Prefabs/Sandstone/Rocks_Sandstone_50.prefab
  artifactKey: Guid(d084ecf688adc4849b98398d52c1a89c) Importer(815301076,1909f56bfc062723c751e8b465ee728b)
Start importing Assets/Blinktool/Low poly rocks/Prefabs/Sandstone/Rocks_Sandstone_50.prefab using Guid(d084ecf688adc4849b98398d52c1a89c) Importer(815301076,1909f56bfc062723c751e8b465ee728b)  -> (artifact id: '1277819d951a9714383522c0cdc1a2ad') in 0.041999 seconds
Number of updated asset objects reloaded before import = 0
Number of asset objects unloaded after import = 9
========================================================================
Received Import Request.
  Time since last request: 0.001056 seconds.
  path: Assets/Blinktool/Low poly rocks/Prefabs/Sandstone/Rocks_Sandstone_30.prefab
  artifactKey: Guid(3e41c454984e0634083a79127cd000d0) Importer(815301076,1909f56bfc062723c751e8b465ee728b)
Start importing Assets/Blinktool/Low poly rocks/Prefabs/Sandstone/Rocks_Sandstone_30.prefab using Guid(3e41c454984e0634083a79127cd000d0) Importer(815301076,1909f56bfc062723c751e8b465ee728b)  -> (artifact id: '9f95a0dfc2fb68ae48f7a617503209d2') in 0.069929 seconds
Number of updated asset objects reloaded before import = 0
Number of asset objects unloaded after import = 9
========================================================================
Received Import Request.
  Time since last request: 0.000347 seconds.
  path: Assets/Blinktool/Low poly rocks/Prefabs/Sandstone/Rocks_Sandstone_49.prefab
  artifactKey: Guid(92a8f46989991cd49914be460efbf2a8) Importer(815301076,1909f56bfc062723c751e8b465ee728b)
Start importing Assets/Blinktool/Low poly rocks/Prefabs/Sandstone/Rocks_Sandstone_49.prefab using Guid(92a8f46989991cd49914be460efbf2a8) Importer(815301076,1909f56bfc062723c751e8b465ee728b)  -> (artifact id: '5ea669b0a89704a16b3b6d47c35ae4c2') in 0.066009 seconds
Number of updated asset objects reloaded before import = 0
Number of asset objects unloaded after import = 9
========================================================================
Received Import Request.
  Time since last request: 0.000048 seconds.
  path: Assets/Blinktool/Low poly rocks/Prefabs/Sandstone/Rocks_Sandstone_3.prefab
  artifactKey: Guid(2933182c82ead364cbfaace2d6e179a5) Importer(815301076,1909f56bfc062723c751e8b465ee728b)
Start importing Assets/Blinktool/Low poly rocks/Prefabs/Sandstone/Rocks_Sandstone_3.prefab using Guid(2933182c82ead364cbfaace2d6e179a5) Importer(815301076,1909f56bfc062723c751e8b465ee728b)  -> (artifact id: '7a447e8afcaccc181e1cc782b69a44c0') in 0.024742 seconds
Number of updated asset objects reloaded before import = 0
Number of asset objects unloaded after import = 9
========================================================================
Received Import Request.
  Time since last request: 0.000199 seconds.
  path: Assets/Blinktool/Low poly rocks/Prefabs/Sandstone/Rocks_Sandstone_41.prefab
  artifactKey: Guid(5adb91c4989b76145b1e9b493ea6478b) Importer(815301076,1909f56bfc062723c751e8b465ee728b)
Start importing Assets/Blinktool/Low poly rocks/Prefabs/Sandstone/Rocks_Sandstone_41.prefab using Guid(5adb91c4989b76145b1e9b493ea6478b) Importer(815301076,1909f56bfc062723c751e8b465ee728b)  -> (artifact id: 'a17280b76dc2957d1e1e71fc2ccc94e0') in 0.024891 seconds
Number of updated asset objects reloaded before import = 0
Number of asset objects unloaded after import = 9
========================================================================
Received Import Request.
  Time since last request: 0.000042 seconds.
  path: Assets/Blinktool/Low poly rocks/Prefabs/Sandstone/Rocks_Sandstone_18.prefab
  artifactKey: Guid(871cfb2739f777047885155131108dcf) Importer(815301076,1909f56bfc062723c751e8b465ee728b)
Start importing Assets/Blinktool/Low poly rocks/Prefabs/Sandstone/Rocks_Sandstone_18.prefab using Guid(871cfb2739f777047885155131108dcf) Importer(815301076,1909f56bfc062723c751e8b465ee728b)  -> (artifact id: '79b10d3025a3b4ea725a920a692c379c') in 0.022825 seconds
Number of updated asset objects reloaded before import = 0
Number of asset objects unloaded after import = 9
========================================================================
Received Import Request.
  Time since last request: 0.000029 seconds.
  path: Assets/Blinktool/Low poly rocks/Prefabs/Sandstone/Rocks_Sandstone_5.prefab
  artifactKey: Guid(ea6b5b4ffbc31ba468af979cbf26ce37) Importer(815301076,1909f56bfc062723c751e8b465ee728b)
Start importing Assets/Blinktool/Low poly rocks/Prefabs/Sandstone/Rocks_Sandstone_5.prefab using Guid(ea6b5b4ffbc31ba468af979cbf26ce37) Importer(815301076,1909f56bfc062723c751e8b465ee728b)  -> (artifact id: '3c2c624c87102beff10907b7009599e6') in 0.019867 seconds
Number of updated asset objects reloaded before import = 0
Number of asset objects unloaded after import = 9
========================================================================
Received Import Request.
  Time since last request: 0.000028 seconds.
  path: Assets/Blinktool/Low poly rocks/Prefabs/Sandstone/Rocks_Sandstone_35.prefab
  artifactKey: Guid(c67e71d56ad90ad43b8294c29f9ed4b5) Importer(815301076,1909f56bfc062723c751e8b465ee728b)
Start importing Assets/Blinktool/Low poly rocks/Prefabs/Sandstone/Rocks_Sandstone_35.prefab using Guid(c67e71d56ad90ad43b8294c29f9ed4b5) Importer(815301076,1909f56bfc062723c751e8b465ee728b)  -> (artifact id: 'b97f67010d6f2e034f5bf3b55c7cf3a5') in 0.023871 seconds
Number of updated asset objects reloaded before import = 0
Number of asset objects unloaded after import = 9
========================================================================
Received Import Request.
  Time since last request: 0.000077 seconds.
  path: Assets/Blinktool/Low poly rocks/Prefabs/Sandstone/Rocks_Sandstone_25.prefab
  artifactKey: Guid(02cb76d88ccaec74dacc4a03bb83281b) Importer(815301076,1909f56bfc062723c751e8b465ee728b)
Start importing Assets/Blinktool/Low poly rocks/Prefabs/Sandstone/Rocks_Sandstone_25.prefab using Guid(02cb76d88ccaec74dacc4a03bb83281b) Importer(815301076,1909f56bfc062723c751e8b465ee728b)  -> (artifact id: 'c0d1e95b9592e6b1b6f0769dddbe8380') in 0.024118 seconds
Number of updated asset objects reloaded before import = 0
Number of asset objects unloaded after import = 9
========================================================================
Received Import Request.
  Time since last request: 0.000036 seconds.
  path: Assets/Blinktool/Low poly rocks/Prefabs/Sandstone/Rocks_Sandstone_28.prefab
  artifactKey: Guid(845ef7772475af542b74b48cf226f89c) Importer(815301076,1909f56bfc062723c751e8b465ee728b)
Start importing Assets/Blinktool/Low poly rocks/Prefabs/Sandstone/Rocks_Sandstone_28.prefab using Guid(845ef7772475af542b74b48cf226f89c) Importer(815301076,1909f56bfc062723c751e8b465ee728b)  -> (artifact id: '1b914ce9821abed76fc8e09e13256b29') in 0.020554 seconds
Number of updated asset objects reloaded before import = 0
Number of asset objects unloaded after import = 9
========================================================================
Received Import Request.
  Time since last request: 939.276319 seconds.
  path: Assets/Water Float
  artifactKey: Guid(8b9b91a4dc4fe654e898372d856fbf8a) Importer(815301076,1909f56bfc062723c751e8b465ee728b)
Start importing Assets/Water Float using Guid(8b9b91a4dc4fe654e898372d856fbf8a) Importer(815301076,1909f56bfc062723c751e8b465ee728b)  -> (artifact id: '27e65b8b4cf15efe01ef38081a625707') in 0.020780 seconds
Number of updated asset objects reloaded before import = 0
Number of asset objects unloaded after import = 0
========================================================================
Received Import Request.
  Time since last request: 50.411604 seconds.
  path: Assets/Blinktool/Low poly rocks/Prefabs/Mossy
  artifactKey: Guid(d80974dc457f47a4d932442e95cae001) Importer(815301076,1909f56bfc062723c751e8b465ee728b)
Start importing Assets/Blinktool/Low poly rocks/Prefabs/Mossy using Guid(d80974dc457f47a4d932442e95cae001) Importer(815301076,1909f56bfc062723c751e8b465ee728b)  -> (artifact id: '5f1ec5281e61bb52993a104ea1bfcfd2') in 0.029133 seconds
Number of updated asset objects reloaded before import = 0
Number of asset objects unloaded after import = 0
========================================================================
Received Import Request.
  Time since last request: 0.050467 seconds.
  path: Assets/Blinktool/Low poly rocks/Prefabs/Mossy/Rocks_Mossy_1.prefab
  artifactKey: Guid(f57fccbea376e034396b93de91a4960d) Importer(815301076,1909f56bfc062723c751e8b465ee728b)
Start importing Assets/Blinktool/Low poly rocks/Prefabs/Mossy/Rocks_Mossy_1.prefab using Guid(f57fccbea376e034396b93de91a4960d) Importer(815301076,1909f56bfc062723c751e8b465ee728b)  -> (artifact id: '6ad8db0f8c66c5d1fa92b0c1132d13c8') in 3.746049 seconds
Number of updated asset objects reloaded before import = 0
Number of asset objects unloaded after import = 9
========================================================================
Received Import Request.
  Time since last request: 0.000048 seconds.
  path: Assets/Blinktool/Low poly rocks/Prefabs/Mossy/Rocks_Mossy_7.prefab
  artifactKey: Guid(d5d4fb1c466200c40824e3a6cf55c951) Importer(815301076,1909f56bfc062723c751e8b465ee728b)
Start importing Assets/Blinktool/Low poly rocks/Prefabs/Mossy/Rocks_Mossy_7.prefab using Guid(d5d4fb1c466200c40824e3a6cf55c951) Importer(815301076,1909f56bfc062723c751e8b465ee728b)  -> (artifact id: 'd50a8003d341eeeadafe8c93833e186e') in 0.446336 seconds
Number of updated asset objects reloaded before import = 0
Number of asset objects unloaded after import = 9
========================================================================
Received Import Request.
  Time since last request: 0.000157 seconds.
  path: Assets/Blinktool/Low poly rocks/Prefabs/Mossy/Rocks_Mossy_20.prefab
  artifactKey: Guid(2d724b473e6b55f45a5b9f3916508f33) Importer(815301076,1909f56bfc062723c751e8b465ee728b)
Start importing Assets/Blinktool/Low poly rocks/Prefabs/Mossy/Rocks_Mossy_20.prefab using Guid(2d724b473e6b55f45a5b9f3916508f33) Importer(815301076,1909f56bfc062723c751e8b465ee728b)  -> (artifact id: 'd8ef6026639d02a28e9da59d0df2e7d1') in 0.330961 seconds
Number of updated asset objects reloaded before import = 0
Number of asset objects unloaded after import = 9
========================================================================
Received Import Request.
  Time since last request: 0.000029 seconds.
  path: Assets/Blinktool/Low poly rocks/Prefabs/Mossy/Rocks_Mossy_8.prefab
  artifactKey: Guid(f11d968cffe51614ba7cc2434c9a7062) Importer(815301076,1909f56bfc062723c751e8b465ee728b)
Start importing Assets/Blinktool/Low poly rocks/Prefabs/Mossy/Rocks_Mossy_8.prefab using Guid(f11d968cffe51614ba7cc2434c9a7062) Importer(815301076,1909f56bfc062723c751e8b465ee728b)  -> (artifact id: 'c19555eca0eca9f5b89814e60f907d69') in 0.096815 seconds
Number of updated asset objects reloaded before import = 0
Number of asset objects unloaded after import = 9
========================================================================
Received Import Request.
  Time since last request: 0.000371 seconds.
  path: Assets/Blinktool/Low poly rocks/Prefabs/Mossy/Rocks_Mossy_25.prefab
  artifactKey: Guid(d61d86139381b5649aabceb02a7b8993) Importer(815301076,1909f56bfc062723c751e8b465ee728b)
Start importing Assets/Blinktool/Low poly rocks/Prefabs/Mossy/Rocks_Mossy_25.prefab using Guid(d61d86139381b5649aabceb02a7b8993) Importer(815301076,1909f56bfc062723c751e8b465ee728b)  -> (artifact id: 'e4d2d9dd116b657c3c3cf351a120da53') in 0.128468 seconds
Number of updated asset objects reloaded before import = 0
Number of asset objects unloaded after import = 9
========================================================================
Received Import Request.
  Time since last request: 0.000537 seconds.
  path: Assets/Blinktool/Low poly rocks/Prefabs/Mossy/Rocks_Mossy_4.prefab
  artifactKey: Guid(4eaacc6ccb86902458f7b68308ce14fd) Importer(815301076,1909f56bfc062723c751e8b465ee728b)
Start importing Assets/Blinktool/Low poly rocks/Prefabs/Mossy/Rocks_Mossy_4.prefab using Guid(4eaacc6ccb86902458f7b68308ce14fd) Importer(815301076,1909f56bfc062723c751e8b465ee728b)  -> (artifact id: 'dbdf3cd4dc649f68a96680f3169be51a') in 0.178586 seconds
Number of updated asset objects reloaded before import = 0
Number of asset objects unloaded after import = 9
========================================================================
Received Import Request.
  Time since last request: 0.000046 seconds.
  path: Assets/Blinktool/Low poly rocks/Prefabs/Mossy/Rocks_Mossy_10.prefab
  artifactKey: Guid(6adf010d1cc81f04f8e4aa7b1e33efa5) Importer(815301076,1909f56bfc062723c751e8b465ee728b)
Start importing Assets/Blinktool/Low poly rocks/Prefabs/Mossy/Rocks_Mossy_10.prefab using Guid(6adf010d1cc81f04f8e4aa7b1e33efa5) Importer(815301076,1909f56bfc062723c751e8b465ee728b)  -> (artifact id: '0593b51c225a4b8d59ad1a047d15cd6f') in 0.082298 seconds
Number of updated asset objects reloaded before import = 0
Number of asset objects unloaded after import = 9
========================================================================
Received Import Request.
  Time since last request: 0.000048 seconds.
  path: Assets/Blinktool/Low poly rocks/Prefabs/Mossy/Rocks_Mossy_5.prefab
  artifactKey: Guid(1ef3484148ef76842bf1384fbcad75a4) Importer(815301076,1909f56bfc062723c751e8b465ee728b)
Start importing Assets/Blinktool/Low poly rocks/Prefabs/Mossy/Rocks_Mossy_5.prefab using Guid(1ef3484148ef76842bf1384fbcad75a4) Importer(815301076,1909f56bfc062723c751e8b465ee728b)  -> (artifact id: '6d42cdaa0420a4fb84f20549becc6ae5') in 0.101406 seconds
Number of updated asset objects reloaded before import = 0
Number of asset objects unloaded after import = 9
========================================================================
Received Import Request.
  Time since last request: 0.000583 seconds.
  path: Assets/Blinktool/Low poly rocks/Prefabs/Mossy/Rocks_Mossy_27.prefab
  artifactKey: Guid(614f5b1ece41cb440936a9fed260660e) Importer(815301076,1909f56bfc062723c751e8b465ee728b)
Start importing Assets/Blinktool/Low poly rocks/Prefabs/Mossy/Rocks_Mossy_27.prefab using Guid(614f5b1ece41cb440936a9fed260660e) Importer(815301076,1909f56bfc062723c751e8b465ee728b)  -> (artifact id: '5c9b5da1d44460e82a4d7c5f3b506bf5') in 0.091536 seconds
Number of updated asset objects reloaded before import = 0
Number of asset objects unloaded after import = 9
========================================================================
Received Import Request.
  Time since last request: 0.000042 seconds.
  path: Assets/Blinktool/Low poly rocks/Prefabs/Mossy/Rocks_Mossy_26.prefab
  artifactKey: Guid(f07b1920e0e1cc74b905830284f4bea5) Importer(815301076,1909f56bfc062723c751e8b465ee728b)
Start importing Assets/Blinktool/Low poly rocks/Prefabs/Mossy/Rocks_Mossy_26.prefab using Guid(f07b1920e0e1cc74b905830284f4bea5) Importer(815301076,1909f56bfc062723c751e8b465ee728b)  -> (artifact id: '84a4d695226d38d4d08e1453ca4a4c08') in 0.090596 seconds
Number of updated asset objects reloaded before import = 0
Number of asset objects unloaded after import = 9
========================================================================
Received Import Request.
  Time since last request: 0.000412 seconds.
  path: Assets/Blinktool/Low poly rocks/Prefabs/Mossy/Rocks_Mossy_9.prefab
  artifactKey: Guid(55de51e06084d364da243e5555241bb6) Importer(815301076,1909f56bfc062723c751e8b465ee728b)
Start importing Assets/Blinktool/Low poly rocks/Prefabs/Mossy/Rocks_Mossy_9.prefab using Guid(55de51e06084d364da243e5555241bb6) Importer(815301076,1909f56bfc062723c751e8b465ee728b)  -> (artifact id: '92218dfb27446643a8506498e2b3a0c2') in 0.082928 seconds
Number of updated asset objects reloaded before import = 0
Number of asset objects unloaded after import = 9
========================================================================
Received Import Request.
  Time since last request: 0.000043 seconds.
  path: Assets/Blinktool/Low poly rocks/Prefabs/Mossy/Rocks_Mossy_23.prefab
  artifactKey: Guid(f5bd807b897c55f4bbe261929b601dda) Importer(815301076,1909f56bfc062723c751e8b465ee728b)
Start importing Assets/Blinktool/Low poly rocks/Prefabs/Mossy/Rocks_Mossy_23.prefab using Guid(f5bd807b897c55f4bbe261929b601dda) Importer(815301076,1909f56bfc062723c751e8b465ee728b)  -> (artifact id: '3cf5e9d342ad9d106930084158b696a3') in 0.125955 seconds
Number of updated asset objects reloaded before import = 0
Number of asset objects unloaded after import = 9
========================================================================
Received Import Request.
  Time since last request: 0.000389 seconds.
  path: Assets/Blinktool/Low poly rocks/Prefabs/Mossy/Rocks_Mossy_24.prefab
  artifactKey: Guid(f96c8f5d7613ff44e879c1ee5fbf2f81) Importer(815301076,1909f56bfc062723c751e8b465ee728b)
Start importing Assets/Blinktool/Low poly rocks/Prefabs/Mossy/Rocks_Mossy_24.prefab using Guid(f96c8f5d7613ff44e879c1ee5fbf2f81) Importer(815301076,1909f56bfc062723c751e8b465ee728b)  -> (artifact id: '12bdbfcbaacdc4cb44f43ca78ecaebc2') in 0.097382 seconds
Number of updated asset objects reloaded before import = 0
Number of asset objects unloaded after import = 9
========================================================================
Received Import Request.
  Time since last request: 0.000032 seconds.
  path: Assets/Blinktool/Low poly rocks/Prefabs/Mossy/Rocks_Mossy_21.prefab
  artifactKey: Guid(33651ab3edaf94e4aa032217495c3103) Importer(815301076,1909f56bfc062723c751e8b465ee728b)
Start importing Assets/Blinktool/Low poly rocks/Prefabs/Mossy/Rocks_Mossy_21.prefab using Guid(33651ab3edaf94e4aa032217495c3103) Importer(815301076,1909f56bfc062723c751e8b465ee728b)  -> (artifact id: '4f13f5e643e7afc959aa87afc1e4b377') in 0.535515 seconds
Number of updated asset objects reloaded before import = 0
Number of asset objects unloaded after import = 9
========================================================================
Received Import Request.
  Time since last request: 0.004562 seconds.
  path: Assets/Blinktool/Low poly rocks/Prefabs/Mossy/Rocks_Mossy_15.prefab
  artifactKey: Guid(275eba0d5b467684aa4a29fa54bb3988) Importer(815301076,1909f56bfc062723c751e8b465ee728b)
Start importing Assets/Blinktool/Low poly rocks/Prefabs/Mossy/Rocks_Mossy_15.prefab using Guid(275eba0d5b467684aa4a29fa54bb3988) Importer(815301076,1909f56bfc062723c751e8b465ee728b)  -> (artifact id: 'f0f4cf8e5b18b5e544bc5ba93fb6077d') in 0.085946 seconds
Number of updated asset objects reloaded before import = 0
Number of asset objects unloaded after import = 9
========================================================================
Received Import Request.
  Time since last request: 0.000028 seconds.
  path: Assets/Blinktool/Low poly rocks/Prefabs/Mossy/Rocks_Mossy_28.prefab
  artifactKey: Guid(ccffb1bdaa66d7f49a5717a55c007d50) Importer(815301076,1909f56bfc062723c751e8b465ee728b)
Start importing Assets/Blinktool/Low poly rocks/Prefabs/Mossy/Rocks_Mossy_28.prefab using Guid(ccffb1bdaa66d7f49a5717a55c007d50) Importer(815301076,1909f56bfc062723c751e8b465ee728b)  -> (artifact id: 'd7b7084e61356400663ea80d69aeac6d') in 0.092851 seconds
Number of updated asset objects reloaded before import = 0
Number of asset objects unloaded after import = 9
========================================================================
Received Import Request.
  Time since last request: 0.000034 seconds.
  path: Assets/Blinktool/Low poly rocks/Prefabs/Mossy/Rocks_Mossy_11.prefab
  artifactKey: Guid(6dcf992ebafdfee4ea2ac880027b705e) Importer(815301076,1909f56bfc062723c751e8b465ee728b)
Start importing Assets/Blinktool/Low poly rocks/Prefabs/Mossy/Rocks_Mossy_11.prefab using Guid(6dcf992ebafdfee4ea2ac880027b705e) Importer(815301076,1909f56bfc062723c751e8b465ee728b)  -> (artifact id: 'c2073a63bfc7ff091ab5b086394fca06') in 0.117951 seconds
Number of updated asset objects reloaded before import = 0
Number of asset objects unloaded after import = 9
========================================================================
Received Import Request.
  Time since last request: 0.000040 seconds.
  path: Assets/Blinktool/Low poly rocks/Prefabs/Mossy/Rocks_Mossy_14.prefab
  artifactKey: Guid(93a4cf207f309d04f8da520b30a27766) Importer(815301076,1909f56bfc062723c751e8b465ee728b)
Start importing Assets/Blinktool/Low poly rocks/Prefabs/Mossy/Rocks_Mossy_14.prefab using Guid(93a4cf207f309d04f8da520b30a27766) Importer(815301076,1909f56bfc062723c751e8b465ee728b)  -> (artifact id: '6c1a1219eecd136eacbde4b7969b00fc') in 0.123989 seconds
Number of updated asset objects reloaded before import = 0
Number of asset objects unloaded after import = 9
========================================================================
Received Import Request.
  Time since last request: 0.000115 seconds.
  path: Assets/Blinktool/Low poly rocks/Prefabs/Mossy/Rocks_Mossy_13.prefab
  artifactKey: Guid(7d617a7a6ebd80548acc5a50395db450) Importer(815301076,1909f56bfc062723c751e8b465ee728b)
Start importing Assets/Blinktool/Low poly rocks/Prefabs/Mossy/Rocks_Mossy_13.prefab using Guid(7d617a7a6ebd80548acc5a50395db450) Importer(815301076,1909f56bfc062723c751e8b465ee728b)  -> (artifact id: '3126ad2f15a0b07126a744b7afbaaf24') in 0.133824 seconds
Number of updated asset objects reloaded before import = 0
Number of asset objects unloaded after import = 9
========================================================================
Received Import Request.
  Time since last request: 0.000024 seconds.
  path: Assets/Blinktool/Low poly rocks/Prefabs/Mossy/Rocks_Mossy_16.prefab
  artifactKey: Guid(1c230991df4c38348852d94eedd239bf) Importer(815301076,1909f56bfc062723c751e8b465ee728b)
Start importing Assets/Blinktool/Low poly rocks/Prefabs/Mossy/Rocks_Mossy_16.prefab using Guid(1c230991df4c38348852d94eedd239bf) Importer(815301076,1909f56bfc062723c751e8b465ee728b)  -> (artifact id: '8c18d11dd9ff8b8dee95ebac9a4c109a') in 0.109080 seconds
Number of updated asset objects reloaded before import = 0
Number of asset objects unloaded after import = 9
========================================================================
Received Import Request.
  Time since last request: 0.000048 seconds.
  path: Assets/Blinktool/Low poly rocks/Prefabs/Mossy/Rocks_Mossy_6.prefab
  artifactKey: Guid(1ca3966fda01c6f4d8b93b8d6e8f7259) Importer(815301076,1909f56bfc062723c751e8b465ee728b)
Start importing Assets/Blinktool/Low poly rocks/Prefabs/Mossy/Rocks_Mossy_6.prefab using Guid(1ca3966fda01c6f4d8b93b8d6e8f7259) Importer(815301076,1909f56bfc062723c751e8b465ee728b)  -> (artifact id: '61dfb99376b06f947c20605d25e76a30') in 0.104312 seconds
Number of updated asset objects reloaded before import = 0
Number of asset objects unloaded after import = 9
========================================================================
Received Import Request.
  Time since last request: 0.000133 seconds.
  path: Assets/Blinktool/Low poly rocks/Prefabs/Mossy/Rocks_Mossy_17.prefab
  artifactKey: Guid(02bcc4642e998254e8cab43e9904f272) Importer(815301076,1909f56bfc062723c751e8b465ee728b)
Start importing Assets/Blinktool/Low poly rocks/Prefabs/Mossy/Rocks_Mossy_17.prefab using Guid(02bcc4642e998254e8cab43e9904f272) Importer(815301076,1909f56bfc062723c751e8b465ee728b)  -> (artifact id: '0a588dd0dec66eb30444c9d535eedecc') in 0.098657 seconds
Number of updated asset objects reloaded before import = 0
Number of asset objects unloaded after import = 9
========================================================================
Received Import Request.
  Time since last request: 44.995745 seconds.
  path: Assets/Blinktool/Low poly rocks/Prefabs/Mossy/Rocks_Mossy_29.prefab
  artifactKey: Guid(3cf5d5927a142af4f92fa26b333c6ee7) Importer(815301076,1909f56bfc062723c751e8b465ee728b)
Start importing Assets/Blinktool/Low poly rocks/Prefabs/Mossy/Rocks_Mossy_29.prefab using Guid(3cf5d5927a142af4f92fa26b333c6ee7) Importer(815301076,1909f56bfc062723c751e8b465ee728b)  -> (artifact id: 'c4657ef07ed467fd945ab92eadb8622c') in 0.605528 seconds
Number of updated asset objects reloaded before import = 0
Number of asset objects unloaded after import = 9
========================================================================
Received Import Request.
  Time since last request: 0.000220 seconds.
  path: Assets/Blinktool/Low poly rocks/Prefabs/Mossy/Rocks_Mossy_34.prefab
  artifactKey: Guid(57ebee36328c34f418eb8ca527bdedea) Importer(815301076,1909f56bfc062723c751e8b465ee728b)
Start importing Assets/Blinktool/Low poly rocks/Prefabs/Mossy/Rocks_Mossy_34.prefab using Guid(57ebee36328c34f418eb8ca527bdedea) Importer(815301076,1909f56bfc062723c751e8b465ee728b)  -> (artifact id: '1aac699f7c85d9fa92aa814a96835c8e') in 0.094368 seconds
Number of updated asset objects reloaded before import = 0
Number of asset objects unloaded after import = 9
========================================================================
Received Import Request.
  Time since last request: 0.000067 seconds.
  path: Assets/Blinktool/Low poly rocks/Prefabs/Mossy/Rocks_Mossy_31.prefab
  artifactKey: Guid(f251f1dae145afa41b1f26b12d8ec54e) Importer(815301076,1909f56bfc062723c751e8b465ee728b)
Start importing Assets/Blinktool/Low poly rocks/Prefabs/Mossy/Rocks_Mossy_31.prefab using Guid(f251f1dae145afa41b1f26b12d8ec54e) Importer(815301076,1909f56bfc062723c751e8b465ee728b)  -> (artifact id: 'e31aca6b6522701e4218183865632d1a') in 0.060411 seconds
Number of updated asset objects reloaded before import = 0
Number of asset objects unloaded after import = 9
========================================================================
Received Import Request.
  Time since last request: 0.000092 seconds.
  path: Assets/Blinktool/Low poly rocks/Prefabs/Mossy/Rocks_Mossy_35.prefab
  artifactKey: Guid(e226a94af2c9a284e9eba61ba52c3e38) Importer(815301076,1909f56bfc062723c751e8b465ee728b)
Start importing Assets/Blinktool/Low poly rocks/Prefabs/Mossy/Rocks_Mossy_35.prefab using Guid(e226a94af2c9a284e9eba61ba52c3e38) Importer(815301076,1909f56bfc062723c751e8b465ee728b)  -> (artifact id: 'c2221b6093f1f147ec802c71c25ab79f') in 0.078402 seconds
Number of updated asset objects reloaded before import = 0
Number of asset objects unloaded after import = 9
========================================================================
Received Import Request.
  Time since last request: 0.000030 seconds.
  path: Assets/Blinktool/Low poly rocks/Prefabs/Mossy/Rocks_Mossy_37.prefab
  artifactKey: Guid(b7ec9c9bcbb533140a19165b3e84b7ac) Importer(815301076,1909f56bfc062723c751e8b465ee728b)
Start importing Assets/Blinktool/Low poly rocks/Prefabs/Mossy/Rocks_Mossy_37.prefab using Guid(b7ec9c9bcbb533140a19165b3e84b7ac) Importer(815301076,1909f56bfc062723c751e8b465ee728b)  -> (artifact id: '4d3139187f8e841d190fccc772e06862') in 0.044651 seconds
Number of updated asset objects reloaded before import = 0
Number of asset objects unloaded after import = 9
========================================================================
Received Import Request.
  Time since last request: 0.051800 seconds.
  path: Assets/Blinktool/Low poly rocks/Prefabs/Mossy/Rocks_Mossy_38.prefab
  artifactKey: Guid(fb636de38fe106f449314dd4dd3aa550) Importer(815301076,1909f56bfc062723c751e8b465ee728b)
Start importing Assets/Blinktool/Low poly rocks/Prefabs/Mossy/Rocks_Mossy_38.prefab using Guid(fb636de38fe106f449314dd4dd3aa550) Importer(815301076,1909f56bfc062723c751e8b465ee728b)  -> (artifact id: '2254a644c647cef4a49780cc018ded7a') in 0.029340 seconds
Number of updated asset objects reloaded before import = 0
Number of asset objects unloaded after import = 9
========================================================================
Received Import Request.
  Time since last request: 0.000028 seconds.
  path: Assets/Blinktool/Low poly rocks/Prefabs/Mossy/Rocks_Mossy_40.prefab
  artifactKey: Guid(291829b2724dead4e945a9081306d823) Importer(815301076,1909f56bfc062723c751e8b465ee728b)
Start importing Assets/Blinktool/Low poly rocks/Prefabs/Mossy/Rocks_Mossy_40.prefab using Guid(291829b2724dead4e945a9081306d823) Importer(815301076,1909f56bfc062723c751e8b465ee728b)  -> (artifact id: '4fc8df972943d54bf25bc97d9ec88967') in 0.028796 seconds
Number of updated asset objects reloaded before import = 0
Number of asset objects unloaded after import = 9
========================================================================
Received Import Request.
  Time since last request: 0.000029 seconds.
  path: Assets/Blinktool/Low poly rocks/Prefabs/Mossy/Rocks_Mossy_43.prefab
  artifactKey: Guid(04a208c237b58fb41a79f0feecbcf793) Importer(815301076,1909f56bfc062723c751e8b465ee728b)
Start importing Assets/Blinktool/Low poly rocks/Prefabs/Mossy/Rocks_Mossy_43.prefab using Guid(04a208c237b58fb41a79f0feecbcf793) Importer(815301076,1909f56bfc062723c751e8b465ee728b)  -> (artifact id: 'dc7f3d4f51efc79748d21754cbcc5c8a') in 0.034419 seconds
Number of updated asset objects reloaded before import = 0
Number of asset objects unloaded after import = 9
========================================================================
Received Import Request.
  Time since last request: 0.000037 seconds.
  path: Assets/Blinktool/Low poly rocks/Prefabs/Mossy/Rocks_Mossy_41.prefab
  artifactKey: Guid(386d2d9c5f6440a4e824e6a45fafb286) Importer(815301076,1909f56bfc062723c751e8b465ee728b)
Start importing Assets/Blinktool/Low poly rocks/Prefabs/Mossy/Rocks_Mossy_41.prefab using Guid(386d2d9c5f6440a4e824e6a45fafb286) Importer(815301076,1909f56bfc062723c751e8b465ee728b)  -> (artifact id: '5cb177efb4d68be5214484ac87ea5c75') in 0.059483 seconds
Number of updated asset objects reloaded before import = 0
Number of asset objects unloaded after import = 9
========================================================================
Received Import Request.
  Time since last request: 0.000138 seconds.
  path: Assets/Blinktool/Low poly rocks/Prefabs/Mossy/Rocks_Mossy_46.prefab
  artifactKey: Guid(040840c6b08c7434d8e7be579449865f) Importer(815301076,1909f56bfc062723c751e8b465ee728b)
Start importing Assets/Blinktool/Low poly rocks/Prefabs/Mossy/Rocks_Mossy_46.prefab using Guid(040840c6b08c7434d8e7be579449865f) Importer(815301076,1909f56bfc062723c751e8b465ee728b)  -> (artifact id: 'f77018bac2f7066c70bf9844822c2efb') in 0.180167 seconds
Number of updated asset objects reloaded before import = 0
Number of asset objects unloaded after import = 9
========================================================================
Received Import Request.
  Time since last request: 0.000098 seconds.
  path: Assets/Blinktool/Low poly rocks/Prefabs/Mossy/Rocks_Mossy_51.prefab
  artifactKey: Guid(eaee79a6ed1703246bb588b0b1f9a5fa) Importer(815301076,1909f56bfc062723c751e8b465ee728b)
Start importing Assets/Blinktool/Low poly rocks/Prefabs/Mossy/Rocks_Mossy_51.prefab using Guid(eaee79a6ed1703246bb588b0b1f9a5fa) Importer(815301076,1909f56bfc062723c751e8b465ee728b)  -> (artifact id: 'e0800b762eefcd26fa41332b6c6753ff') in 0.129028 seconds
Number of updated asset objects reloaded before import = 0
Number of asset objects unloaded after import = 9
========================================================================
Received Import Request.
  Time since last request: 0.157570 seconds.
  path: Assets/Blinktool/Low poly rocks/Prefabs/Mossy/Rocks_Mossy_56.prefab
  artifactKey: Guid(188abbd27d04c624ba6b99048ac9f8ae) Importer(815301076,1909f56bfc062723c751e8b465ee728b)
Start importing Assets/Blinktool/Low poly rocks/Prefabs/Mossy/Rocks_Mossy_56.prefab using Guid(188abbd27d04c624ba6b99048ac9f8ae) Importer(815301076,1909f56bfc062723c751e8b465ee728b)  -> (artifact id: 'de46ed3ccd2203eaafe804401d3606b5') in 0.080923 seconds
Number of updated asset objects reloaded before import = 0
Number of asset objects unloaded after import = 9
========================================================================
Received Import Request.
  Time since last request: 0.001423 seconds.
  path: Assets/Blinktool/Low poly rocks/Prefabs/Mossy/Rocks_Mossy_58.prefab
  artifactKey: Guid(53711ee82976b6447b2b85cca6833a88) Importer(815301076,1909f56bfc062723c751e8b465ee728b)
Start importing Assets/Blinktool/Low poly rocks/Prefabs/Mossy/Rocks_Mossy_58.prefab using Guid(53711ee82976b6447b2b85cca6833a88) Importer(815301076,1909f56bfc062723c751e8b465ee728b)  -> (artifact id: '957445c6683655ba4dddc63894387479') in 0.062890 seconds
Number of updated asset objects reloaded before import = 0
Number of asset objects unloaded after import = 9
========================================================================
Received Import Request.
  Time since last request: 0.000036 seconds.
  path: Assets/Blinktool/Low poly rocks/Prefabs/Mossy/Rocks_Mossy_55.prefab
  artifactKey: Guid(17e406363d4798d469daf831cda55667) Importer(815301076,1909f56bfc062723c751e8b465ee728b)
Start importing Assets/Blinktool/Low poly rocks/Prefabs/Mossy/Rocks_Mossy_55.prefab using Guid(17e406363d4798d469daf831cda55667) Importer(815301076,1909f56bfc062723c751e8b465ee728b)  -> (artifact id: 'dc147b3a34c2ebcd54a0704f182d37be') in 0.054767 seconds
Number of updated asset objects reloaded before import = 0
Number of asset objects unloaded after import = 9
========================================================================
Received Import Request.
  Time since last request: 0.000084 seconds.
  path: Assets/Blinktool/Low poly rocks/Prefabs/Mossy/Rocks_Mossy_44.prefab
  artifactKey: Guid(8b7cb56ff518f954e8641e52c231a7d4) Importer(815301076,1909f56bfc062723c751e8b465ee728b)
Start importing Assets/Blinktool/Low poly rocks/Prefabs/Mossy/Rocks_Mossy_44.prefab using Guid(8b7cb56ff518f954e8641e52c231a7d4) Importer(815301076,1909f56bfc062723c751e8b465ee728b)  -> (artifact id: '46cf8bd01c7f6a5c43ef688131d97f08') in 0.055293 seconds
Number of updated asset objects reloaded before import = 0
Number of asset objects unloaded after import = 9
========================================================================
Received Import Request.
  Time since last request: 0.000034 seconds.
  path: Assets/Blinktool/Low poly rocks/Prefabs/Mossy/Rocks_Mossy_48.prefab
  artifactKey: Guid(f11f7b6b9d91f524c98f6336fcbc7943) Importer(815301076,1909f56bfc062723c751e8b465ee728b)
Start importing Assets/Blinktool/Low poly rocks/Prefabs/Mossy/Rocks_Mossy_48.prefab using Guid(f11f7b6b9d91f524c98f6336fcbc7943) Importer(815301076,1909f56bfc062723c751e8b465ee728b)  -> (artifact id: 'e8e6d4b7e8604dc9b0f8e21cdbbf95fa') in 0.051242 seconds
Number of updated asset objects reloaded before import = 0
Number of asset objects unloaded after import = 9
