Using pre-set license
Built from '2022.3/staging' branch; Version is '2022.3.13f1 (5f90a5ebde0f) revision 6262949'; Using compiler version '192829333'; Build Type 'Release'
OS: 'Windows 11  (10.0.22631) 64bit Core' Language: 'hu' Physical Memory: 3454 MB
BatchMode: 1, IsHumanControllingUs: 0, StartBugReporterOnCrash: 0, Is64bit: 1, IsPro: 1

COMMAND LINE ARGUMENTS:
C:\Program Files\Unity\Hub\Editor\2022.3.13f1\Editor\Unity.exe
-adb2
-batchMode
-noUpm
-name
AssetImportWorker7
-projectPath
C:/Users/szojk/Documents/BME 6.félév (erasmus)/oulu/Product development/unity/test_game
-logFile
Logs/AssetImportWorker7.log
-srvPort
50546
Successfully changed project path to: C:/Users/szojk/Documents/BME 6.félév (erasmus)/oulu/Product development/unity/test_game
C:/Users/szojk/Documents/BME 6.félév (erasmus)/oulu/Product development/unity/test_game
[UnityMemory] Configuration Parameters - Can be set up in boot.config
    "memorysetup-bucket-allocator-granularity=16"
    "memorysetup-bucket-allocator-bucket-count=8"
    "memorysetup-bucket-allocator-block-size=33554432"
    "memorysetup-bucket-allocator-block-count=8"
    "memorysetup-main-allocator-block-size=16777216"
    "memorysetup-thread-allocator-block-size=16777216"
    "memorysetup-gfx-main-allocator-block-size=16777216"
    "memorysetup-gfx-thread-allocator-block-size=16777216"
    "memorysetup-cache-allocator-block-size=4194304"
    "memorysetup-typetree-allocator-block-size=2097152"
    "memorysetup-profiler-bucket-allocator-granularity=16"
    "memorysetup-profiler-bucket-allocator-bucket-count=8"
    "memorysetup-profiler-bucket-allocator-block-size=33554432"
    "memorysetup-profiler-bucket-allocator-block-count=8"
    "memorysetup-profiler-allocator-block-size=16777216"
    "memorysetup-profiler-editor-allocator-block-size=1048576"
    "memorysetup-temp-allocator-size-main=16777216"
    "memorysetup-job-temp-allocator-block-size=2097152"
    "memorysetup-job-temp-allocator-block-size-background=1048576"
    "memorysetup-job-temp-allocator-reduction-small-platforms=262144"
    "memorysetup-allocator-temp-initial-block-size-main=262144"
    "memorysetup-allocator-temp-initial-block-size-worker=262144"
    "memorysetup-temp-allocator-size-background-worker=32768"
    "memorysetup-temp-allocator-size-job-worker=262144"
    "memorysetup-temp-allocator-size-preload-manager=33554432"
    "memorysetup-temp-allocator-size-nav-mesh-worker=65536"
    "memorysetup-temp-allocator-size-audio-worker=65536"
    "memorysetup-temp-allocator-size-cloud-worker=32768"
    "memorysetup-temp-allocator-size-gi-baking-worker=262144"
    "memorysetup-temp-allocator-size-gfx=262144"
Unable to join player connection multicast group (err: 0).
Unable to join player connection alternative multicast group (err: 0).
[Physics::Module] Initialized MultithreadedJobDispatcher with 3 workers.
Refreshing native plugins compatible for Editor in 55.27 ms, found 3 plugins.
Preloading 0 native plugins for Editor in 0.00 ms.
Initialize engine version: 2022.3.13f1 (5f90a5ebde0f)
[Subsystems] Discovering subsystems at path C:/Program Files/Unity/Hub/Editor/2022.3.13f1/Editor/Data/Resources/UnitySubsystems
[Subsystems] Discovering subsystems at path C:/Users/szojk/Documents/BME 6.félév (erasmus)/oulu/Product development/unity/test_game/Assets
GfxDevice: creating device client; threaded=0; jobified=0
Direct3D:
    Version:  Direct3D 11.0 [level 11.1]
    Renderer: AMD Radeon(TM) Graphics (ID=0x1636)
    Vendor:   ATI
    VRAM:     1727 MB
    Driver:   31.0.12044.24003
Initialize mono
Mono path[0] = 'C:/Program Files/Unity/Hub/Editor/2022.3.13f1/Editor/Data/Managed'
Mono path[1] = 'C:/Program Files/Unity/Hub/Editor/2022.3.13f1/Editor/Data/MonoBleedingEdge/lib/mono/unityjit-win32'
Mono config path = 'C:/Program Files/Unity/Hub/Editor/2022.3.13f1/Editor/Data/MonoBleedingEdge/etc'
Using monoOptions --debugger-agent=transport=dt_socket,embedding=1,server=y,suspend=n,address=127.0.0.1:56704
Begin MonoManager ReloadAssembly
Registering precompiled unity dll's ...
Register platform support module: C:/Program Files/Unity/Hub/Editor/2022.3.13f1/Editor/Data/PlaybackEngines/WindowsStandaloneSupport/UnityEditor.WindowsStandalone.Extensions.dll
Registered in 0.010481 seconds.
- Loaded All Assemblies, in  0.946 seconds
Native extension for WindowsStandalone target not found
Mono: successfully reloaded assembly
- Finished resetting the current domain, in  0.519 seconds
Domain Reload Profiling: 1462ms
	BeginReloadAssembly (475ms)
		ExecutionOrderSort (0ms)
		DisableScriptedObjects (0ms)
		BackupInstance (0ms)
		ReleaseScriptingObjects (0ms)
		CreateAndSetChildDomain (2ms)
	RebuildCommonClasses (74ms)
	RebuildNativeTypeToScriptingClass (20ms)
	initialDomainReloadingComplete (112ms)
	LoadAllAssembliesAndSetupDomain (262ms)
		LoadAssemblies (470ms)
		RebuildTransferFunctionScriptingTraits (0ms)
		AnalyzeDomain (258ms)
			TypeCache.Refresh (255ms)
				TypeCache.ScanAssembly (230ms)
			ScanForSourceGeneratedMonoScriptInfo (1ms)
			ResolveRequiredComponents (1ms)
	FinalizeReload (520ms)
		ReleaseScriptCaches (0ms)
		RebuildScriptCaches (0ms)
		SetupLoadedEditorAssemblies (395ms)
			LogAssemblyErrors (0ms)
			InitializePlatformSupportModulesInManaged (18ms)
			SetLoadedEditorAssemblies (16ms)
			RefreshPlugins (0ms)
			BeforeProcessingInitializeOnLoad (4ms)
			ProcessInitializeOnLoadAttributes (245ms)
			ProcessInitializeOnLoadMethodAttributes (112ms)
			AfterProcessingInitializeOnLoad (0ms)
			EditorAssembliesLoaded (0ms)
		ExecutionOrderSort2 (0ms)
		AwakeInstancesAfterBackupRestoration (0ms)
========================================================================
Worker process is ready to serve import requests
Begin MonoManager ReloadAssembly
- Loaded All Assemblies, in  1.958 seconds
Refreshing native plugins compatible for Editor in 19.29 ms, found 3 plugins.
Native extension for WindowsStandalone target not found
Package Manager log level set to [2]
[Package Manager] Server::EnsureServerProcessIsRunning -- launch failed, reason: Unity was launched with the -noUpm command-line argument
[Package Manager] UpmClient::Send -- Unable to send message (not connected to UPM process).
[Package Manager] Cannot connect to Unity Package Manager local server
Mono: successfully reloaded assembly
- Finished resetting the current domain, in  1.121 seconds
Domain Reload Profiling: 3080ms
	BeginReloadAssembly (332ms)
		ExecutionOrderSort (0ms)
		DisableScriptedObjects (9ms)
		BackupInstance (0ms)
		ReleaseScriptingObjects (0ms)
		CreateAndSetChildDomain (37ms)
	RebuildCommonClasses (118ms)
	RebuildNativeTypeToScriptingClass (27ms)
	initialDomainReloadingComplete (142ms)
	LoadAllAssembliesAndSetupDomain (1339ms)
		LoadAssemblies (971ms)
		RebuildTransferFunctionScriptingTraits (0ms)
		AnalyzeDomain (579ms)
			TypeCache.Refresh (520ms)
				TypeCache.ScanAssembly (477ms)
			ScanForSourceGeneratedMonoScriptInfo (45ms)
			ResolveRequiredComponents (11ms)
	FinalizeReload (1123ms)
		ReleaseScriptCaches (0ms)
		RebuildScriptCaches (0ms)
		SetupLoadedEditorAssemblies (826ms)
			LogAssemblyErrors (0ms)
			InitializePlatformSupportModulesInManaged (13ms)
			SetLoadedEditorAssemblies (8ms)
			RefreshPlugins (0ms)
			BeforeProcessingInitializeOnLoad (158ms)
			ProcessInitializeOnLoadAttributes (592ms)
			ProcessInitializeOnLoadMethodAttributes (43ms)
			AfterProcessingInitializeOnLoad (10ms)
			EditorAssembliesLoaded (1ms)
		ExecutionOrderSort2 (0ms)
		AwakeInstancesAfterBackupRestoration (12ms)
Launched and connected shader compiler UnityShaderCompiler.exe after 0.09 seconds
Refreshing native plugins compatible for Editor in 12.43 ms, found 3 plugins.
Preloading 0 native plugins for Editor in 0.00 ms.
Unloading 3645 Unused Serialized files (Serialized files now loaded: 0)
Unloading 74 unused Assets / (23.1 MB). Loaded Objects now: 4087.
Memory consumption went from 184.5 MB to 161.4 MB.
Total: 14.765800 ms (FindLiveObjects: 2.226000 ms CreateObjectMapping: 0.458800 ms MarkObjects: 5.613800 ms  DeleteObjects: 6.463200 ms)

AssetImportParameters requested are different than current active one (requested -> active):
  custom:container-demuxer-ogg: 62fdf1f143b41e24485cea50d1cbac27 -> 
  custom:video-codec-MediaFoundation-h265: 746d11721c4dcdbdad8f713fa42b33f4 -> 
  custom:video-decoder-ogg-theora: a1e56fd34408186e4bbccfd4996cb3dc -> 
  custom:framework-win-MediaFoundation: 216162199b28c13a410421893ffa2e32 -> 
  custom:CustomObjectIndexerAttribute: 756ad292c208cfabdd7b50bc23989ffe -> 
  custom:container-demuxer-webm: 4f35f7cbe854078d1ac9338744f61a02 -> 
  custom:container-muxer-webm: aa71ff27fc2769a1b78a27578f13a17b -> 
  custom:video-decoder-webm-vp8: 9c59270c3fd7afecdb556c50c9e8de78 -> 
  custom:SearchIndexIgnoredProperties: e643bd26f0fe6173181afceb89e7c659 -> 
  custom:AudioImporter_EditorPlatform: d09bf68614088b80899f8185d706f6e7 -> 
  custom:video-encoder-webm-vp8: eb34c28f22e8b96e1ab97ce403110664 -> 
  custom:audio-decoder-ogg-vorbis: bf7c407c2cedff20999df2af8eb42d56 -> 
  custom:audio-encoder-webm-vorbis: bf7c407c2cedff20999df2af8eb42d56 -> 
========================================================================
Received Import Request.
  Time since last request: 9002.006656 seconds.
  path: Assets/Fristy Fantasy Lands 1/Fristy Fantasy Lands 1/Meshes/Rocks/Rock_1_3.fbx
  artifactKey: Guid(8df38e01cfcb3c54188688746c762319) Importer(815301076,1909f56bfc062723c751e8b465ee728b)
Start importing Assets/Fristy Fantasy Lands 1/Fristy Fantasy Lands 1/Meshes/Rocks/Rock_1_3.fbx using Guid(8df38e01cfcb3c54188688746c762319) Importer(815301076,1909f56bfc062723c751e8b465ee728b)  -> (artifact id: '74af11972e87146c509b2070723ae8d5') in 26.606008 seconds
Number of updated asset objects reloaded before import = 0
Number of asset objects unloaded after import = 39
========================================================================
Received Import Request.
  Time since last request: 0.001378 seconds.
  path: Assets/Fristy Fantasy Lands 1/Fristy Fantasy Lands 1/Meshes/Rocks/Rock_3_1.fbx
  artifactKey: Guid(d7c1e5f0384510b4b94031ebb3e4a0e6) Importer(815301076,1909f56bfc062723c751e8b465ee728b)
Start importing Assets/Fristy Fantasy Lands 1/Fristy Fantasy Lands 1/Meshes/Rocks/Rock_3_1.fbx using Guid(d7c1e5f0384510b4b94031ebb3e4a0e6) Importer(815301076,1909f56bfc062723c751e8b465ee728b) D3D11: Failed to create RenderTexture (192 x 192 fmt 19 aa 1), error 0x8007000e
UnityEngine.StackTraceUtility:ExtractStackTrace ()
UnityEditor.PreviewRenderUtility:InitPreview (UnityEngine.Rect)
UnityEditor.PreviewRenderUtility:BeginStaticPreview (UnityEngine.Rect)
UnityEditor.GameObjectInspector:RenderStaticPreview (string,UnityEngine.Object[],int,int)
UnityEditor.AssetPreviewUpdater:CreatePreview (UnityEngine.Object,UnityEngine.Object[],string,int,int)
UnityEditor.AssetPreviewUpdater:CreatePreviewForAsset (UnityEngine.Object,UnityEngine.Object[],string)

[C:\build\output\unity\unity\Runtime\GfxDevice\d3d11\RenderTextureD3D11.cpp line 223]

D3D11: Failed to create RenderTexture (192 x 192 fmt 19 aa 1), error 0x8007000e
UnityEngine.StackTraceUtility:ExtractStackTrace ()
UnityEditor.PreviewRenderUtility:InitPreview (UnityEngine.Rect)
UnityEditor.PreviewRenderUtility:BeginStaticPreview (UnityEngine.Rect)
UnityEditor.GameObjectInspector:RenderStaticPreview (string,UnityEngine.Object[],int,int)
UnityEditor.AssetPreviewUpdater:CreatePreview (UnityEngine.Object,UnityEngine.Object[],string,int,int)
UnityEditor.AssetPreviewUpdater:CreatePreviewForAsset (UnityEngine.Object,UnityEngine.Object[],string)

[C:\build\output\unity\unity\Runtime\GfxDevice\d3d11\RenderTextureD3D11.cpp line 223]


=================================================================
	Native Crash Reporting
=================================================================
Got a UNKNOWN while executing native code. This usually indicates
a fatal error in the mono runtime or one of the native libraries 
used by your application.
=================================================================

=================================================================
	Managed Stacktrace:
=================================================================
	  at <unknown> <0xffffffff>
	  at UnityEngine.Camera:Render <0x00090>
	  at UnityEditor.PreviewRenderUtility:Render <0x0043a>
	  at UnityEditor.MeshPreview:RenderMeshPreviewSkipCameraAndLighting <0x00f52>
	  at UnityEditor.MeshPreview:RenderMeshPreview <0x01262>
	  at UnityEditor.MeshPreview:DoRenderPreview <0x0007a>
	  at UnityEditor.MeshPreview:RenderStaticPreview <0x0014a>
	  at UnityEditor.ModelInspector:RenderStaticPreview <0x00092>
	  at UnityEditor.AssetPreviewUpdater:CreatePreview <0x001d4>
	  at UnityEditor.AssetPreviewUpdater:CreatePreviewForAsset <0x00042>
	  at <Module>:runtime_invoke_object_object_object_object <0x0008f>
=================================================================
Received signal SIGSEGV
Obtained 43 stack frames
0x00007ff74c9e2316 (Unity) 
0x00007ff74c9e15cd (Unity) 
0x00007ff74cb077ae (Unity) 
0x00007ff74cae00ce (Unity) 
0x00007ff74caf6c1d (Unity) 
0x00007ff74caf6dcb (Unity) 
0x00007ff74caed879 (Unity) 
0x00007ff74c2b2edd (Unity) 
0x00000214f1c53541 (Mono JIT Code) (wrapper managed-to-native) UnityEngine.Camera:Render (UnityEngine.Camera)
0x00000214f1c5268b (Mono JIT Code) UnityEditor.PreviewRenderUtility:Render (bool,bool)
0x00000214f1c664d3 (Mono JIT Code) UnityEditor.MeshPreview:RenderMeshPreviewSkipCameraAndLighting (UnityEngine.Mesh,UnityEngine.Bounds,UnityEditor.PreviewRenderUtility,UnityEditor.MeshPreview/Settings,UnityEngine.MaterialPropertyBlock,int)
0x00000214f1c64d43 (Mono JIT Code) UnityEditor.MeshPreview:RenderMeshPreview (UnityEngine.Mesh,UnityEditor.PreviewRenderUtility,UnityEditor.MeshPreview/Settings,int)
0x00000214f1c63a8b (Mono JIT Code) UnityEditor.MeshPreview:DoRenderPreview ()
0x00000214f1c6399b (Mono JIT Code) UnityEditor.MeshPreview:RenderStaticPreview (int,int)
0x00000214f1c637c3 (Mono JIT Code) UnityEditor.ModelInspector:RenderStaticPreview (string,UnityEngine.Object[],int,int)
0x0000021490c68b55 (Mono JIT Code) UnityEditor.AssetPreviewUpdater:CreatePreview (UnityEngine.Object,UnityEngine.Object[],string,int,int)
0x0000021490c686d3 (Mono JIT Code) UnityEditor.AssetPreviewUpdater:CreatePreviewForAsset (UnityEngine.Object,UnityEngine.Object[],string)
0x0000021490c688b0 (Mono JIT Code) (wrapper runtime-invoke) <Module>:runtime_invoke_object_object_object_object (object,intptr,intptr,intptr)
0x00007ff820a94b6e ((<unknown>)) 
0x00007ff8209cd204 ((<unknown>)) 
0x00007ff8209cd37c ((<unknown>)) 
0x00007ff74d0f1654 (Unity) 
0x00007ff74d0cf704 (Unity) 
0x00007ff74e492fdc (Unity) 
0x00007ff74e491dc0 (Unity) 
0x00007ff74e492553 (Unity) 
0x00007ff74e48948f (Unity) 
0x00007ff74e4d3a15 (Unity) 
0x00007ff74e4d29fc (Unity) 
0x00007ff74e4f7858 (Unity) 
0x00007ff74e55f312 (Unity) 
0x00007ff74e59b5d2 (Unity) 
0x00007ff74e58757e (Unity) 
0x00007ff74e5891e4 (Unity) 
0x00007ff74e59997c (Unity) 
0x00007ff74e56db9f (Unity) 
0x00007ff74e538757 (Unity) 
0x00007ff74e5387db (Unity) 
0x00007ff74dd37da3 (Unity) 
0x00007ff74e1c2ba5 (Unity) 
0x00007ff74f5a870e (Unity) 
0x00007ff8cb89257d (KERNEL32) 
0x00007ff8ccbcaa48 (ntdll) 

